ARM GAS  C:\Users\mathi\AppData\Local\Temp\cc7DLvr1.s 			page 1


   1              		.cpu cortex-m4
   2              		.arch armv7e-m
   3              		.fpu fpv4-sp-d16
   4              		.eabi_attribute 27, 1
   5              		.eabi_attribute 28, 1
   6              		.eabi_attribute 20, 1
   7              		.eabi_attribute 21, 1
   8              		.eabi_attribute 23, 3
   9              		.eabi_attribute 24, 1
  10              		.eabi_attribute 25, 1
  11              		.eabi_attribute 26, 1
  12              		.eabi_attribute 30, 1
  13              		.eabi_attribute 34, 1
  14              		.eabi_attribute 18, 4
  15              		.file	"adc.c"
  16              		.text
  17              	.Ltext0:
  18              		.cfi_sections	.debug_frame
  19              		.file 1 "Core/Src/adc.c"
  20              		.section	.text.MX_ADC1_Init,"ax",%progbits
  21              		.align	1
  22              		.global	MX_ADC1_Init
  23              		.syntax unified
  24              		.thumb
  25              		.thumb_func
  27              	MX_ADC1_Init:
  28              	.LFB292:
   1:Core/Src/adc.c **** /* USER CODE BEGIN Header */
   2:Core/Src/adc.c **** /**
   3:Core/Src/adc.c ****   ******************************************************************************
   4:Core/Src/adc.c ****   * @file    adc.c
   5:Core/Src/adc.c ****   * @brief   This file provides code for the configuration
   6:Core/Src/adc.c ****   *          of the ADC instances.
   7:Core/Src/adc.c ****   ******************************************************************************
   8:Core/Src/adc.c ****   * @attention
   9:Core/Src/adc.c ****   *
  10:Core/Src/adc.c ****   * Copyright (c) 2025 STMicroelectronics.
  11:Core/Src/adc.c ****   * All rights reserved.
  12:Core/Src/adc.c ****   *
  13:Core/Src/adc.c ****   * This software is licensed under terms that can be found in the LICENSE file
  14:Core/Src/adc.c ****   * in the root directory of this software component.
  15:Core/Src/adc.c ****   * If no LICENSE file comes with this software, it is provided AS-IS.
  16:Core/Src/adc.c ****   *
  17:Core/Src/adc.c ****   ******************************************************************************
  18:Core/Src/adc.c ****   */
  19:Core/Src/adc.c **** /* USER CODE END Header */
  20:Core/Src/adc.c **** /* Includes ------------------------------------------------------------------*/
  21:Core/Src/adc.c **** #include "adc.h"
  22:Core/Src/adc.c **** 
  23:Core/Src/adc.c **** /* USER CODE BEGIN 0 */
  24:Core/Src/adc.c **** 
  25:Core/Src/adc.c **** /* USER CODE END 0 */
  26:Core/Src/adc.c **** 
  27:Core/Src/adc.c **** ADC_HandleTypeDef hadc1;
  28:Core/Src/adc.c **** 
  29:Core/Src/adc.c **** /* ADC1 init function */
  30:Core/Src/adc.c **** void MX_ADC1_Init(void)
ARM GAS  C:\Users\mathi\AppData\Local\Temp\cc7DLvr1.s 			page 2


  31:Core/Src/adc.c **** {
  29              		.loc 1 31 1 view -0
  30              		.cfi_startproc
  31              		@ args = 0, pretend = 0, frame = 24
  32              		@ frame_needed = 0, uses_anonymous_args = 0
  33 0000 00B5     		push	{lr}
  34              		.cfi_def_cfa_offset 4
  35              		.cfi_offset 14, -4
  36 0002 87B0     		sub	sp, sp, #28
  37              		.cfi_def_cfa_offset 32
  32:Core/Src/adc.c **** 
  33:Core/Src/adc.c ****   /* USER CODE BEGIN ADC1_Init 0 */
  34:Core/Src/adc.c **** 
  35:Core/Src/adc.c ****   /* USER CODE END ADC1_Init 0 */
  36:Core/Src/adc.c **** 
  37:Core/Src/adc.c ****   ADC_ChannelConfTypeDef sConfig = {0};
  38              		.loc 1 37 3 view .LVU1
  39              		.loc 1 37 26 is_stmt 0 view .LVU2
  40 0004 0023     		movs	r3, #0
  41 0006 0093     		str	r3, [sp]
  42 0008 0193     		str	r3, [sp, #4]
  43 000a 0293     		str	r3, [sp, #8]
  44 000c 0393     		str	r3, [sp, #12]
  45 000e 0493     		str	r3, [sp, #16]
  46 0010 0593     		str	r3, [sp, #20]
  38:Core/Src/adc.c **** 
  39:Core/Src/adc.c ****   /* USER CODE BEGIN ADC1_Init 1 */
  40:Core/Src/adc.c **** 
  41:Core/Src/adc.c ****   /* USER CODE END ADC1_Init 1 */
  42:Core/Src/adc.c **** 
  43:Core/Src/adc.c ****   /** Common config
  44:Core/Src/adc.c ****   */
  45:Core/Src/adc.c ****   hadc1.Instance = ADC1;
  47              		.loc 1 45 3 is_stmt 1 view .LVU3
  48              		.loc 1 45 18 is_stmt 0 view .LVU4
  49 0012 1948     		ldr	r0, .L7
  50 0014 194A     		ldr	r2, .L7+4
  51 0016 0260     		str	r2, [r0]
  46:Core/Src/adc.c ****   hadc1.Init.ClockPrescaler = ADC_CLOCK_ASYNC_DIV1;
  52              		.loc 1 46 3 is_stmt 1 view .LVU5
  53              		.loc 1 46 29 is_stmt 0 view .LVU6
  54 0018 4360     		str	r3, [r0, #4]
  47:Core/Src/adc.c ****   hadc1.Init.Resolution = ADC_RESOLUTION_12B;
  55              		.loc 1 47 3 is_stmt 1 view .LVU7
  56              		.loc 1 47 25 is_stmt 0 view .LVU8
  57 001a 8360     		str	r3, [r0, #8]
  48:Core/Src/adc.c ****   hadc1.Init.DataAlign = ADC_DATAALIGN_RIGHT;
  58              		.loc 1 48 3 is_stmt 1 view .LVU9
  59              		.loc 1 48 24 is_stmt 0 view .LVU10
  60 001c C360     		str	r3, [r0, #12]
  49:Core/Src/adc.c ****   hadc1.Init.ScanConvMode = ADC_SCAN_DISABLE;
  61              		.loc 1 49 3 is_stmt 1 view .LVU11
  62              		.loc 1 49 27 is_stmt 0 view .LVU12
  63 001e 0361     		str	r3, [r0, #16]
  50:Core/Src/adc.c ****   hadc1.Init.EOCSelection = ADC_EOC_SINGLE_CONV;
  64              		.loc 1 50 3 is_stmt 1 view .LVU13
  65              		.loc 1 50 27 is_stmt 0 view .LVU14
ARM GAS  C:\Users\mathi\AppData\Local\Temp\cc7DLvr1.s 			page 3


  66 0020 0422     		movs	r2, #4
  67 0022 4261     		str	r2, [r0, #20]
  51:Core/Src/adc.c ****   hadc1.Init.LowPowerAutoWait = DISABLE;
  68              		.loc 1 51 3 is_stmt 1 view .LVU15
  69              		.loc 1 51 31 is_stmt 0 view .LVU16
  70 0024 0376     		strb	r3, [r0, #24]
  52:Core/Src/adc.c ****   hadc1.Init.ContinuousConvMode = DISABLE;
  71              		.loc 1 52 3 is_stmt 1 view .LVU17
  72              		.loc 1 52 33 is_stmt 0 view .LVU18
  73 0026 4376     		strb	r3, [r0, #25]
  53:Core/Src/adc.c ****   hadc1.Init.NbrOfConversion = 1;
  74              		.loc 1 53 3 is_stmt 1 view .LVU19
  75              		.loc 1 53 30 is_stmt 0 view .LVU20
  76 0028 0122     		movs	r2, #1
  77 002a C261     		str	r2, [r0, #28]
  54:Core/Src/adc.c ****   hadc1.Init.DiscontinuousConvMode = DISABLE;
  78              		.loc 1 54 3 is_stmt 1 view .LVU21
  79              		.loc 1 54 36 is_stmt 0 view .LVU22
  80 002c 80F82030 		strb	r3, [r0, #32]
  55:Core/Src/adc.c ****   hadc1.Init.ExternalTrigConv = ADC_SOFTWARE_START;
  81              		.loc 1 55 3 is_stmt 1 view .LVU23
  82              		.loc 1 55 31 is_stmt 0 view .LVU24
  83 0030 8362     		str	r3, [r0, #40]
  56:Core/Src/adc.c ****   hadc1.Init.ExternalTrigConvEdge = ADC_EXTERNALTRIGCONVEDGE_NONE;
  84              		.loc 1 56 3 is_stmt 1 view .LVU25
  85              		.loc 1 56 35 is_stmt 0 view .LVU26
  86 0032 C362     		str	r3, [r0, #44]
  57:Core/Src/adc.c ****   hadc1.Init.DMAContinuousRequests = DISABLE;
  87              		.loc 1 57 3 is_stmt 1 view .LVU27
  88              		.loc 1 57 36 is_stmt 0 view .LVU28
  89 0034 80F83030 		strb	r3, [r0, #48]
  58:Core/Src/adc.c ****   hadc1.Init.Overrun = ADC_OVR_DATA_PRESERVED;
  90              		.loc 1 58 3 is_stmt 1 view .LVU29
  91              		.loc 1 58 22 is_stmt 0 view .LVU30
  92 0038 4363     		str	r3, [r0, #52]
  59:Core/Src/adc.c ****   hadc1.Init.OversamplingMode = DISABLE;
  93              		.loc 1 59 3 is_stmt 1 view .LVU31
  94              		.loc 1 59 31 is_stmt 0 view .LVU32
  95 003a 80F83830 		strb	r3, [r0, #56]
  60:Core/Src/adc.c ****   if (HAL_ADC_Init(&hadc1) != HAL_OK)
  96              		.loc 1 60 3 is_stmt 1 view .LVU33
  97              		.loc 1 60 7 is_stmt 0 view .LVU34
  98 003e FFF7FEFF 		bl	HAL_ADC_Init
  99              	.LVL0:
 100              		.loc 1 60 6 discriminator 1 view .LVU35
 101 0042 90B9     		cbnz	r0, .L5
 102              	.L2:
  61:Core/Src/adc.c ****   {
  62:Core/Src/adc.c ****     Error_Handler();
  63:Core/Src/adc.c ****   }
  64:Core/Src/adc.c **** 
  65:Core/Src/adc.c ****   /** Configure Regular Channel
  66:Core/Src/adc.c ****   */
  67:Core/Src/adc.c ****   sConfig.Channel = ADC_CHANNEL_15;
 103              		.loc 1 67 3 is_stmt 1 view .LVU36
 104              		.loc 1 67 19 is_stmt 0 view .LVU37
 105 0044 0E4B     		ldr	r3, .L7+8
ARM GAS  C:\Users\mathi\AppData\Local\Temp\cc7DLvr1.s 			page 4


 106 0046 0093     		str	r3, [sp]
  68:Core/Src/adc.c ****   sConfig.Rank = ADC_REGULAR_RANK_1;
 107              		.loc 1 68 3 is_stmt 1 view .LVU38
 108              		.loc 1 68 16 is_stmt 0 view .LVU39
 109 0048 0623     		movs	r3, #6
 110 004a 0193     		str	r3, [sp, #4]
  69:Core/Src/adc.c ****   sConfig.SamplingTime = ADC_SAMPLETIME_2CYCLES_5;
 111              		.loc 1 69 3 is_stmt 1 view .LVU40
 112              		.loc 1 69 24 is_stmt 0 view .LVU41
 113 004c 0023     		movs	r3, #0
 114 004e 0293     		str	r3, [sp, #8]
  70:Core/Src/adc.c ****   sConfig.SingleDiff = ADC_SINGLE_ENDED;
 115              		.loc 1 70 3 is_stmt 1 view .LVU42
 116              		.loc 1 70 22 is_stmt 0 view .LVU43
 117 0050 7F22     		movs	r2, #127
 118 0052 0392     		str	r2, [sp, #12]
  71:Core/Src/adc.c ****   sConfig.OffsetNumber = ADC_OFFSET_NONE;
 119              		.loc 1 71 3 is_stmt 1 view .LVU44
 120              		.loc 1 71 24 is_stmt 0 view .LVU45
 121 0054 0422     		movs	r2, #4
 122 0056 0492     		str	r2, [sp, #16]
  72:Core/Src/adc.c ****   sConfig.Offset = 0;
 123              		.loc 1 72 3 is_stmt 1 view .LVU46
 124              		.loc 1 72 18 is_stmt 0 view .LVU47
 125 0058 0593     		str	r3, [sp, #20]
  73:Core/Src/adc.c ****   if (HAL_ADC_ConfigChannel(&hadc1, &sConfig) != HAL_OK)
 126              		.loc 1 73 3 is_stmt 1 view .LVU48
 127              		.loc 1 73 7 is_stmt 0 view .LVU49
 128 005a 6946     		mov	r1, sp
 129 005c 0648     		ldr	r0, .L7
 130 005e FFF7FEFF 		bl	HAL_ADC_ConfigChannel
 131              	.LVL1:
 132              		.loc 1 73 6 discriminator 1 view .LVU50
 133 0062 28B9     		cbnz	r0, .L6
 134              	.L1:
  74:Core/Src/adc.c ****   {
  75:Core/Src/adc.c ****     Error_Handler();
  76:Core/Src/adc.c ****   }
  77:Core/Src/adc.c ****   /* USER CODE BEGIN ADC1_Init 2 */
  78:Core/Src/adc.c **** 
  79:Core/Src/adc.c ****   /* USER CODE END ADC1_Init 2 */
  80:Core/Src/adc.c **** 
  81:Core/Src/adc.c **** }
 135              		.loc 1 81 1 view .LVU51
 136 0064 07B0     		add	sp, sp, #28
 137              		.cfi_remember_state
 138              		.cfi_def_cfa_offset 4
 139              		@ sp needed
 140 0066 5DF804FB 		ldr	pc, [sp], #4
 141              	.L5:
 142              		.cfi_restore_state
  62:Core/Src/adc.c ****   }
 143              		.loc 1 62 5 is_stmt 1 view .LVU52
 144 006a FFF7FEFF 		bl	Error_Handler
 145              	.LVL2:
 146 006e E9E7     		b	.L2
 147              	.L6:
ARM GAS  C:\Users\mathi\AppData\Local\Temp\cc7DLvr1.s 			page 5


  75:Core/Src/adc.c ****   }
 148              		.loc 1 75 5 view .LVU53
 149 0070 FFF7FEFF 		bl	Error_Handler
 150              	.LVL3:
 151              		.loc 1 81 1 is_stmt 0 view .LVU54
 152 0074 F6E7     		b	.L1
 153              	.L8:
 154 0076 00BF     		.align	2
 155              	.L7:
 156 0078 00000000 		.word	hadc1
 157 007c 00000450 		.word	1342439424
 158 0080 0080F03E 		.word	1055948800
 159              		.cfi_endproc
 160              	.LFE292:
 162              		.section	.text.HAL_ADC_MspInit,"ax",%progbits
 163              		.align	1
 164              		.global	HAL_ADC_MspInit
 165              		.syntax unified
 166              		.thumb
 167              		.thumb_func
 169              	HAL_ADC_MspInit:
 170              	.LVL4:
 171              	.LFB293:
  82:Core/Src/adc.c **** 
  83:Core/Src/adc.c **** void HAL_ADC_MspInit(ADC_HandleTypeDef* adcHandle)
  84:Core/Src/adc.c **** {
 172              		.loc 1 84 1 is_stmt 1 view -0
 173              		.cfi_startproc
 174              		@ args = 0, pretend = 0, frame = 136
 175              		@ frame_needed = 0, uses_anonymous_args = 0
 176              		.loc 1 84 1 is_stmt 0 view .LVU56
 177 0000 10B5     		push	{r4, lr}
 178              		.cfi_def_cfa_offset 8
 179              		.cfi_offset 4, -8
 180              		.cfi_offset 14, -4
 181 0002 A2B0     		sub	sp, sp, #136
 182              		.cfi_def_cfa_offset 144
 183 0004 0446     		mov	r4, r0
  85:Core/Src/adc.c **** 
  86:Core/Src/adc.c ****   GPIO_InitTypeDef GPIO_InitStruct = {0};
 184              		.loc 1 86 3 is_stmt 1 view .LVU57
 185              		.loc 1 86 20 is_stmt 0 view .LVU58
 186 0006 0021     		movs	r1, #0
 187 0008 1D91     		str	r1, [sp, #116]
 188 000a 1E91     		str	r1, [sp, #120]
 189 000c 1F91     		str	r1, [sp, #124]
 190 000e 2091     		str	r1, [sp, #128]
 191 0010 2191     		str	r1, [sp, #132]
  87:Core/Src/adc.c ****   RCC_PeriphCLKInitTypeDef PeriphClkInit = {0};
 192              		.loc 1 87 3 is_stmt 1 view .LVU59
 193              		.loc 1 87 28 is_stmt 0 view .LVU60
 194 0012 6822     		movs	r2, #104
 195 0014 03A8     		add	r0, sp, #12
 196              	.LVL5:
 197              		.loc 1 87 28 view .LVU61
 198 0016 FFF7FEFF 		bl	memset
 199              	.LVL6:
ARM GAS  C:\Users\mathi\AppData\Local\Temp\cc7DLvr1.s 			page 6


  88:Core/Src/adc.c ****   if(adcHandle->Instance==ADC1)
 200              		.loc 1 88 3 is_stmt 1 view .LVU62
 201              		.loc 1 88 15 is_stmt 0 view .LVU63
 202 001a 2268     		ldr	r2, [r4]
 203              		.loc 1 88 5 view .LVU64
 204 001c 1E4B     		ldr	r3, .L15
 205 001e 9A42     		cmp	r2, r3
 206 0020 01D0     		beq	.L13
 207              	.L9:
  89:Core/Src/adc.c ****   {
  90:Core/Src/adc.c ****   /* USER CODE BEGIN ADC1_MspInit 0 */
  91:Core/Src/adc.c **** 
  92:Core/Src/adc.c ****   /* USER CODE END ADC1_MspInit 0 */
  93:Core/Src/adc.c **** 
  94:Core/Src/adc.c ****   /** Initializes the peripherals clock
  95:Core/Src/adc.c ****   */
  96:Core/Src/adc.c ****     PeriphClkInit.PeriphClockSelection = RCC_PERIPHCLK_ADC;
  97:Core/Src/adc.c ****     PeriphClkInit.AdcClockSelection = RCC_ADCCLKSOURCE_PLLSAI1;
  98:Core/Src/adc.c ****     PeriphClkInit.PLLSAI1.PLLSAI1Source = RCC_PLLSOURCE_HSI;
  99:Core/Src/adc.c ****     PeriphClkInit.PLLSAI1.PLLSAI1M = 1;
 100:Core/Src/adc.c ****     PeriphClkInit.PLLSAI1.PLLSAI1N = 8;
 101:Core/Src/adc.c ****     PeriphClkInit.PLLSAI1.PLLSAI1P = RCC_PLLP_DIV7;
 102:Core/Src/adc.c ****     PeriphClkInit.PLLSAI1.PLLSAI1Q = RCC_PLLQ_DIV2;
 103:Core/Src/adc.c ****     PeriphClkInit.PLLSAI1.PLLSAI1R = RCC_PLLR_DIV2;
 104:Core/Src/adc.c ****     PeriphClkInit.PLLSAI1.PLLSAI1ClockOut = RCC_PLLSAI1_ADC1CLK;
 105:Core/Src/adc.c ****     if (HAL_RCCEx_PeriphCLKConfig(&PeriphClkInit) != HAL_OK)
 106:Core/Src/adc.c ****     {
 107:Core/Src/adc.c ****       Error_Handler();
 108:Core/Src/adc.c ****     }
 109:Core/Src/adc.c **** 
 110:Core/Src/adc.c ****     /* ADC1 clock enable */
 111:Core/Src/adc.c ****     __HAL_RCC_ADC_CLK_ENABLE();
 112:Core/Src/adc.c **** 
 113:Core/Src/adc.c ****     __HAL_RCC_GPIOB_CLK_ENABLE();
 114:Core/Src/adc.c ****     /**ADC1 GPIO Configuration
 115:Core/Src/adc.c ****     PB0     ------> ADC1_IN15
 116:Core/Src/adc.c ****     */
 117:Core/Src/adc.c ****     GPIO_InitStruct.Pin = BAT_Voltage_Pin;
 118:Core/Src/adc.c ****     GPIO_InitStruct.Mode = GPIO_MODE_ANALOG_ADC_CONTROL;
 119:Core/Src/adc.c ****     GPIO_InitStruct.Pull = GPIO_NOPULL;
 120:Core/Src/adc.c ****     HAL_GPIO_Init(BAT_Voltage_GPIO_Port, &GPIO_InitStruct);
 121:Core/Src/adc.c **** 
 122:Core/Src/adc.c ****   /* USER CODE BEGIN ADC1_MspInit 1 */
 123:Core/Src/adc.c **** 
 124:Core/Src/adc.c ****   /* USER CODE END ADC1_MspInit 1 */
 125:Core/Src/adc.c ****   }
 126:Core/Src/adc.c **** }
 208              		.loc 1 126 1 view .LVU65
 209 0022 22B0     		add	sp, sp, #136
 210              		.cfi_remember_state
 211              		.cfi_def_cfa_offset 8
 212              		@ sp needed
 213 0024 10BD     		pop	{r4, pc}
 214              	.LVL7:
 215              	.L13:
 216              		.cfi_restore_state
  96:Core/Src/adc.c ****     PeriphClkInit.AdcClockSelection = RCC_ADCCLKSOURCE_PLLSAI1;
ARM GAS  C:\Users\mathi\AppData\Local\Temp\cc7DLvr1.s 			page 7


 217              		.loc 1 96 5 is_stmt 1 view .LVU66
  96:Core/Src/adc.c ****     PeriphClkInit.AdcClockSelection = RCC_ADCCLKSOURCE_PLLSAI1;
 218              		.loc 1 96 40 is_stmt 0 view .LVU67
 219 0026 4FF48043 		mov	r3, #16384
 220 002a 0393     		str	r3, [sp, #12]
  97:Core/Src/adc.c ****     PeriphClkInit.PLLSAI1.PLLSAI1Source = RCC_PLLSOURCE_HSI;
 221              		.loc 1 97 5 is_stmt 1 view .LVU68
  97:Core/Src/adc.c ****     PeriphClkInit.PLLSAI1.PLLSAI1Source = RCC_PLLSOURCE_HSI;
 222              		.loc 1 97 37 is_stmt 0 view .LVU69
 223 002c 4FF08053 		mov	r3, #268435456
 224 0030 1A93     		str	r3, [sp, #104]
  98:Core/Src/adc.c ****     PeriphClkInit.PLLSAI1.PLLSAI1M = 1;
 225              		.loc 1 98 5 is_stmt 1 view .LVU70
  98:Core/Src/adc.c ****     PeriphClkInit.PLLSAI1.PLLSAI1M = 1;
 226              		.loc 1 98 41 is_stmt 0 view .LVU71
 227 0032 0223     		movs	r3, #2
 228 0034 0493     		str	r3, [sp, #16]
  99:Core/Src/adc.c ****     PeriphClkInit.PLLSAI1.PLLSAI1N = 8;
 229              		.loc 1 99 5 is_stmt 1 view .LVU72
  99:Core/Src/adc.c ****     PeriphClkInit.PLLSAI1.PLLSAI1N = 8;
 230              		.loc 1 99 36 is_stmt 0 view .LVU73
 231 0036 0122     		movs	r2, #1
 232 0038 0592     		str	r2, [sp, #20]
 100:Core/Src/adc.c ****     PeriphClkInit.PLLSAI1.PLLSAI1P = RCC_PLLP_DIV7;
 233              		.loc 1 100 5 is_stmt 1 view .LVU74
 100:Core/Src/adc.c ****     PeriphClkInit.PLLSAI1.PLLSAI1P = RCC_PLLP_DIV7;
 234              		.loc 1 100 36 is_stmt 0 view .LVU75
 235 003a 0822     		movs	r2, #8
 236 003c 0692     		str	r2, [sp, #24]
 101:Core/Src/adc.c ****     PeriphClkInit.PLLSAI1.PLLSAI1Q = RCC_PLLQ_DIV2;
 237              		.loc 1 101 5 is_stmt 1 view .LVU76
 101:Core/Src/adc.c ****     PeriphClkInit.PLLSAI1.PLLSAI1Q = RCC_PLLQ_DIV2;
 238              		.loc 1 101 36 is_stmt 0 view .LVU77
 239 003e 0722     		movs	r2, #7
 240 0040 0792     		str	r2, [sp, #28]
 102:Core/Src/adc.c ****     PeriphClkInit.PLLSAI1.PLLSAI1R = RCC_PLLR_DIV2;
 241              		.loc 1 102 5 is_stmt 1 view .LVU78
 102:Core/Src/adc.c ****     PeriphClkInit.PLLSAI1.PLLSAI1R = RCC_PLLR_DIV2;
 242              		.loc 1 102 36 is_stmt 0 view .LVU79
 243 0042 0893     		str	r3, [sp, #32]
 103:Core/Src/adc.c ****     PeriphClkInit.PLLSAI1.PLLSAI1ClockOut = RCC_PLLSAI1_ADC1CLK;
 244              		.loc 1 103 5 is_stmt 1 view .LVU80
 103:Core/Src/adc.c ****     PeriphClkInit.PLLSAI1.PLLSAI1ClockOut = RCC_PLLSAI1_ADC1CLK;
 245              		.loc 1 103 36 is_stmt 0 view .LVU81
 246 0044 0993     		str	r3, [sp, #36]
 104:Core/Src/adc.c ****     if (HAL_RCCEx_PeriphCLKConfig(&PeriphClkInit) != HAL_OK)
 247              		.loc 1 104 5 is_stmt 1 view .LVU82
 104:Core/Src/adc.c ****     if (HAL_RCCEx_PeriphCLKConfig(&PeriphClkInit) != HAL_OK)
 248              		.loc 1 104 43 is_stmt 0 view .LVU83
 249 0046 4FF08073 		mov	r3, #16777216
 250 004a 0A93     		str	r3, [sp, #40]
 105:Core/Src/adc.c ****     {
 251              		.loc 1 105 5 is_stmt 1 view .LVU84
 105:Core/Src/adc.c ****     {
 252              		.loc 1 105 9 is_stmt 0 view .LVU85
 253 004c 03A8     		add	r0, sp, #12
 254 004e FFF7FEFF 		bl	HAL_RCCEx_PeriphCLKConfig
ARM GAS  C:\Users\mathi\AppData\Local\Temp\cc7DLvr1.s 			page 8


 255              	.LVL8:
 105:Core/Src/adc.c ****     {
 256              		.loc 1 105 8 discriminator 1 view .LVU86
 257 0052 E8B9     		cbnz	r0, .L14
 258              	.L11:
 111:Core/Src/adc.c **** 
 259              		.loc 1 111 5 is_stmt 1 view .LVU87
 260              	.LBB2:
 111:Core/Src/adc.c **** 
 261              		.loc 1 111 5 view .LVU88
 111:Core/Src/adc.c **** 
 262              		.loc 1 111 5 view .LVU89
 263 0054 114B     		ldr	r3, .L15+4
 264 0056 DA6C     		ldr	r2, [r3, #76]
 265 0058 42F40052 		orr	r2, r2, #8192
 266 005c DA64     		str	r2, [r3, #76]
 111:Core/Src/adc.c **** 
 267              		.loc 1 111 5 view .LVU90
 268 005e DA6C     		ldr	r2, [r3, #76]
 269 0060 02F40052 		and	r2, r2, #8192
 270 0064 0192     		str	r2, [sp, #4]
 111:Core/Src/adc.c **** 
 271              		.loc 1 111 5 view .LVU91
 272 0066 019A     		ldr	r2, [sp, #4]
 273              	.LBE2:
 111:Core/Src/adc.c **** 
 274              		.loc 1 111 5 view .LVU92
 113:Core/Src/adc.c ****     /**ADC1 GPIO Configuration
 275              		.loc 1 113 5 view .LVU93
 276              	.LBB3:
 113:Core/Src/adc.c ****     /**ADC1 GPIO Configuration
 277              		.loc 1 113 5 view .LVU94
 113:Core/Src/adc.c ****     /**ADC1 GPIO Configuration
 278              		.loc 1 113 5 view .LVU95
 279 0068 DA6C     		ldr	r2, [r3, #76]
 280 006a 42F00202 		orr	r2, r2, #2
 281 006e DA64     		str	r2, [r3, #76]
 113:Core/Src/adc.c ****     /**ADC1 GPIO Configuration
 282              		.loc 1 113 5 view .LVU96
 283 0070 DB6C     		ldr	r3, [r3, #76]
 284 0072 03F00203 		and	r3, r3, #2
 285 0076 0293     		str	r3, [sp, #8]
 113:Core/Src/adc.c ****     /**ADC1 GPIO Configuration
 286              		.loc 1 113 5 view .LVU97
 287 0078 029B     		ldr	r3, [sp, #8]
 288              	.LBE3:
 113:Core/Src/adc.c ****     /**ADC1 GPIO Configuration
 289              		.loc 1 113 5 view .LVU98
 117:Core/Src/adc.c ****     GPIO_InitStruct.Mode = GPIO_MODE_ANALOG_ADC_CONTROL;
 290              		.loc 1 117 5 view .LVU99
 117:Core/Src/adc.c ****     GPIO_InitStruct.Mode = GPIO_MODE_ANALOG_ADC_CONTROL;
 291              		.loc 1 117 25 is_stmt 0 view .LVU100
 292 007a 0123     		movs	r3, #1
 293 007c 1D93     		str	r3, [sp, #116]
 118:Core/Src/adc.c ****     GPIO_InitStruct.Pull = GPIO_NOPULL;
 294              		.loc 1 118 5 is_stmt 1 view .LVU101
 118:Core/Src/adc.c ****     GPIO_InitStruct.Pull = GPIO_NOPULL;
ARM GAS  C:\Users\mathi\AppData\Local\Temp\cc7DLvr1.s 			page 9


 295              		.loc 1 118 26 is_stmt 0 view .LVU102
 296 007e 0B23     		movs	r3, #11
 297 0080 1E93     		str	r3, [sp, #120]
 119:Core/Src/adc.c ****     HAL_GPIO_Init(BAT_Voltage_GPIO_Port, &GPIO_InitStruct);
 298              		.loc 1 119 5 is_stmt 1 view .LVU103
 119:Core/Src/adc.c ****     HAL_GPIO_Init(BAT_Voltage_GPIO_Port, &GPIO_InitStruct);
 299              		.loc 1 119 26 is_stmt 0 view .LVU104
 300 0082 0023     		movs	r3, #0
 301 0084 1F93     		str	r3, [sp, #124]
 120:Core/Src/adc.c **** 
 302              		.loc 1 120 5 is_stmt 1 view .LVU105
 303 0086 1DA9     		add	r1, sp, #116
 304 0088 0548     		ldr	r0, .L15+8
 305 008a FFF7FEFF 		bl	HAL_GPIO_Init
 306              	.LVL9:
 307              		.loc 1 126 1 is_stmt 0 view .LVU106
 308 008e C8E7     		b	.L9
 309              	.L14:
 107:Core/Src/adc.c ****     }
 310              		.loc 1 107 7 is_stmt 1 view .LVU107
 311 0090 FFF7FEFF 		bl	Error_Handler
 312              	.LVL10:
 313 0094 DEE7     		b	.L11
 314              	.L16:
 315 0096 00BF     		.align	2
 316              	.L15:
 317 0098 00000450 		.word	1342439424
 318 009c 00100240 		.word	1073876992
 319 00a0 00040048 		.word	1207960576
 320              		.cfi_endproc
 321              	.LFE293:
 323              		.section	.text.HAL_ADC_MspDeInit,"ax",%progbits
 324              		.align	1
 325              		.global	HAL_ADC_MspDeInit
 326              		.syntax unified
 327              		.thumb
 328              		.thumb_func
 330              	HAL_ADC_MspDeInit:
 331              	.LVL11:
 332              	.LFB294:
 127:Core/Src/adc.c **** 
 128:Core/Src/adc.c **** void HAL_ADC_MspDeInit(ADC_HandleTypeDef* adcHandle)
 129:Core/Src/adc.c **** {
 333              		.loc 1 129 1 view -0
 334              		.cfi_startproc
 335              		@ args = 0, pretend = 0, frame = 0
 336              		@ frame_needed = 0, uses_anonymous_args = 0
 337              		.loc 1 129 1 is_stmt 0 view .LVU109
 338 0000 08B5     		push	{r3, lr}
 339              		.cfi_def_cfa_offset 8
 340              		.cfi_offset 3, -8
 341              		.cfi_offset 14, -4
 130:Core/Src/adc.c **** 
 131:Core/Src/adc.c ****   if(adcHandle->Instance==ADC1)
 342              		.loc 1 131 3 is_stmt 1 view .LVU110
 343              		.loc 1 131 15 is_stmt 0 view .LVU111
 344 0002 0268     		ldr	r2, [r0]
ARM GAS  C:\Users\mathi\AppData\Local\Temp\cc7DLvr1.s 			page 10


 345              		.loc 1 131 5 view .LVU112
 346 0004 064B     		ldr	r3, .L21
 347 0006 9A42     		cmp	r2, r3
 348 0008 00D0     		beq	.L20
 349              	.LVL12:
 350              	.L17:
 132:Core/Src/adc.c ****   {
 133:Core/Src/adc.c ****   /* USER CODE BEGIN ADC1_MspDeInit 0 */
 134:Core/Src/adc.c **** 
 135:Core/Src/adc.c ****   /* USER CODE END ADC1_MspDeInit 0 */
 136:Core/Src/adc.c ****     /* Peripheral clock disable */
 137:Core/Src/adc.c ****     __HAL_RCC_ADC_CLK_DISABLE();
 138:Core/Src/adc.c **** 
 139:Core/Src/adc.c ****     /**ADC1 GPIO Configuration
 140:Core/Src/adc.c ****     PB0     ------> ADC1_IN15
 141:Core/Src/adc.c ****     */
 142:Core/Src/adc.c ****     HAL_GPIO_DeInit(BAT_Voltage_GPIO_Port, BAT_Voltage_Pin);
 143:Core/Src/adc.c **** 
 144:Core/Src/adc.c ****   /* USER CODE BEGIN ADC1_MspDeInit 1 */
 145:Core/Src/adc.c **** 
 146:Core/Src/adc.c ****   /* USER CODE END ADC1_MspDeInit 1 */
 147:Core/Src/adc.c ****   }
 148:Core/Src/adc.c **** }
 351              		.loc 1 148 1 view .LVU113
 352 000a 08BD     		pop	{r3, pc}
 353              	.LVL13:
 354              	.L20:
 137:Core/Src/adc.c **** 
 355              		.loc 1 137 5 is_stmt 1 view .LVU114
 356 000c 054A     		ldr	r2, .L21+4
 357 000e D36C     		ldr	r3, [r2, #76]
 358 0010 23F40053 		bic	r3, r3, #8192
 359 0014 D364     		str	r3, [r2, #76]
 142:Core/Src/adc.c **** 
 360              		.loc 1 142 5 view .LVU115
 361 0016 0121     		movs	r1, #1
 362 0018 0348     		ldr	r0, .L21+8
 363              	.LVL14:
 142:Core/Src/adc.c **** 
 364              		.loc 1 142 5 is_stmt 0 view .LVU116
 365 001a FFF7FEFF 		bl	HAL_GPIO_DeInit
 366              	.LVL15:
 367              		.loc 1 148 1 view .LVU117
 368 001e F4E7     		b	.L17
 369              	.L22:
 370              		.align	2
 371              	.L21:
 372 0020 00000450 		.word	1342439424
 373 0024 00100240 		.word	1073876992
 374 0028 00040048 		.word	1207960576
 375              		.cfi_endproc
 376              	.LFE294:
 378              		.global	hadc1
 379              		.section	.bss.hadc1,"aw",%nobits
 380              		.align	2
 383              	hadc1:
 384 0000 00000000 		.space	104
ARM GAS  C:\Users\mathi\AppData\Local\Temp\cc7DLvr1.s 			page 11


 384      00000000 
 384      00000000 
 384      00000000 
 384      00000000 
 385              		.text
 386              	.Letext0:
 387              		.file 2 "C:/Users/mathi/AppData/Roaming/Code/User/globalStorage/bmd.stm32-for-vscode/@xpack-dev-to
 388              		.file 3 "C:/Users/mathi/AppData/Roaming/Code/User/globalStorage/bmd.stm32-for-vscode/@xpack-dev-to
 389              		.file 4 "Drivers/CMSIS/Device/ST/STM32L4xx/Include/stm32l452xx.h"
 390              		.file 5 "Drivers/CMSIS/Device/ST/STM32L4xx/Include/stm32l4xx.h"
 391              		.file 6 "Drivers/STM32L4xx_HAL_Driver/Inc/stm32l4xx_hal_def.h"
 392              		.file 7 "Drivers/STM32L4xx_HAL_Driver/Inc/stm32l4xx_hal_rcc_ex.h"
 393              		.file 8 "Drivers/STM32L4xx_HAL_Driver/Inc/stm32l4xx_hal_gpio.h"
 394              		.file 9 "Drivers/STM32L4xx_HAL_Driver/Inc/stm32l4xx_hal_dma.h"
 395              		.file 10 "Drivers/STM32L4xx_HAL_Driver/Inc/stm32l4xx_hal_adc.h"
 396              		.file 11 "Core/Inc/adc.h"
 397              		.file 12 "Core/Inc/main.h"
 398              		.file 13 "<built-in>"
ARM GAS  C:\Users\mathi\AppData\Local\Temp\cc7DLvr1.s 			page 12


DEFINED SYMBOLS
                            *ABS*:00000000 adc.c
C:\Users\mathi\AppData\Local\Temp\cc7DLvr1.s:21     .text.MX_ADC1_Init:00000000 $t
C:\Users\mathi\AppData\Local\Temp\cc7DLvr1.s:27     .text.MX_ADC1_Init:00000000 MX_ADC1_Init
C:\Users\mathi\AppData\Local\Temp\cc7DLvr1.s:156    .text.MX_ADC1_Init:00000078 $d
C:\Users\mathi\AppData\Local\Temp\cc7DLvr1.s:383    .bss.hadc1:00000000 hadc1
C:\Users\mathi\AppData\Local\Temp\cc7DLvr1.s:163    .text.HAL_ADC_MspInit:00000000 $t
C:\Users\mathi\AppData\Local\Temp\cc7DLvr1.s:169    .text.HAL_ADC_MspInit:00000000 HAL_ADC_MspInit
C:\Users\mathi\AppData\Local\Temp\cc7DLvr1.s:317    .text.HAL_ADC_MspInit:00000098 $d
C:\Users\mathi\AppData\Local\Temp\cc7DLvr1.s:324    .text.HAL_ADC_MspDeInit:00000000 $t
C:\Users\mathi\AppData\Local\Temp\cc7DLvr1.s:330    .text.HAL_ADC_MspDeInit:00000000 HAL_ADC_MspDeInit
C:\Users\mathi\AppData\Local\Temp\cc7DLvr1.s:372    .text.HAL_ADC_MspDeInit:00000020 $d
C:\Users\mathi\AppData\Local\Temp\cc7DLvr1.s:380    .bss.hadc1:00000000 $d

UNDEFINED SYMBOLS
HAL_ADC_Init
HAL_ADC_ConfigChannel
Error_Handler
memset
HAL_RCCEx_PeriphCLKConfig
HAL_GPIO_Init
HAL_GPIO_DeInit
