ARM GAS  C:\Users\mathi\AppData\Local\Temp\ccCZpFc3.s 			page 1


   1              		.cpu cortex-m4
   2              		.arch armv7e-m
   3              		.fpu fpv4-sp-d16
   4              		.eabi_attribute 27, 1
   5              		.eabi_attribute 28, 1
   6              		.eabi_attribute 20, 1
   7              		.eabi_attribute 21, 1
   8              		.eabi_attribute 23, 3
   9              		.eabi_attribute 24, 1
  10              		.eabi_attribute 25, 1
  11              		.eabi_attribute 26, 1
  12              		.eabi_attribute 30, 1
  13              		.eabi_attribute 34, 1
  14              		.eabi_attribute 18, 4
  15              		.file	"dma_transport.c"
  16              		.text
  17              	.Ltext0:
  18              		.cfi_sections	.debug_frame
  19              		.file 1 "micro_ros_stm32cubemx_utils/extra_sources/microros_transports/dma_transport.c"
  20              		.section	.text.cubemx_transport_open,"ax",%progbits
  21              		.align	1
  22              		.global	cubemx_transport_open
  23              		.syntax unified
  24              		.thumb
  25              		.thumb_func
  27              	cubemx_transport_open:
  28              	.LVL0:
  29              	.LFB299:
   1:micro_ros_stm32cubemx_utils/extra_sources/microros_transports/dma_transport.c **** #include <uxr/client/transport.h>
   2:micro_ros_stm32cubemx_utils/extra_sources/microros_transports/dma_transport.c **** 
   3:micro_ros_stm32cubemx_utils/extra_sources/microros_transports/dma_transport.c **** #include <rmw_microxrcedds_c/config.h>
   4:micro_ros_stm32cubemx_utils/extra_sources/microros_transports/dma_transport.c **** 
   5:micro_ros_stm32cubemx_utils/extra_sources/microros_transports/dma_transport.c **** #include "main.h"
   6:micro_ros_stm32cubemx_utils/extra_sources/microros_transports/dma_transport.c **** #include "cmsis_os.h"
   7:micro_ros_stm32cubemx_utils/extra_sources/microros_transports/dma_transport.c **** 
   8:micro_ros_stm32cubemx_utils/extra_sources/microros_transports/dma_transport.c **** #include <unistd.h>
   9:micro_ros_stm32cubemx_utils/extra_sources/microros_transports/dma_transport.c **** #include <stdio.h>
  10:micro_ros_stm32cubemx_utils/extra_sources/microros_transports/dma_transport.c **** #include <string.h>
  11:micro_ros_stm32cubemx_utils/extra_sources/microros_transports/dma_transport.c **** #include <stdbool.h>
  12:micro_ros_stm32cubemx_utils/extra_sources/microros_transports/dma_transport.c **** 
  13:micro_ros_stm32cubemx_utils/extra_sources/microros_transports/dma_transport.c **** #ifdef RMW_UXRCE_TRANSPORT_CUSTOM
  14:micro_ros_stm32cubemx_utils/extra_sources/microros_transports/dma_transport.c **** 
  15:micro_ros_stm32cubemx_utils/extra_sources/microros_transports/dma_transport.c **** // --- micro-ROS Transports ---
  16:micro_ros_stm32cubemx_utils/extra_sources/microros_transports/dma_transport.c **** #define UART_DMA_BUFFER_SIZE 2048
  17:micro_ros_stm32cubemx_utils/extra_sources/microros_transports/dma_transport.c **** 
  18:micro_ros_stm32cubemx_utils/extra_sources/microros_transports/dma_transport.c **** static uint8_t dma_buffer[UART_DMA_BUFFER_SIZE];
  19:micro_ros_stm32cubemx_utils/extra_sources/microros_transports/dma_transport.c **** static size_t dma_head = 0, dma_tail = 0;
  20:micro_ros_stm32cubemx_utils/extra_sources/microros_transports/dma_transport.c **** 
  21:micro_ros_stm32cubemx_utils/extra_sources/microros_transports/dma_transport.c **** bool cubemx_transport_open(struct uxrCustomTransport * transport){
  30              		.loc 1 21 66 view -0
  31              		.cfi_startproc
  32              		@ args = 0, pretend = 0, frame = 0
  33              		@ frame_needed = 0, uses_anonymous_args = 0
  34              		.loc 1 21 66 is_stmt 0 view .LVU1
  35 0000 08B5     		push	{r3, lr}
  36              		.cfi_def_cfa_offset 8
  37              		.cfi_offset 3, -8
ARM GAS  C:\Users\mathi\AppData\Local\Temp\ccCZpFc3.s 			page 2


  38              		.cfi_offset 14, -4
  22:micro_ros_stm32cubemx_utils/extra_sources/microros_transports/dma_transport.c ****     UART_HandleTypeDef * uart = (UART_HandleTypeDef*) transport->args;
  39              		.loc 1 22 5 is_stmt 1 view .LVU2
  40              	.LVL1:
  23:micro_ros_stm32cubemx_utils/extra_sources/microros_transports/dma_transport.c ****     HAL_UART_Receive_DMA(uart, dma_buffer, UART_DMA_BUFFER_SIZE);
  41              		.loc 1 23 5 view .LVU3
  42 0002 4FF40062 		mov	r2, #2048
  43 0006 0349     		ldr	r1, .L3
  44 0008 D0F88C02 		ldr	r0, [r0, #652]
  45              	.LVL2:
  46              		.loc 1 23 5 is_stmt 0 view .LVU4
  47 000c FFF7FEFF 		bl	HAL_UART_Receive_DMA
  48              	.LVL3:
  24:micro_ros_stm32cubemx_utils/extra_sources/microros_transports/dma_transport.c ****     return true;
  49              		.loc 1 24 5 is_stmt 1 view .LVU5
  25:micro_ros_stm32cubemx_utils/extra_sources/microros_transports/dma_transport.c **** }
  50              		.loc 1 25 1 is_stmt 0 view .LVU6
  51 0010 0120     		movs	r0, #1
  52 0012 08BD     		pop	{r3, pc}
  53              	.L4:
  54              		.align	2
  55              	.L3:
  56 0014 00000000 		.word	dma_buffer
  57              		.cfi_endproc
  58              	.LFE299:
  60              		.section	.text.cubemx_transport_close,"ax",%progbits
  61              		.align	1
  62              		.global	cubemx_transport_close
  63              		.syntax unified
  64              		.thumb
  65              		.thumb_func
  67              	cubemx_transport_close:
  68              	.LVL4:
  69              	.LFB300:
  26:micro_ros_stm32cubemx_utils/extra_sources/microros_transports/dma_transport.c **** 
  27:micro_ros_stm32cubemx_utils/extra_sources/microros_transports/dma_transport.c **** bool cubemx_transport_close(struct uxrCustomTransport * transport){
  70              		.loc 1 27 67 is_stmt 1 view -0
  71              		.cfi_startproc
  72              		@ args = 0, pretend = 0, frame = 0
  73              		@ frame_needed = 0, uses_anonymous_args = 0
  74              		.loc 1 27 67 is_stmt 0 view .LVU8
  75 0000 08B5     		push	{r3, lr}
  76              		.cfi_def_cfa_offset 8
  77              		.cfi_offset 3, -8
  78              		.cfi_offset 14, -4
  28:micro_ros_stm32cubemx_utils/extra_sources/microros_transports/dma_transport.c ****     UART_HandleTypeDef * uart = (UART_HandleTypeDef*) transport->args;
  79              		.loc 1 28 5 is_stmt 1 view .LVU9
  80              	.LVL5:
  29:micro_ros_stm32cubemx_utils/extra_sources/microros_transports/dma_transport.c ****     HAL_UART_DMAStop(uart);
  81              		.loc 1 29 5 view .LVU10
  82 0002 D0F88C02 		ldr	r0, [r0, #652]
  83              	.LVL6:
  84              		.loc 1 29 5 is_stmt 0 view .LVU11
  85 0006 FFF7FEFF 		bl	HAL_UART_DMAStop
  86              	.LVL7:
  30:micro_ros_stm32cubemx_utils/extra_sources/microros_transports/dma_transport.c ****     return true;
  87              		.loc 1 30 5 is_stmt 1 view .LVU12
ARM GAS  C:\Users\mathi\AppData\Local\Temp\ccCZpFc3.s 			page 3


  31:micro_ros_stm32cubemx_utils/extra_sources/microros_transports/dma_transport.c **** }
  88              		.loc 1 31 1 is_stmt 0 view .LVU13
  89 000a 0120     		movs	r0, #1
  90 000c 08BD     		pop	{r3, pc}
  91              		.cfi_endproc
  92              	.LFE300:
  94              		.section	.text.cubemx_transport_write,"ax",%progbits
  95              		.align	1
  96              		.global	cubemx_transport_write
  97              		.syntax unified
  98              		.thumb
  99              		.thumb_func
 101              	cubemx_transport_write:
 102              	.LVL8:
 103              	.LFB301:
  32:micro_ros_stm32cubemx_utils/extra_sources/microros_transports/dma_transport.c **** 
  33:micro_ros_stm32cubemx_utils/extra_sources/microros_transports/dma_transport.c **** size_t cubemx_transport_write(struct uxrCustomTransport* transport, uint8_t * buf, size_t len, uint
 104              		.loc 1 33 110 is_stmt 1 view -0
 105              		.cfi_startproc
 106              		@ args = 0, pretend = 0, frame = 0
 107              		@ frame_needed = 0, uses_anonymous_args = 0
 108              		.loc 1 33 110 is_stmt 0 view .LVU15
 109 0000 70B5     		push	{r4, r5, r6, lr}
 110              		.cfi_def_cfa_offset 16
 111              		.cfi_offset 4, -16
 112              		.cfi_offset 5, -12
 113              		.cfi_offset 6, -8
 114              		.cfi_offset 14, -4
  34:micro_ros_stm32cubemx_utils/extra_sources/microros_transports/dma_transport.c ****     UART_HandleTypeDef * uart = (UART_HandleTypeDef*) transport->args;
 115              		.loc 1 34 5 is_stmt 1 view .LVU16
 116              		.loc 1 34 26 is_stmt 0 view .LVU17
 117 0002 D0F88C52 		ldr	r5, [r0, #652]
 118              	.LVL9:
  35:micro_ros_stm32cubemx_utils/extra_sources/microros_transports/dma_transport.c **** 
  36:micro_ros_stm32cubemx_utils/extra_sources/microros_transports/dma_transport.c ****     HAL_StatusTypeDef ret;
 119              		.loc 1 36 5 is_stmt 1 view .LVU18
  37:micro_ros_stm32cubemx_utils/extra_sources/microros_transports/dma_transport.c ****     if (uart->gState == HAL_UART_STATE_READY){
 120              		.loc 1 37 5 view .LVU19
 121              		.loc 1 37 13 is_stmt 0 view .LVU20
 122 0006 EB6F     		ldr	r3, [r5, #124]
 123              	.LVL10:
 124              		.loc 1 37 8 view .LVU21
 125 0008 202B     		cmp	r3, #32
 126 000a 01D0     		beq	.L16
  38:micro_ros_stm32cubemx_utils/extra_sources/microros_transports/dma_transport.c ****         ret = HAL_UART_Transmit_DMA(uart, buf, len);
  39:micro_ros_stm32cubemx_utils/extra_sources/microros_transports/dma_transport.c ****         while (ret == HAL_OK && uart->gState != HAL_UART_STATE_READY){
  40:micro_ros_stm32cubemx_utils/extra_sources/microros_transports/dma_transport.c ****             osDelay(1);
  41:micro_ros_stm32cubemx_utils/extra_sources/microros_transports/dma_transport.c ****         }
  42:micro_ros_stm32cubemx_utils/extra_sources/microros_transports/dma_transport.c **** 
  43:micro_ros_stm32cubemx_utils/extra_sources/microros_transports/dma_transport.c ****         return (ret == HAL_OK) ? len : 0;
  44:micro_ros_stm32cubemx_utils/extra_sources/microros_transports/dma_transport.c ****     }else{
  45:micro_ros_stm32cubemx_utils/extra_sources/microros_transports/dma_transport.c ****         return 0;
 127              		.loc 1 45 16 view .LVU22
 128 000c 0020     		movs	r0, #0
 129              	.LVL11:
 130              	.L7:
  46:micro_ros_stm32cubemx_utils/extra_sources/microros_transports/dma_transport.c ****     }
ARM GAS  C:\Users\mathi\AppData\Local\Temp\ccCZpFc3.s 			page 4


  47:micro_ros_stm32cubemx_utils/extra_sources/microros_transports/dma_transport.c **** }
 131              		.loc 1 47 1 view .LVU23
 132 000e 70BD     		pop	{r4, r5, r6, pc}
 133              	.LVL12:
 134              	.L16:
 135              		.loc 1 47 1 view .LVU24
 136 0010 1446     		mov	r4, r2
  38:micro_ros_stm32cubemx_utils/extra_sources/microros_transports/dma_transport.c ****         ret = HAL_UART_Transmit_DMA(uart, buf, len);
 137              		.loc 1 38 9 is_stmt 1 view .LVU25
  38:micro_ros_stm32cubemx_utils/extra_sources/microros_transports/dma_transport.c ****         ret = HAL_UART_Transmit_DMA(uart, buf, len);
 138              		.loc 1 38 15 is_stmt 0 view .LVU26
 139 0012 92B2     		uxth	r2, r2
 140              	.LVL13:
  38:micro_ros_stm32cubemx_utils/extra_sources/microros_transports/dma_transport.c ****         ret = HAL_UART_Transmit_DMA(uart, buf, len);
 141              		.loc 1 38 15 view .LVU27
 142 0014 2846     		mov	r0, r5
 143              	.LVL14:
  38:micro_ros_stm32cubemx_utils/extra_sources/microros_transports/dma_transport.c ****         ret = HAL_UART_Transmit_DMA(uart, buf, len);
 144              		.loc 1 38 15 view .LVU28
 145 0016 FFF7FEFF 		bl	HAL_UART_Transmit_DMA
 146              	.LVL15:
  38:micro_ros_stm32cubemx_utils/extra_sources/microros_transports/dma_transport.c ****         ret = HAL_UART_Transmit_DMA(uart, buf, len);
 147              		.loc 1 38 15 view .LVU29
 148 001a 0646     		mov	r6, r0
 149              	.LVL16:
  39:micro_ros_stm32cubemx_utils/extra_sources/microros_transports/dma_transport.c ****             osDelay(1);
 150              		.loc 1 39 9 is_stmt 1 view .LVU30
 151              	.L9:
  39:micro_ros_stm32cubemx_utils/extra_sources/microros_transports/dma_transport.c ****             osDelay(1);
 152              		.loc 1 39 30 view .LVU31
 153 001c 36B9     		cbnz	r6, .L10
  39:micro_ros_stm32cubemx_utils/extra_sources/microros_transports/dma_transport.c ****             osDelay(1);
 154              		.loc 1 39 37 is_stmt 0 discriminator 1 view .LVU32
 155 001e EB6F     		ldr	r3, [r5, #124]
  39:micro_ros_stm32cubemx_utils/extra_sources/microros_transports/dma_transport.c ****             osDelay(1);
 156              		.loc 1 39 30 discriminator 1 view .LVU33
 157 0020 202B     		cmp	r3, #32
 158 0022 03D0     		beq	.L10
  40:micro_ros_stm32cubemx_utils/extra_sources/microros_transports/dma_transport.c ****         }
 159              		.loc 1 40 13 is_stmt 1 view .LVU34
 160 0024 0120     		movs	r0, #1
 161 0026 FFF7FEFF 		bl	osDelay
 162              	.LVL17:
 163 002a F7E7     		b	.L9
 164              	.L10:
  43:micro_ros_stm32cubemx_utils/extra_sources/microros_transports/dma_transport.c ****     }else{
 165              		.loc 1 43 9 view .LVU35
  43:micro_ros_stm32cubemx_utils/extra_sources/microros_transports/dma_transport.c ****     }else{
 166              		.loc 1 43 38 is_stmt 0 view .LVU36
 167 002c 0EB9     		cbnz	r6, .L14
  43:micro_ros_stm32cubemx_utils/extra_sources/microros_transports/dma_transport.c ****     }else{
 168              		.loc 1 43 38 discriminator 1 view .LVU37
 169 002e 2046     		mov	r0, r4
 170 0030 EDE7     		b	.L7
 171              	.L14:
  43:micro_ros_stm32cubemx_utils/extra_sources/microros_transports/dma_transport.c ****     }else{
 172              		.loc 1 43 38 discriminator 2 view .LVU38
ARM GAS  C:\Users\mathi\AppData\Local\Temp\ccCZpFc3.s 			page 5


 173 0032 0020     		movs	r0, #0
  43:micro_ros_stm32cubemx_utils/extra_sources/microros_transports/dma_transport.c ****     }else{
 174              		.loc 1 43 38 view .LVU39
 175 0034 EBE7     		b	.L7
 176              		.cfi_endproc
 177              	.LFE301:
 179              		.section	.text.cubemx_transport_read,"ax",%progbits
 180              		.align	1
 181              		.global	cubemx_transport_read
 182              		.syntax unified
 183              		.thumb
 184              		.thumb_func
 186              	cubemx_transport_read:
 187              	.LVL18:
 188              	.LFB302:
  48:micro_ros_stm32cubemx_utils/extra_sources/microros_transports/dma_transport.c **** 
  49:micro_ros_stm32cubemx_utils/extra_sources/microros_transports/dma_transport.c **** size_t cubemx_transport_read(struct uxrCustomTransport* transport, uint8_t* buf, size_t len, int ti
 189              		.loc 1 49 120 is_stmt 1 view -0
 190              		.cfi_startproc
 191              		@ args = 4, pretend = 0, frame = 0
 192              		@ frame_needed = 0, uses_anonymous_args = 0
 193              		.loc 1 49 120 is_stmt 0 view .LVU41
 194 0000 2DE9F843 		push	{r3, r4, r5, r6, r7, r8, r9, lr}
 195              		.cfi_def_cfa_offset 32
 196              		.cfi_offset 3, -32
 197              		.cfi_offset 4, -28
 198              		.cfi_offset 5, -24
 199              		.cfi_offset 6, -20
 200              		.cfi_offset 7, -16
 201              		.cfi_offset 8, -12
 202              		.cfi_offset 9, -8
 203              		.cfi_offset 14, -4
 204 0004 0D46     		mov	r5, r1
 205 0006 1446     		mov	r4, r2
 206 0008 1F46     		mov	r7, r3
  50:micro_ros_stm32cubemx_utils/extra_sources/microros_transports/dma_transport.c ****     UART_HandleTypeDef * uart = (UART_HandleTypeDef*) transport->args;
 207              		.loc 1 50 5 is_stmt 1 view .LVU42
 208              		.loc 1 50 26 is_stmt 0 view .LVU43
 209 000a D0F88C82 		ldr	r8, [r0, #652]
 210              	.LVL19:
  51:micro_ros_stm32cubemx_utils/extra_sources/microros_transports/dma_transport.c **** 
  52:micro_ros_stm32cubemx_utils/extra_sources/microros_transports/dma_transport.c ****     int ms_used = 0;
 211              		.loc 1 52 5 is_stmt 1 view .LVU44
 212              		.loc 1 52 9 is_stmt 0 view .LVU45
 213 000e 0026     		movs	r6, #0
 214              	.LVL20:
 215              	.L19:
  53:micro_ros_stm32cubemx_utils/extra_sources/microros_transports/dma_transport.c ****     do
 216              		.loc 1 53 5 is_stmt 1 view .LVU46
  54:micro_ros_stm32cubemx_utils/extra_sources/microros_transports/dma_transport.c ****     {
  55:micro_ros_stm32cubemx_utils/extra_sources/microros_transports/dma_transport.c ****         __disable_irq();
 217              		.loc 1 55 9 view .LVU47
 218              	.LBB6:
 219              	.LBI6:
 220              		.file 2 "Drivers/CMSIS/Include/cmsis_gcc.h"
   1:Drivers/CMSIS/Include/cmsis_gcc.h **** /**************************************************************************//**
   2:Drivers/CMSIS/Include/cmsis_gcc.h ****  * @file     cmsis_gcc.h
ARM GAS  C:\Users\mathi\AppData\Local\Temp\ccCZpFc3.s 			page 6


   3:Drivers/CMSIS/Include/cmsis_gcc.h ****  * @brief    CMSIS compiler GCC header file
   4:Drivers/CMSIS/Include/cmsis_gcc.h ****  * @version  V5.2.0
   5:Drivers/CMSIS/Include/cmsis_gcc.h ****  * @date     08. May 2019
   6:Drivers/CMSIS/Include/cmsis_gcc.h ****  ******************************************************************************/
   7:Drivers/CMSIS/Include/cmsis_gcc.h **** /*
   8:Drivers/CMSIS/Include/cmsis_gcc.h ****  * Copyright (c) 2009-2019 Arm Limited. All rights reserved.
   9:Drivers/CMSIS/Include/cmsis_gcc.h ****  *
  10:Drivers/CMSIS/Include/cmsis_gcc.h ****  * SPDX-License-Identifier: Apache-2.0
  11:Drivers/CMSIS/Include/cmsis_gcc.h ****  *
  12:Drivers/CMSIS/Include/cmsis_gcc.h ****  * Licensed under the Apache License, Version 2.0 (the License); you may
  13:Drivers/CMSIS/Include/cmsis_gcc.h ****  * not use this file except in compliance with the License.
  14:Drivers/CMSIS/Include/cmsis_gcc.h ****  * You may obtain a copy of the License at
  15:Drivers/CMSIS/Include/cmsis_gcc.h ****  *
  16:Drivers/CMSIS/Include/cmsis_gcc.h ****  * www.apache.org/licenses/LICENSE-2.0
  17:Drivers/CMSIS/Include/cmsis_gcc.h ****  *
  18:Drivers/CMSIS/Include/cmsis_gcc.h ****  * Unless required by applicable law or agreed to in writing, software
  19:Drivers/CMSIS/Include/cmsis_gcc.h ****  * distributed under the License is distributed on an AS IS BASIS, WITHOUT
  20:Drivers/CMSIS/Include/cmsis_gcc.h ****  * WARRANTIES OR CONDITIONS OF ANY KIND, either express or implied.
  21:Drivers/CMSIS/Include/cmsis_gcc.h ****  * See the License for the specific language governing permissions and
  22:Drivers/CMSIS/Include/cmsis_gcc.h ****  * limitations under the License.
  23:Drivers/CMSIS/Include/cmsis_gcc.h ****  */
  24:Drivers/CMSIS/Include/cmsis_gcc.h **** 
  25:Drivers/CMSIS/Include/cmsis_gcc.h **** #ifndef __CMSIS_GCC_H
  26:Drivers/CMSIS/Include/cmsis_gcc.h **** #define __CMSIS_GCC_H
  27:Drivers/CMSIS/Include/cmsis_gcc.h **** 
  28:Drivers/CMSIS/Include/cmsis_gcc.h **** /* ignore some GCC warnings */
  29:Drivers/CMSIS/Include/cmsis_gcc.h **** #pragma GCC diagnostic push
  30:Drivers/CMSIS/Include/cmsis_gcc.h **** #pragma GCC diagnostic ignored "-Wsign-conversion"
  31:Drivers/CMSIS/Include/cmsis_gcc.h **** #pragma GCC diagnostic ignored "-Wconversion"
  32:Drivers/CMSIS/Include/cmsis_gcc.h **** #pragma GCC diagnostic ignored "-Wunused-parameter"
  33:Drivers/CMSIS/Include/cmsis_gcc.h **** 
  34:Drivers/CMSIS/Include/cmsis_gcc.h **** /* Fallback for __has_builtin */
  35:Drivers/CMSIS/Include/cmsis_gcc.h **** #ifndef __has_builtin
  36:Drivers/CMSIS/Include/cmsis_gcc.h ****   #define __has_builtin(x) (0)
  37:Drivers/CMSIS/Include/cmsis_gcc.h **** #endif
  38:Drivers/CMSIS/Include/cmsis_gcc.h **** 
  39:Drivers/CMSIS/Include/cmsis_gcc.h **** /* CMSIS compiler specific defines */
  40:Drivers/CMSIS/Include/cmsis_gcc.h **** #ifndef   __ASM
  41:Drivers/CMSIS/Include/cmsis_gcc.h ****   #define __ASM                                  __asm
  42:Drivers/CMSIS/Include/cmsis_gcc.h **** #endif
  43:Drivers/CMSIS/Include/cmsis_gcc.h **** #ifndef   __INLINE
  44:Drivers/CMSIS/Include/cmsis_gcc.h ****   #define __INLINE                               inline
  45:Drivers/CMSIS/Include/cmsis_gcc.h **** #endif
  46:Drivers/CMSIS/Include/cmsis_gcc.h **** #ifndef   __STATIC_INLINE
  47:Drivers/CMSIS/Include/cmsis_gcc.h ****   #define __STATIC_INLINE                        static inline
  48:Drivers/CMSIS/Include/cmsis_gcc.h **** #endif
  49:Drivers/CMSIS/Include/cmsis_gcc.h **** #ifndef   __STATIC_FORCEINLINE                 
  50:Drivers/CMSIS/Include/cmsis_gcc.h ****   #define __STATIC_FORCEINLINE                   __attribute__((always_inline)) static inline
  51:Drivers/CMSIS/Include/cmsis_gcc.h **** #endif                                           
  52:Drivers/CMSIS/Include/cmsis_gcc.h **** #ifndef   __NO_RETURN
  53:Drivers/CMSIS/Include/cmsis_gcc.h ****   #define __NO_RETURN                            __attribute__((__noreturn__))
  54:Drivers/CMSIS/Include/cmsis_gcc.h **** #endif
  55:Drivers/CMSIS/Include/cmsis_gcc.h **** #ifndef   __USED
  56:Drivers/CMSIS/Include/cmsis_gcc.h ****   #define __USED                                 __attribute__((used))
  57:Drivers/CMSIS/Include/cmsis_gcc.h **** #endif
  58:Drivers/CMSIS/Include/cmsis_gcc.h **** #ifndef   __WEAK
  59:Drivers/CMSIS/Include/cmsis_gcc.h ****   #define __WEAK                                 __attribute__((weak))
ARM GAS  C:\Users\mathi\AppData\Local\Temp\ccCZpFc3.s 			page 7


  60:Drivers/CMSIS/Include/cmsis_gcc.h **** #endif
  61:Drivers/CMSIS/Include/cmsis_gcc.h **** #ifndef   __PACKED
  62:Drivers/CMSIS/Include/cmsis_gcc.h ****   #define __PACKED                               __attribute__((packed, aligned(1)))
  63:Drivers/CMSIS/Include/cmsis_gcc.h **** #endif
  64:Drivers/CMSIS/Include/cmsis_gcc.h **** #ifndef   __PACKED_STRUCT
  65:Drivers/CMSIS/Include/cmsis_gcc.h ****   #define __PACKED_STRUCT                        struct __attribute__((packed, aligned(1)))
  66:Drivers/CMSIS/Include/cmsis_gcc.h **** #endif
  67:Drivers/CMSIS/Include/cmsis_gcc.h **** #ifndef   __PACKED_UNION
  68:Drivers/CMSIS/Include/cmsis_gcc.h ****   #define __PACKED_UNION                         union __attribute__((packed, aligned(1)))
  69:Drivers/CMSIS/Include/cmsis_gcc.h **** #endif
  70:Drivers/CMSIS/Include/cmsis_gcc.h **** #ifndef   __UNALIGNED_UINT32        /* deprecated */
  71:Drivers/CMSIS/Include/cmsis_gcc.h ****   #pragma GCC diagnostic push
  72:Drivers/CMSIS/Include/cmsis_gcc.h ****   #pragma GCC diagnostic ignored "-Wpacked"
  73:Drivers/CMSIS/Include/cmsis_gcc.h ****   #pragma GCC diagnostic ignored "-Wattributes"
  74:Drivers/CMSIS/Include/cmsis_gcc.h ****   struct __attribute__((packed)) T_UINT32 { uint32_t v; };
  75:Drivers/CMSIS/Include/cmsis_gcc.h ****   #pragma GCC diagnostic pop
  76:Drivers/CMSIS/Include/cmsis_gcc.h ****   #define __UNALIGNED_UINT32(x)                  (((struct T_UINT32 *)(x))->v)
  77:Drivers/CMSIS/Include/cmsis_gcc.h **** #endif
  78:Drivers/CMSIS/Include/cmsis_gcc.h **** #ifndef   __UNALIGNED_UINT16_WRITE
  79:Drivers/CMSIS/Include/cmsis_gcc.h ****   #pragma GCC diagnostic push
  80:Drivers/CMSIS/Include/cmsis_gcc.h ****   #pragma GCC diagnostic ignored "-Wpacked"
  81:Drivers/CMSIS/Include/cmsis_gcc.h ****   #pragma GCC diagnostic ignored "-Wattributes"
  82:Drivers/CMSIS/Include/cmsis_gcc.h ****   __PACKED_STRUCT T_UINT16_WRITE { uint16_t v; };
  83:Drivers/CMSIS/Include/cmsis_gcc.h ****   #pragma GCC diagnostic pop
  84:Drivers/CMSIS/Include/cmsis_gcc.h ****   #define __UNALIGNED_UINT16_WRITE(addr, val)    (void)((((struct T_UINT16_WRITE *)(void *)(addr))-
  85:Drivers/CMSIS/Include/cmsis_gcc.h **** #endif
  86:Drivers/CMSIS/Include/cmsis_gcc.h **** #ifndef   __UNALIGNED_UINT16_READ
  87:Drivers/CMSIS/Include/cmsis_gcc.h ****   #pragma GCC diagnostic push
  88:Drivers/CMSIS/Include/cmsis_gcc.h ****   #pragma GCC diagnostic ignored "-Wpacked"
  89:Drivers/CMSIS/Include/cmsis_gcc.h ****   #pragma GCC diagnostic ignored "-Wattributes"
  90:Drivers/CMSIS/Include/cmsis_gcc.h ****   __PACKED_STRUCT T_UINT16_READ { uint16_t v; };
  91:Drivers/CMSIS/Include/cmsis_gcc.h ****   #pragma GCC diagnostic pop
  92:Drivers/CMSIS/Include/cmsis_gcc.h ****   #define __UNALIGNED_UINT16_READ(addr)          (((const struct T_UINT16_READ *)(const void *)(add
  93:Drivers/CMSIS/Include/cmsis_gcc.h **** #endif
  94:Drivers/CMSIS/Include/cmsis_gcc.h **** #ifndef   __UNALIGNED_UINT32_WRITE
  95:Drivers/CMSIS/Include/cmsis_gcc.h ****   #pragma GCC diagnostic push
  96:Drivers/CMSIS/Include/cmsis_gcc.h ****   #pragma GCC diagnostic ignored "-Wpacked"
  97:Drivers/CMSIS/Include/cmsis_gcc.h ****   #pragma GCC diagnostic ignored "-Wattributes"
  98:Drivers/CMSIS/Include/cmsis_gcc.h ****   __PACKED_STRUCT T_UINT32_WRITE { uint32_t v; };
  99:Drivers/CMSIS/Include/cmsis_gcc.h ****   #pragma GCC diagnostic pop
 100:Drivers/CMSIS/Include/cmsis_gcc.h ****   #define __UNALIGNED_UINT32_WRITE(addr, val)    (void)((((struct T_UINT32_WRITE *)(void *)(addr))-
 101:Drivers/CMSIS/Include/cmsis_gcc.h **** #endif
 102:Drivers/CMSIS/Include/cmsis_gcc.h **** #ifndef   __UNALIGNED_UINT32_READ
 103:Drivers/CMSIS/Include/cmsis_gcc.h ****   #pragma GCC diagnostic push
 104:Drivers/CMSIS/Include/cmsis_gcc.h ****   #pragma GCC diagnostic ignored "-Wpacked"
 105:Drivers/CMSIS/Include/cmsis_gcc.h ****   #pragma GCC diagnostic ignored "-Wattributes"
 106:Drivers/CMSIS/Include/cmsis_gcc.h ****   __PACKED_STRUCT T_UINT32_READ { uint32_t v; };
 107:Drivers/CMSIS/Include/cmsis_gcc.h ****   #pragma GCC diagnostic pop
 108:Drivers/CMSIS/Include/cmsis_gcc.h ****   #define __UNALIGNED_UINT32_READ(addr)          (((const struct T_UINT32_READ *)(const void *)(add
 109:Drivers/CMSIS/Include/cmsis_gcc.h **** #endif
 110:Drivers/CMSIS/Include/cmsis_gcc.h **** #ifndef   __ALIGNED
 111:Drivers/CMSIS/Include/cmsis_gcc.h ****   #define __ALIGNED(x)                           __attribute__((aligned(x)))
 112:Drivers/CMSIS/Include/cmsis_gcc.h **** #endif
 113:Drivers/CMSIS/Include/cmsis_gcc.h **** #ifndef   __RESTRICT
 114:Drivers/CMSIS/Include/cmsis_gcc.h ****   #define __RESTRICT                             __restrict
 115:Drivers/CMSIS/Include/cmsis_gcc.h **** #endif
 116:Drivers/CMSIS/Include/cmsis_gcc.h **** #ifndef   __COMPILER_BARRIER
ARM GAS  C:\Users\mathi\AppData\Local\Temp\ccCZpFc3.s 			page 8


 117:Drivers/CMSIS/Include/cmsis_gcc.h ****   #define __COMPILER_BARRIER()                   __ASM volatile("":::"memory")
 118:Drivers/CMSIS/Include/cmsis_gcc.h **** #endif
 119:Drivers/CMSIS/Include/cmsis_gcc.h **** 
 120:Drivers/CMSIS/Include/cmsis_gcc.h **** /* #########################  Startup and Lowlevel Init  ######################## */
 121:Drivers/CMSIS/Include/cmsis_gcc.h **** 
 122:Drivers/CMSIS/Include/cmsis_gcc.h **** #ifndef __PROGRAM_START
 123:Drivers/CMSIS/Include/cmsis_gcc.h **** 
 124:Drivers/CMSIS/Include/cmsis_gcc.h **** /**
 125:Drivers/CMSIS/Include/cmsis_gcc.h ****   \brief   Initializes data and bss sections
 126:Drivers/CMSIS/Include/cmsis_gcc.h ****   \details This default implementations initialized all data and additional bss
 127:Drivers/CMSIS/Include/cmsis_gcc.h ****            sections relying on .copy.table and .zero.table specified properly
 128:Drivers/CMSIS/Include/cmsis_gcc.h ****            in the used linker script.
 129:Drivers/CMSIS/Include/cmsis_gcc.h ****   
 130:Drivers/CMSIS/Include/cmsis_gcc.h ****  */
 131:Drivers/CMSIS/Include/cmsis_gcc.h **** __STATIC_FORCEINLINE __NO_RETURN void __cmsis_start(void)
 132:Drivers/CMSIS/Include/cmsis_gcc.h **** {
 133:Drivers/CMSIS/Include/cmsis_gcc.h ****   extern void _start(void) __NO_RETURN;
 134:Drivers/CMSIS/Include/cmsis_gcc.h ****   
 135:Drivers/CMSIS/Include/cmsis_gcc.h ****   typedef struct {
 136:Drivers/CMSIS/Include/cmsis_gcc.h ****     uint32_t const* src;
 137:Drivers/CMSIS/Include/cmsis_gcc.h ****     uint32_t* dest;
 138:Drivers/CMSIS/Include/cmsis_gcc.h ****     uint32_t  wlen;
 139:Drivers/CMSIS/Include/cmsis_gcc.h ****   } __copy_table_t;
 140:Drivers/CMSIS/Include/cmsis_gcc.h ****   
 141:Drivers/CMSIS/Include/cmsis_gcc.h ****   typedef struct {
 142:Drivers/CMSIS/Include/cmsis_gcc.h ****     uint32_t* dest;
 143:Drivers/CMSIS/Include/cmsis_gcc.h ****     uint32_t  wlen;
 144:Drivers/CMSIS/Include/cmsis_gcc.h ****   } __zero_table_t;
 145:Drivers/CMSIS/Include/cmsis_gcc.h ****   
 146:Drivers/CMSIS/Include/cmsis_gcc.h ****   extern const __copy_table_t __copy_table_start__;
 147:Drivers/CMSIS/Include/cmsis_gcc.h ****   extern const __copy_table_t __copy_table_end__;
 148:Drivers/CMSIS/Include/cmsis_gcc.h ****   extern const __zero_table_t __zero_table_start__;
 149:Drivers/CMSIS/Include/cmsis_gcc.h ****   extern const __zero_table_t __zero_table_end__;
 150:Drivers/CMSIS/Include/cmsis_gcc.h **** 
 151:Drivers/CMSIS/Include/cmsis_gcc.h ****   for (__copy_table_t const* pTable = &__copy_table_start__; pTable < &__copy_table_end__; ++pTable
 152:Drivers/CMSIS/Include/cmsis_gcc.h ****     for(uint32_t i=0u; i<pTable->wlen; ++i) {
 153:Drivers/CMSIS/Include/cmsis_gcc.h ****       pTable->dest[i] = pTable->src[i];
 154:Drivers/CMSIS/Include/cmsis_gcc.h ****     }
 155:Drivers/CMSIS/Include/cmsis_gcc.h ****   }
 156:Drivers/CMSIS/Include/cmsis_gcc.h ****  
 157:Drivers/CMSIS/Include/cmsis_gcc.h ****   for (__zero_table_t const* pTable = &__zero_table_start__; pTable < &__zero_table_end__; ++pTable
 158:Drivers/CMSIS/Include/cmsis_gcc.h ****     for(uint32_t i=0u; i<pTable->wlen; ++i) {
 159:Drivers/CMSIS/Include/cmsis_gcc.h ****       pTable->dest[i] = 0u;
 160:Drivers/CMSIS/Include/cmsis_gcc.h ****     }
 161:Drivers/CMSIS/Include/cmsis_gcc.h ****   }
 162:Drivers/CMSIS/Include/cmsis_gcc.h ****  
 163:Drivers/CMSIS/Include/cmsis_gcc.h ****   _start();
 164:Drivers/CMSIS/Include/cmsis_gcc.h **** }
 165:Drivers/CMSIS/Include/cmsis_gcc.h ****   
 166:Drivers/CMSIS/Include/cmsis_gcc.h **** #define __PROGRAM_START           __cmsis_start
 167:Drivers/CMSIS/Include/cmsis_gcc.h **** #endif
 168:Drivers/CMSIS/Include/cmsis_gcc.h **** 
 169:Drivers/CMSIS/Include/cmsis_gcc.h **** #ifndef __INITIAL_SP
 170:Drivers/CMSIS/Include/cmsis_gcc.h **** #define __INITIAL_SP              __StackTop
 171:Drivers/CMSIS/Include/cmsis_gcc.h **** #endif
 172:Drivers/CMSIS/Include/cmsis_gcc.h **** 
 173:Drivers/CMSIS/Include/cmsis_gcc.h **** #ifndef __STACK_LIMIT
ARM GAS  C:\Users\mathi\AppData\Local\Temp\ccCZpFc3.s 			page 9


 174:Drivers/CMSIS/Include/cmsis_gcc.h **** #define __STACK_LIMIT             __StackLimit
 175:Drivers/CMSIS/Include/cmsis_gcc.h **** #endif
 176:Drivers/CMSIS/Include/cmsis_gcc.h **** 
 177:Drivers/CMSIS/Include/cmsis_gcc.h **** #ifndef __VECTOR_TABLE
 178:Drivers/CMSIS/Include/cmsis_gcc.h **** #define __VECTOR_TABLE            __Vectors
 179:Drivers/CMSIS/Include/cmsis_gcc.h **** #endif
 180:Drivers/CMSIS/Include/cmsis_gcc.h **** 
 181:Drivers/CMSIS/Include/cmsis_gcc.h **** #ifndef __VECTOR_TABLE_ATTRIBUTE
 182:Drivers/CMSIS/Include/cmsis_gcc.h **** #define __VECTOR_TABLE_ATTRIBUTE  __attribute((used, section(".vectors")))
 183:Drivers/CMSIS/Include/cmsis_gcc.h **** #endif
 184:Drivers/CMSIS/Include/cmsis_gcc.h **** 
 185:Drivers/CMSIS/Include/cmsis_gcc.h **** /* ###########################  Core Function Access  ########################### */
 186:Drivers/CMSIS/Include/cmsis_gcc.h **** /** \ingroup  CMSIS_Core_FunctionInterface
 187:Drivers/CMSIS/Include/cmsis_gcc.h ****     \defgroup CMSIS_Core_RegAccFunctions CMSIS Core Register Access Functions
 188:Drivers/CMSIS/Include/cmsis_gcc.h ****   @{
 189:Drivers/CMSIS/Include/cmsis_gcc.h ****  */
 190:Drivers/CMSIS/Include/cmsis_gcc.h **** 
 191:Drivers/CMSIS/Include/cmsis_gcc.h **** /**
 192:Drivers/CMSIS/Include/cmsis_gcc.h ****   \brief   Enable IRQ Interrupts
 193:Drivers/CMSIS/Include/cmsis_gcc.h ****   \details Enables IRQ interrupts by clearing the I-bit in the CPSR.
 194:Drivers/CMSIS/Include/cmsis_gcc.h ****            Can only be executed in Privileged modes.
 195:Drivers/CMSIS/Include/cmsis_gcc.h ****  */
 196:Drivers/CMSIS/Include/cmsis_gcc.h **** __STATIC_FORCEINLINE void __enable_irq(void)
 197:Drivers/CMSIS/Include/cmsis_gcc.h **** {
 198:Drivers/CMSIS/Include/cmsis_gcc.h ****   __ASM volatile ("cpsie i" : : : "memory");
 199:Drivers/CMSIS/Include/cmsis_gcc.h **** }
 200:Drivers/CMSIS/Include/cmsis_gcc.h **** 
 201:Drivers/CMSIS/Include/cmsis_gcc.h **** 
 202:Drivers/CMSIS/Include/cmsis_gcc.h **** /**
 203:Drivers/CMSIS/Include/cmsis_gcc.h ****   \brief   Disable IRQ Interrupts
 204:Drivers/CMSIS/Include/cmsis_gcc.h ****   \details Disables IRQ interrupts by setting the I-bit in the CPSR.
 205:Drivers/CMSIS/Include/cmsis_gcc.h ****            Can only be executed in Privileged modes.
 206:Drivers/CMSIS/Include/cmsis_gcc.h ****  */
 207:Drivers/CMSIS/Include/cmsis_gcc.h **** __STATIC_FORCEINLINE void __disable_irq(void)
 221              		.loc 2 207 27 view .LVU48
 222              	.LBB7:
 208:Drivers/CMSIS/Include/cmsis_gcc.h **** {
 209:Drivers/CMSIS/Include/cmsis_gcc.h ****   __ASM volatile ("cpsid i" : : : "memory");
 223              		.loc 2 209 3 view .LVU49
 224              		.syntax unified
 225              	@ 209 "Drivers/CMSIS/Include/cmsis_gcc.h" 1
 226 0010 72B6     		cpsid i
 227              	@ 0 "" 2
 228              		.thumb
 229              		.syntax unified
 230              	.LBE7:
 231              	.LBE6:
  56:micro_ros_stm32cubemx_utils/extra_sources/microros_transports/dma_transport.c ****         dma_tail = UART_DMA_BUFFER_SIZE - __HAL_DMA_GET_COUNTER(uart->hdmarx);
 232              		.loc 1 56 9 view .LVU50
 233              		.loc 1 56 43 is_stmt 0 view .LVU51
 234 0012 D8F87430 		ldr	r3, [r8, #116]
 235 0016 1B68     		ldr	r3, [r3]
 236 0018 5868     		ldr	r0, [r3, #4]
 237              		.loc 1 56 41 view .LVU52
 238 001a C0F50060 		rsb	r0, r0, #2048
 239              		.loc 1 56 18 view .LVU53
 240 001e DFF85490 		ldr	r9, .L25+8
ARM GAS  C:\Users\mathi\AppData\Local\Temp\ccCZpFc3.s 			page 10


 241 0022 C9F80000 		str	r0, [r9]
  57:micro_ros_stm32cubemx_utils/extra_sources/microros_transports/dma_transport.c ****         __enable_irq();
 242              		.loc 1 57 9 is_stmt 1 view .LVU54
 243              	.LBB8:
 244              	.LBI8:
 196:Drivers/CMSIS/Include/cmsis_gcc.h **** {
 245              		.loc 2 196 27 view .LVU55
 246              	.LBB9:
 198:Drivers/CMSIS/Include/cmsis_gcc.h **** }
 247              		.loc 2 198 3 view .LVU56
 248              		.syntax unified
 249              	@ 198 "Drivers/CMSIS/Include/cmsis_gcc.h" 1
 250 0026 62B6     		cpsie i
 251              	@ 0 "" 2
 252              		.thumb
 253              		.syntax unified
 254              	.LBE9:
 255              	.LBE8:
  58:micro_ros_stm32cubemx_utils/extra_sources/microros_transports/dma_transport.c ****         ms_used++;
 256              		.loc 1 58 9 view .LVU57
 257              		.loc 1 58 16 is_stmt 0 view .LVU58
 258 0028 0136     		adds	r6, r6, #1
 259              	.LVL21:
  59:micro_ros_stm32cubemx_utils/extra_sources/microros_transports/dma_transport.c ****         osDelay(portTICK_RATE_MS);
 260              		.loc 1 59 9 is_stmt 1 view .LVU59
 261 002a 0120     		movs	r0, #1
 262 002c FFF7FEFF 		bl	osDelay
 263              	.LVL22:
  60:micro_ros_stm32cubemx_utils/extra_sources/microros_transports/dma_transport.c ****     } while (dma_head == dma_tail && ms_used < timeout);
 264              		.loc 1 60 35 discriminator 2 view .LVU60
 265              		.loc 1 60 23 is_stmt 0 discriminator 2 view .LVU61
 266 0030 0E4B     		ldr	r3, .L25
 267 0032 1B68     		ldr	r3, [r3]
 268 0034 D9F80020 		ldr	r2, [r9]
 269              		.loc 1 60 35 discriminator 2 view .LVU62
 270 0038 9342     		cmp	r3, r2
 271 003a 14D1     		bne	.L23
 272              		.loc 1 60 35 discriminator 1 view .LVU63
 273 003c BE42     		cmp	r6, r7
 274 003e E7DB     		blt	.L19
 275 0040 0020     		movs	r0, #0
 276 0042 08E0     		b	.L20
 277              	.LVL23:
 278              	.L22:
  61:micro_ros_stm32cubemx_utils/extra_sources/microros_transports/dma_transport.c ****     
  62:micro_ros_stm32cubemx_utils/extra_sources/microros_transports/dma_transport.c ****     size_t wrote = 0;
  63:micro_ros_stm32cubemx_utils/extra_sources/microros_transports/dma_transport.c ****     while ((dma_head != dma_tail) && (wrote < len)){
  64:micro_ros_stm32cubemx_utils/extra_sources/microros_transports/dma_transport.c ****         buf[wrote] = dma_buffer[dma_head];
 279              		.loc 1 64 9 is_stmt 1 view .LVU64
 280              		.loc 1 64 32 is_stmt 0 view .LVU65
 281 0044 0A49     		ldr	r1, .L25+4
 282 0046 C95C     		ldrb	r1, [r1, r3]	@ zero_extendqisi2
 283              		.loc 1 64 20 view .LVU66
 284 0048 2954     		strb	r1, [r5, r0]
  65:micro_ros_stm32cubemx_utils/extra_sources/microros_transports/dma_transport.c ****         dma_head = (dma_head + 1) % UART_DMA_BUFFER_SIZE;
 285              		.loc 1 65 9 is_stmt 1 view .LVU67
 286              		.loc 1 65 30 is_stmt 0 view .LVU68
ARM GAS  C:\Users\mathi\AppData\Local\Temp\ccCZpFc3.s 			page 11


 287 004a 0133     		adds	r3, r3, #1
 288              		.loc 1 65 35 view .LVU69
 289 004c C3F30A03 		ubfx	r3, r3, #0, #11
 290              		.loc 1 65 18 view .LVU70
 291 0050 0649     		ldr	r1, .L25
 292 0052 0B60     		str	r3, [r1]
  66:micro_ros_stm32cubemx_utils/extra_sources/microros_transports/dma_transport.c ****         wrote++;
 293              		.loc 1 66 9 is_stmt 1 view .LVU71
 294              		.loc 1 66 14 is_stmt 0 view .LVU72
 295 0054 0130     		adds	r0, r0, #1
 296              	.LVL24:
 297              	.L20:
  63:micro_ros_stm32cubemx_utils/extra_sources/microros_transports/dma_transport.c ****         buf[wrote] = dma_buffer[dma_head];
 298              		.loc 1 63 35 is_stmt 1 view .LVU73
  63:micro_ros_stm32cubemx_utils/extra_sources/microros_transports/dma_transport.c ****         buf[wrote] = dma_buffer[dma_head];
 299              		.loc 1 63 22 is_stmt 0 view .LVU74
 300 0056 054B     		ldr	r3, .L25
 301 0058 1B68     		ldr	r3, [r3]
  63:micro_ros_stm32cubemx_utils/extra_sources/microros_transports/dma_transport.c ****         buf[wrote] = dma_buffer[dma_head];
 302              		.loc 1 63 35 view .LVU75
 303 005a 9A42     		cmp	r2, r3
 304 005c 01D0     		beq	.L17
  63:micro_ros_stm32cubemx_utils/extra_sources/microros_transports/dma_transport.c ****         buf[wrote] = dma_buffer[dma_head];
 305              		.loc 1 63 35 discriminator 1 view .LVU76
 306 005e A042     		cmp	r0, r4
 307 0060 F0D3     		bcc	.L22
 308              	.L17:
  67:micro_ros_stm32cubemx_utils/extra_sources/microros_transports/dma_transport.c ****     }
  68:micro_ros_stm32cubemx_utils/extra_sources/microros_transports/dma_transport.c ****     
  69:micro_ros_stm32cubemx_utils/extra_sources/microros_transports/dma_transport.c ****     return wrote;
  70:micro_ros_stm32cubemx_utils/extra_sources/microros_transports/dma_transport.c **** }
 309              		.loc 1 70 1 view .LVU77
 310 0062 BDE8F883 		pop	{r3, r4, r5, r6, r7, r8, r9, pc}
 311              	.LVL25:
 312              	.L23:
 313              		.loc 1 70 1 view .LVU78
 314 0066 0020     		movs	r0, #0
 315 0068 F5E7     		b	.L20
 316              	.L26:
 317 006a 00BF     		.align	2
 318              	.L25:
 319 006c 00000000 		.word	dma_head
 320 0070 00000000 		.word	dma_buffer
 321 0074 00000000 		.word	dma_tail
 322              		.cfi_endproc
 323              	.LFE302:
 325              		.section	.bss.dma_tail,"aw",%nobits
 326              		.align	2
 329              	dma_tail:
 330 0000 00000000 		.space	4
 331              		.section	.bss.dma_head,"aw",%nobits
 332              		.align	2
 335              	dma_head:
 336 0000 00000000 		.space	4
 337              		.section	.bss.dma_buffer,"aw",%nobits
 338              		.align	2
 341              	dma_buffer:
ARM GAS  C:\Users\mathi\AppData\Local\Temp\ccCZpFc3.s 			page 12


 342 0000 00000000 		.space	2048
 342      00000000 
 342      00000000 
 342      00000000 
 342      00000000 
 343              		.text
 344              	.Letext0:
 345              		.file 3 "C:/Users/mathi/AppData/Roaming/Code/User/globalStorage/bmd.stm32-for-vscode/@xpack-dev-to
 346              		.file 4 "C:/Users/mathi/AppData/Roaming/Code/User/globalStorage/bmd.stm32-for-vscode/@xpack-dev-to
 347              		.file 5 "C:/Users/mathi/AppData/Roaming/Code/User/globalStorage/bmd.stm32-for-vscode/@xpack-dev-to
 348              		.file 6 "micro_ros_stm32cubemx_utils/microros_static_library/libmicroros/microros_include/uxr/clie
 349              		.file 7 "micro_ros_stm32cubemx_utils/microros_static_library/libmicroros/microros_include/uxr/clie
 350              		.file 8 "micro_ros_stm32cubemx_utils/microros_static_library/libmicroros/microros_include/uxr/clie
 351              		.file 9 "Drivers/CMSIS/Device/ST/STM32L4xx/Include/stm32l452xx.h"
 352              		.file 10 "Drivers/STM32L4xx_HAL_Driver/Inc/stm32l4xx_hal_def.h"
 353              		.file 11 "Drivers/STM32L4xx_HAL_Driver/Inc/stm32l4xx_hal_dma.h"
 354              		.file 12 "Drivers/STM32L4xx_HAL_Driver/Inc/stm32l4xx_hal_uart.h"
 355              		.file 13 "Middlewares/Third_Party/FreeRTOS/Source/portable/GCC/ARM_CM4F/portmacro.h"
 356              		.file 14 "Middlewares/Third_Party/FreeRTOS/Source/CMSIS_RTOS_V2/cmsis_os2.h"
 357              		.file 15 "micro_ros_stm32cubemx_utils/microros_static_library/libmicroros/microros_include/test_ms
ARM GAS  C:\Users\mathi\AppData\Local\Temp\ccCZpFc3.s 			page 13


DEFINED SYMBOLS
                            *ABS*:00000000 dma_transport.c
C:\Users\mathi\AppData\Local\Temp\ccCZpFc3.s:21     .text.cubemx_transport_open:00000000 $t
C:\Users\mathi\AppData\Local\Temp\ccCZpFc3.s:27     .text.cubemx_transport_open:00000000 cubemx_transport_open
C:\Users\mathi\AppData\Local\Temp\ccCZpFc3.s:56     .text.cubemx_transport_open:00000014 $d
C:\Users\mathi\AppData\Local\Temp\ccCZpFc3.s:341    .bss.dma_buffer:00000000 dma_buffer
C:\Users\mathi\AppData\Local\Temp\ccCZpFc3.s:61     .text.cubemx_transport_close:00000000 $t
C:\Users\mathi\AppData\Local\Temp\ccCZpFc3.s:67     .text.cubemx_transport_close:00000000 cubemx_transport_close
C:\Users\mathi\AppData\Local\Temp\ccCZpFc3.s:95     .text.cubemx_transport_write:00000000 $t
C:\Users\mathi\AppData\Local\Temp\ccCZpFc3.s:101    .text.cubemx_transport_write:00000000 cubemx_transport_write
C:\Users\mathi\AppData\Local\Temp\ccCZpFc3.s:180    .text.cubemx_transport_read:00000000 $t
C:\Users\mathi\AppData\Local\Temp\ccCZpFc3.s:186    .text.cubemx_transport_read:00000000 cubemx_transport_read
C:\Users\mathi\AppData\Local\Temp\ccCZpFc3.s:319    .text.cubemx_transport_read:0000006c $d
C:\Users\mathi\AppData\Local\Temp\ccCZpFc3.s:335    .bss.dma_head:00000000 dma_head
C:\Users\mathi\AppData\Local\Temp\ccCZpFc3.s:329    .bss.dma_tail:00000000 dma_tail
C:\Users\mathi\AppData\Local\Temp\ccCZpFc3.s:326    .bss.dma_tail:00000000 $d
C:\Users\mathi\AppData\Local\Temp\ccCZpFc3.s:332    .bss.dma_head:00000000 $d
C:\Users\mathi\AppData\Local\Temp\ccCZpFc3.s:338    .bss.dma_buffer:00000000 $d

UNDEFINED SYMBOLS
HAL_UART_Receive_DMA
HAL_UART_DMAStop
HAL_UART_Transmit_DMA
osDelay
