ARM GAS  C:\Users\mathi\AppData\Local\Temp\cc8mzkWS.s 			page 1


   1              		.cpu cortex-m4
   2              		.arch armv7e-m
   3              		.fpu fpv4-sp-d16
   4              		.eabi_attribute 27, 1
   5              		.eabi_attribute 28, 1
   6              		.eabi_attribute 20, 1
   7              		.eabi_attribute 21, 1
   8              		.eabi_attribute 23, 3
   9              		.eabi_attribute 24, 1
  10              		.eabi_attribute 25, 1
  11              		.eabi_attribute 26, 1
  12              		.eabi_attribute 30, 1
  13              		.eabi_attribute 34, 1
  14              		.eabi_attribute 18, 4
  15              		.file	"i2c.c"
  16              		.text
  17              	.Ltext0:
  18              		.cfi_sections	.debug_frame
  19              		.file 1 "Core/Src/i2c.c"
  20              		.section	.text.MX_I2C1_Init,"ax",%progbits
  21              		.align	1
  22              		.global	MX_I2C1_Init
  23              		.syntax unified
  24              		.thumb
  25              		.thumb_func
  27              	MX_I2C1_Init:
  28              	.LFB292:
   1:Core/Src/i2c.c **** /* USER CODE BEGIN Header */
   2:Core/Src/i2c.c **** /**
   3:Core/Src/i2c.c ****   ******************************************************************************
   4:Core/Src/i2c.c ****   * @file    i2c.c
   5:Core/Src/i2c.c ****   * @brief   This file provides code for the configuration
   6:Core/Src/i2c.c ****   *          of the I2C instances.
   7:Core/Src/i2c.c ****   ******************************************************************************
   8:Core/Src/i2c.c ****   * @attention
   9:Core/Src/i2c.c ****   *
  10:Core/Src/i2c.c ****   * Copyright (c) 2024 STMicroelectronics.
  11:Core/Src/i2c.c ****   * All rights reserved.
  12:Core/Src/i2c.c ****   *
  13:Core/Src/i2c.c ****   * This software is licensed under terms that can be found in the LICENSE file
  14:Core/Src/i2c.c ****   * in the root directory of this software component.
  15:Core/Src/i2c.c ****   * If no LICENSE file comes with this software, it is provided AS-IS.
  16:Core/Src/i2c.c ****   *
  17:Core/Src/i2c.c ****   ******************************************************************************
  18:Core/Src/i2c.c ****   */
  19:Core/Src/i2c.c **** /* USER CODE END Header */
  20:Core/Src/i2c.c **** /* Includes ------------------------------------------------------------------*/
  21:Core/Src/i2c.c **** #include "i2c.h"
  22:Core/Src/i2c.c **** 
  23:Core/Src/i2c.c **** /* USER CODE BEGIN 0 */
  24:Core/Src/i2c.c **** 
  25:Core/Src/i2c.c **** /* USER CODE END 0 */
  26:Core/Src/i2c.c **** 
  27:Core/Src/i2c.c **** I2C_HandleTypeDef hi2c1;
  28:Core/Src/i2c.c **** DMA_HandleTypeDef hdma_i2c1_rx;
  29:Core/Src/i2c.c **** DMA_HandleTypeDef hdma_i2c1_tx;
  30:Core/Src/i2c.c **** 
ARM GAS  C:\Users\mathi\AppData\Local\Temp\cc8mzkWS.s 			page 2


  31:Core/Src/i2c.c **** /* I2C1 init function */
  32:Core/Src/i2c.c **** void MX_I2C1_Init(void)
  33:Core/Src/i2c.c **** {
  29              		.loc 1 33 1 view -0
  30              		.cfi_startproc
  31              		@ args = 0, pretend = 0, frame = 0
  32              		@ frame_needed = 0, uses_anonymous_args = 0
  33 0000 08B5     		push	{r3, lr}
  34              		.cfi_def_cfa_offset 8
  35              		.cfi_offset 3, -8
  36              		.cfi_offset 14, -4
  34:Core/Src/i2c.c **** 
  35:Core/Src/i2c.c ****   /* USER CODE BEGIN I2C1_Init 0 */
  36:Core/Src/i2c.c **** 
  37:Core/Src/i2c.c ****   /* USER CODE END I2C1_Init 0 */
  38:Core/Src/i2c.c **** 
  39:Core/Src/i2c.c ****   /* USER CODE BEGIN I2C1_Init 1 */
  40:Core/Src/i2c.c **** 
  41:Core/Src/i2c.c ****   /* USER CODE END I2C1_Init 1 */
  42:Core/Src/i2c.c ****   hi2c1.Instance = I2C1;
  37              		.loc 1 42 3 view .LVU1
  38              		.loc 1 42 18 is_stmt 0 view .LVU2
  39 0002 1248     		ldr	r0, .L9
  40 0004 124B     		ldr	r3, .L9+4
  41 0006 0360     		str	r3, [r0]
  43:Core/Src/i2c.c ****   hi2c1.Init.Timing = 0x10D19CE4;
  42              		.loc 1 43 3 is_stmt 1 view .LVU3
  43              		.loc 1 43 21 is_stmt 0 view .LVU4
  44 0008 124B     		ldr	r3, .L9+8
  45 000a 4360     		str	r3, [r0, #4]
  44:Core/Src/i2c.c ****   hi2c1.Init.OwnAddress1 = 0;
  46              		.loc 1 44 3 is_stmt 1 view .LVU5
  47              		.loc 1 44 26 is_stmt 0 view .LVU6
  48 000c 0023     		movs	r3, #0
  49 000e 8360     		str	r3, [r0, #8]
  45:Core/Src/i2c.c ****   hi2c1.Init.AddressingMode = I2C_ADDRESSINGMODE_7BIT;
  50              		.loc 1 45 3 is_stmt 1 view .LVU7
  51              		.loc 1 45 29 is_stmt 0 view .LVU8
  52 0010 0122     		movs	r2, #1
  53 0012 C260     		str	r2, [r0, #12]
  46:Core/Src/i2c.c ****   hi2c1.Init.DualAddressMode = I2C_DUALADDRESS_DISABLE;
  54              		.loc 1 46 3 is_stmt 1 view .LVU9
  55              		.loc 1 46 30 is_stmt 0 view .LVU10
  56 0014 0361     		str	r3, [r0, #16]
  47:Core/Src/i2c.c ****   hi2c1.Init.OwnAddress2 = 0;
  57              		.loc 1 47 3 is_stmt 1 view .LVU11
  58              		.loc 1 47 26 is_stmt 0 view .LVU12
  59 0016 4361     		str	r3, [r0, #20]
  48:Core/Src/i2c.c ****   hi2c1.Init.OwnAddress2Masks = I2C_OA2_NOMASK;
  60              		.loc 1 48 3 is_stmt 1 view .LVU13
  61              		.loc 1 48 31 is_stmt 0 view .LVU14
  62 0018 8361     		str	r3, [r0, #24]
  49:Core/Src/i2c.c ****   hi2c1.Init.GeneralCallMode = I2C_GENERALCALL_DISABLE;
  63              		.loc 1 49 3 is_stmt 1 view .LVU15
  64              		.loc 1 49 30 is_stmt 0 view .LVU16
  65 001a C361     		str	r3, [r0, #28]
  50:Core/Src/i2c.c ****   hi2c1.Init.NoStretchMode = I2C_NOSTRETCH_DISABLE;
ARM GAS  C:\Users\mathi\AppData\Local\Temp\cc8mzkWS.s 			page 3


  66              		.loc 1 50 3 is_stmt 1 view .LVU17
  67              		.loc 1 50 28 is_stmt 0 view .LVU18
  68 001c 0362     		str	r3, [r0, #32]
  51:Core/Src/i2c.c ****   if (HAL_I2C_Init(&hi2c1) != HAL_OK)
  69              		.loc 1 51 3 is_stmt 1 view .LVU19
  70              		.loc 1 51 7 is_stmt 0 view .LVU20
  71 001e FFF7FEFF 		bl	HAL_I2C_Init
  72              	.LVL0:
  73              		.loc 1 51 6 discriminator 1 view .LVU21
  74 0022 50B9     		cbnz	r0, .L6
  75              	.L2:
  52:Core/Src/i2c.c ****   {
  53:Core/Src/i2c.c ****     Error_Handler();
  54:Core/Src/i2c.c ****   }
  55:Core/Src/i2c.c **** 
  56:Core/Src/i2c.c ****   /** Configure Analogue filter
  57:Core/Src/i2c.c ****   */
  58:Core/Src/i2c.c ****   if (HAL_I2CEx_ConfigAnalogFilter(&hi2c1, I2C_ANALOGFILTER_ENABLE) != HAL_OK)
  76              		.loc 1 58 3 is_stmt 1 view .LVU22
  77              		.loc 1 58 7 is_stmt 0 view .LVU23
  78 0024 0021     		movs	r1, #0
  79 0026 0948     		ldr	r0, .L9
  80 0028 FFF7FEFF 		bl	HAL_I2CEx_ConfigAnalogFilter
  81              	.LVL1:
  82              		.loc 1 58 6 discriminator 1 view .LVU24
  83 002c 40B9     		cbnz	r0, .L7
  84              	.L3:
  59:Core/Src/i2c.c ****   {
  60:Core/Src/i2c.c ****     Error_Handler();
  61:Core/Src/i2c.c ****   }
  62:Core/Src/i2c.c **** 
  63:Core/Src/i2c.c ****   /** Configure Digital filter
  64:Core/Src/i2c.c ****   */
  65:Core/Src/i2c.c ****   if (HAL_I2CEx_ConfigDigitalFilter(&hi2c1, 0) != HAL_OK)
  85              		.loc 1 65 3 is_stmt 1 view .LVU25
  86              		.loc 1 65 7 is_stmt 0 view .LVU26
  87 002e 0021     		movs	r1, #0
  88 0030 0648     		ldr	r0, .L9
  89 0032 FFF7FEFF 		bl	HAL_I2CEx_ConfigDigitalFilter
  90              	.LVL2:
  91              		.loc 1 65 6 discriminator 1 view .LVU27
  92 0036 30B9     		cbnz	r0, .L8
  93              	.L1:
  66:Core/Src/i2c.c ****   {
  67:Core/Src/i2c.c ****     Error_Handler();
  68:Core/Src/i2c.c ****   }
  69:Core/Src/i2c.c ****   /* USER CODE BEGIN I2C1_Init 2 */
  70:Core/Src/i2c.c **** 
  71:Core/Src/i2c.c ****   /* USER CODE END I2C1_Init 2 */
  72:Core/Src/i2c.c **** 
  73:Core/Src/i2c.c **** }
  94              		.loc 1 73 1 view .LVU28
  95 0038 08BD     		pop	{r3, pc}
  96              	.L6:
  53:Core/Src/i2c.c ****   }
  97              		.loc 1 53 5 is_stmt 1 view .LVU29
  98 003a FFF7FEFF 		bl	Error_Handler
ARM GAS  C:\Users\mathi\AppData\Local\Temp\cc8mzkWS.s 			page 4


  99              	.LVL3:
 100 003e F1E7     		b	.L2
 101              	.L7:
  60:Core/Src/i2c.c ****   }
 102              		.loc 1 60 5 view .LVU30
 103 0040 FFF7FEFF 		bl	Error_Handler
 104              	.LVL4:
 105 0044 F3E7     		b	.L3
 106              	.L8:
  67:Core/Src/i2c.c ****   }
 107              		.loc 1 67 5 view .LVU31
 108 0046 FFF7FEFF 		bl	Error_Handler
 109              	.LVL5:
 110              		.loc 1 73 1 is_stmt 0 view .LVU32
 111 004a F5E7     		b	.L1
 112              	.L10:
 113              		.align	2
 114              	.L9:
 115 004c 00000000 		.word	hi2c1
 116 0050 00540040 		.word	1073763328
 117 0054 E49CD110 		.word	282172644
 118              		.cfi_endproc
 119              	.LFE292:
 121              		.section	.text.HAL_I2C_MspInit,"ax",%progbits
 122              		.align	1
 123              		.global	HAL_I2C_MspInit
 124              		.syntax unified
 125              		.thumb
 126              		.thumb_func
 128              	HAL_I2C_MspInit:
 129              	.LVL6:
 130              	.LFB293:
  74:Core/Src/i2c.c **** 
  75:Core/Src/i2c.c **** void HAL_I2C_MspInit(I2C_HandleTypeDef* i2cHandle)
  76:Core/Src/i2c.c **** {
 131              		.loc 1 76 1 is_stmt 1 view -0
 132              		.cfi_startproc
 133              		@ args = 0, pretend = 0, frame = 136
 134              		@ frame_needed = 0, uses_anonymous_args = 0
 135              		.loc 1 76 1 is_stmt 0 view .LVU34
 136 0000 70B5     		push	{r4, r5, r6, lr}
 137              		.cfi_def_cfa_offset 16
 138              		.cfi_offset 4, -16
 139              		.cfi_offset 5, -12
 140              		.cfi_offset 6, -8
 141              		.cfi_offset 14, -4
 142 0002 A2B0     		sub	sp, sp, #136
 143              		.cfi_def_cfa_offset 152
 144 0004 0446     		mov	r4, r0
  77:Core/Src/i2c.c **** 
  78:Core/Src/i2c.c ****   GPIO_InitTypeDef GPIO_InitStruct = {0};
 145              		.loc 1 78 3 is_stmt 1 view .LVU35
 146              		.loc 1 78 20 is_stmt 0 view .LVU36
 147 0006 0021     		movs	r1, #0
 148 0008 1D91     		str	r1, [sp, #116]
 149 000a 1E91     		str	r1, [sp, #120]
 150 000c 1F91     		str	r1, [sp, #124]
ARM GAS  C:\Users\mathi\AppData\Local\Temp\cc8mzkWS.s 			page 5


 151 000e 2091     		str	r1, [sp, #128]
 152 0010 2191     		str	r1, [sp, #132]
  79:Core/Src/i2c.c ****   RCC_PeriphCLKInitTypeDef PeriphClkInit = {0};
 153              		.loc 1 79 3 is_stmt 1 view .LVU37
 154              		.loc 1 79 28 is_stmt 0 view .LVU38
 155 0012 6822     		movs	r2, #104
 156 0014 03A8     		add	r0, sp, #12
 157              	.LVL7:
 158              		.loc 1 79 28 view .LVU39
 159 0016 FFF7FEFF 		bl	memset
 160              	.LVL8:
  80:Core/Src/i2c.c ****   if(i2cHandle->Instance==I2C1)
 161              		.loc 1 80 3 is_stmt 1 view .LVU40
 162              		.loc 1 80 15 is_stmt 0 view .LVU41
 163 001a 2268     		ldr	r2, [r4]
 164              		.loc 1 80 5 view .LVU42
 165 001c 3A4B     		ldr	r3, .L21
 166 001e 9A42     		cmp	r2, r3
 167 0020 01D0     		beq	.L17
 168              	.L11:
  81:Core/Src/i2c.c ****   {
  82:Core/Src/i2c.c ****   /* USER CODE BEGIN I2C1_MspInit 0 */
  83:Core/Src/i2c.c **** 
  84:Core/Src/i2c.c ****   /* USER CODE END I2C1_MspInit 0 */
  85:Core/Src/i2c.c **** 
  86:Core/Src/i2c.c ****   /** Initializes the peripherals clock
  87:Core/Src/i2c.c ****   */
  88:Core/Src/i2c.c ****     PeriphClkInit.PeriphClockSelection = RCC_PERIPHCLK_I2C1;
  89:Core/Src/i2c.c ****     PeriphClkInit.I2c1ClockSelection = RCC_I2C1CLKSOURCE_PCLK1;
  90:Core/Src/i2c.c ****     if (HAL_RCCEx_PeriphCLKConfig(&PeriphClkInit) != HAL_OK)
  91:Core/Src/i2c.c ****     {
  92:Core/Src/i2c.c ****       Error_Handler();
  93:Core/Src/i2c.c ****     }
  94:Core/Src/i2c.c **** 
  95:Core/Src/i2c.c ****     __HAL_RCC_GPIOA_CLK_ENABLE();
  96:Core/Src/i2c.c ****     /**I2C1 GPIO Configuration
  97:Core/Src/i2c.c ****     PA9     ------> I2C1_SCL
  98:Core/Src/i2c.c ****     PA10     ------> I2C1_SDA
  99:Core/Src/i2c.c ****     */
 100:Core/Src/i2c.c ****     GPIO_InitStruct.Pin = GPIO_PIN_9|GPIO_PIN_10;
 101:Core/Src/i2c.c ****     GPIO_InitStruct.Mode = GPIO_MODE_AF_OD;
 102:Core/Src/i2c.c ****     GPIO_InitStruct.Pull = GPIO_NOPULL;
 103:Core/Src/i2c.c ****     GPIO_InitStruct.Speed = GPIO_SPEED_FREQ_VERY_HIGH;
 104:Core/Src/i2c.c ****     GPIO_InitStruct.Alternate = GPIO_AF4_I2C1;
 105:Core/Src/i2c.c ****     HAL_GPIO_Init(GPIOA, &GPIO_InitStruct);
 106:Core/Src/i2c.c **** 
 107:Core/Src/i2c.c ****     /* I2C1 clock enable */
 108:Core/Src/i2c.c ****     __HAL_RCC_I2C1_CLK_ENABLE();
 109:Core/Src/i2c.c **** 
 110:Core/Src/i2c.c ****     /* I2C1 DMA Init */
 111:Core/Src/i2c.c ****     /* I2C1_RX Init */
 112:Core/Src/i2c.c ****     hdma_i2c1_rx.Instance = DMA2_Channel6;
 113:Core/Src/i2c.c ****     hdma_i2c1_rx.Init.Request = DMA_REQUEST_5;
 114:Core/Src/i2c.c ****     hdma_i2c1_rx.Init.Direction = DMA_PERIPH_TO_MEMORY;
 115:Core/Src/i2c.c ****     hdma_i2c1_rx.Init.PeriphInc = DMA_PINC_DISABLE;
 116:Core/Src/i2c.c ****     hdma_i2c1_rx.Init.MemInc = DMA_MINC_ENABLE;
 117:Core/Src/i2c.c ****     hdma_i2c1_rx.Init.PeriphDataAlignment = DMA_PDATAALIGN_BYTE;
ARM GAS  C:\Users\mathi\AppData\Local\Temp\cc8mzkWS.s 			page 6


 118:Core/Src/i2c.c ****     hdma_i2c1_rx.Init.MemDataAlignment = DMA_MDATAALIGN_BYTE;
 119:Core/Src/i2c.c ****     hdma_i2c1_rx.Init.Mode = DMA_NORMAL;
 120:Core/Src/i2c.c ****     hdma_i2c1_rx.Init.Priority = DMA_PRIORITY_VERY_HIGH;
 121:Core/Src/i2c.c ****     if (HAL_DMA_Init(&hdma_i2c1_rx) != HAL_OK)
 122:Core/Src/i2c.c ****     {
 123:Core/Src/i2c.c ****       Error_Handler();
 124:Core/Src/i2c.c ****     }
 125:Core/Src/i2c.c **** 
 126:Core/Src/i2c.c ****     __HAL_LINKDMA(i2cHandle,hdmarx,hdma_i2c1_rx);
 127:Core/Src/i2c.c **** 
 128:Core/Src/i2c.c ****     /* I2C1_TX Init */
 129:Core/Src/i2c.c ****     hdma_i2c1_tx.Instance = DMA2_Channel7;
 130:Core/Src/i2c.c ****     hdma_i2c1_tx.Init.Request = DMA_REQUEST_5;
 131:Core/Src/i2c.c ****     hdma_i2c1_tx.Init.Direction = DMA_MEMORY_TO_PERIPH;
 132:Core/Src/i2c.c ****     hdma_i2c1_tx.Init.PeriphInc = DMA_PINC_DISABLE;
 133:Core/Src/i2c.c ****     hdma_i2c1_tx.Init.MemInc = DMA_MINC_ENABLE;
 134:Core/Src/i2c.c ****     hdma_i2c1_tx.Init.PeriphDataAlignment = DMA_PDATAALIGN_BYTE;
 135:Core/Src/i2c.c ****     hdma_i2c1_tx.Init.MemDataAlignment = DMA_MDATAALIGN_BYTE;
 136:Core/Src/i2c.c ****     hdma_i2c1_tx.Init.Mode = DMA_NORMAL;
 137:Core/Src/i2c.c ****     hdma_i2c1_tx.Init.Priority = DMA_PRIORITY_VERY_HIGH;
 138:Core/Src/i2c.c ****     if (HAL_DMA_Init(&hdma_i2c1_tx) != HAL_OK)
 139:Core/Src/i2c.c ****     {
 140:Core/Src/i2c.c ****       Error_Handler();
 141:Core/Src/i2c.c ****     }
 142:Core/Src/i2c.c **** 
 143:Core/Src/i2c.c ****     __HAL_LINKDMA(i2cHandle,hdmatx,hdma_i2c1_tx);
 144:Core/Src/i2c.c **** 
 145:Core/Src/i2c.c ****     /* I2C1 interrupt Init */
 146:Core/Src/i2c.c ****     HAL_NVIC_SetPriority(I2C1_EV_IRQn, 5, 0);
 147:Core/Src/i2c.c ****     HAL_NVIC_EnableIRQ(I2C1_EV_IRQn);
 148:Core/Src/i2c.c ****     HAL_NVIC_SetPriority(I2C1_ER_IRQn, 5, 0);
 149:Core/Src/i2c.c ****     HAL_NVIC_EnableIRQ(I2C1_ER_IRQn);
 150:Core/Src/i2c.c ****   /* USER CODE BEGIN I2C1_MspInit 1 */
 151:Core/Src/i2c.c **** 
 152:Core/Src/i2c.c ****   /* USER CODE END I2C1_MspInit 1 */
 153:Core/Src/i2c.c ****   }
 154:Core/Src/i2c.c **** }
 169              		.loc 1 154 1 view .LVU43
 170 0022 22B0     		add	sp, sp, #136
 171              		.cfi_remember_state
 172              		.cfi_def_cfa_offset 16
 173              		@ sp needed
 174 0024 70BD     		pop	{r4, r5, r6, pc}
 175              	.LVL9:
 176              	.L17:
 177              		.cfi_restore_state
  88:Core/Src/i2c.c ****     PeriphClkInit.I2c1ClockSelection = RCC_I2C1CLKSOURCE_PCLK1;
 178              		.loc 1 88 5 is_stmt 1 view .LVU44
  88:Core/Src/i2c.c ****     PeriphClkInit.I2c1ClockSelection = RCC_I2C1CLKSOURCE_PCLK1;
 179              		.loc 1 88 40 is_stmt 0 view .LVU45
 180 0026 4023     		movs	r3, #64
 181 0028 0393     		str	r3, [sp, #12]
  89:Core/Src/i2c.c ****     if (HAL_RCCEx_PeriphCLKConfig(&PeriphClkInit) != HAL_OK)
 182              		.loc 1 89 5 is_stmt 1 view .LVU46
  90:Core/Src/i2c.c ****     {
 183              		.loc 1 90 5 view .LVU47
  90:Core/Src/i2c.c ****     {
ARM GAS  C:\Users\mathi\AppData\Local\Temp\cc8mzkWS.s 			page 7


 184              		.loc 1 90 9 is_stmt 0 view .LVU48
 185 002a 03A8     		add	r0, sp, #12
 186 002c FFF7FEFF 		bl	HAL_RCCEx_PeriphCLKConfig
 187              	.LVL10:
  90:Core/Src/i2c.c ****     {
 188              		.loc 1 90 8 discriminator 1 view .LVU49
 189 0030 0028     		cmp	r0, #0
 190 0032 5FD1     		bne	.L18
 191              	.L13:
  95:Core/Src/i2c.c ****     /**I2C1 GPIO Configuration
 192              		.loc 1 95 5 is_stmt 1 view .LVU50
 193              	.LBB2:
  95:Core/Src/i2c.c ****     /**I2C1 GPIO Configuration
 194              		.loc 1 95 5 view .LVU51
  95:Core/Src/i2c.c ****     /**I2C1 GPIO Configuration
 195              		.loc 1 95 5 view .LVU52
 196 0034 354E     		ldr	r6, .L21+4
 197 0036 F36C     		ldr	r3, [r6, #76]
 198 0038 43F00103 		orr	r3, r3, #1
 199 003c F364     		str	r3, [r6, #76]
  95:Core/Src/i2c.c ****     /**I2C1 GPIO Configuration
 200              		.loc 1 95 5 view .LVU53
 201 003e F36C     		ldr	r3, [r6, #76]
 202 0040 03F00103 		and	r3, r3, #1
 203 0044 0193     		str	r3, [sp, #4]
  95:Core/Src/i2c.c ****     /**I2C1 GPIO Configuration
 204              		.loc 1 95 5 view .LVU54
 205 0046 019B     		ldr	r3, [sp, #4]
 206              	.LBE2:
  95:Core/Src/i2c.c ****     /**I2C1 GPIO Configuration
 207              		.loc 1 95 5 view .LVU55
 100:Core/Src/i2c.c ****     GPIO_InitStruct.Mode = GPIO_MODE_AF_OD;
 208              		.loc 1 100 5 view .LVU56
 100:Core/Src/i2c.c ****     GPIO_InitStruct.Mode = GPIO_MODE_AF_OD;
 209              		.loc 1 100 25 is_stmt 0 view .LVU57
 210 0048 4FF4C063 		mov	r3, #1536
 211 004c 1D93     		str	r3, [sp, #116]
 101:Core/Src/i2c.c ****     GPIO_InitStruct.Pull = GPIO_NOPULL;
 212              		.loc 1 101 5 is_stmt 1 view .LVU58
 101:Core/Src/i2c.c ****     GPIO_InitStruct.Pull = GPIO_NOPULL;
 213              		.loc 1 101 26 is_stmt 0 view .LVU59
 214 004e 1223     		movs	r3, #18
 215 0050 1E93     		str	r3, [sp, #120]
 102:Core/Src/i2c.c ****     GPIO_InitStruct.Speed = GPIO_SPEED_FREQ_VERY_HIGH;
 216              		.loc 1 102 5 is_stmt 1 view .LVU60
 102:Core/Src/i2c.c ****     GPIO_InitStruct.Speed = GPIO_SPEED_FREQ_VERY_HIGH;
 217              		.loc 1 102 26 is_stmt 0 view .LVU61
 218 0052 0025     		movs	r5, #0
 219 0054 1F95     		str	r5, [sp, #124]
 103:Core/Src/i2c.c ****     GPIO_InitStruct.Alternate = GPIO_AF4_I2C1;
 220              		.loc 1 103 5 is_stmt 1 view .LVU62
 103:Core/Src/i2c.c ****     GPIO_InitStruct.Alternate = GPIO_AF4_I2C1;
 221              		.loc 1 103 27 is_stmt 0 view .LVU63
 222 0056 0323     		movs	r3, #3
 223 0058 2093     		str	r3, [sp, #128]
 104:Core/Src/i2c.c ****     HAL_GPIO_Init(GPIOA, &GPIO_InitStruct);
 224              		.loc 1 104 5 is_stmt 1 view .LVU64
ARM GAS  C:\Users\mathi\AppData\Local\Temp\cc8mzkWS.s 			page 8


 104:Core/Src/i2c.c ****     HAL_GPIO_Init(GPIOA, &GPIO_InitStruct);
 225              		.loc 1 104 31 is_stmt 0 view .LVU65
 226 005a 0423     		movs	r3, #4
 227 005c 2193     		str	r3, [sp, #132]
 105:Core/Src/i2c.c **** 
 228              		.loc 1 105 5 is_stmt 1 view .LVU66
 229 005e 1DA9     		add	r1, sp, #116
 230 0060 4FF09040 		mov	r0, #1207959552
 231 0064 FFF7FEFF 		bl	HAL_GPIO_Init
 232              	.LVL11:
 108:Core/Src/i2c.c **** 
 233              		.loc 1 108 5 view .LVU67
 234              	.LBB3:
 108:Core/Src/i2c.c **** 
 235              		.loc 1 108 5 view .LVU68
 108:Core/Src/i2c.c **** 
 236              		.loc 1 108 5 view .LVU69
 237 0068 B36D     		ldr	r3, [r6, #88]
 238 006a 43F40013 		orr	r3, r3, #2097152
 239 006e B365     		str	r3, [r6, #88]
 108:Core/Src/i2c.c **** 
 240              		.loc 1 108 5 view .LVU70
 241 0070 B36D     		ldr	r3, [r6, #88]
 242 0072 03F40013 		and	r3, r3, #2097152
 243 0076 0293     		str	r3, [sp, #8]
 108:Core/Src/i2c.c **** 
 244              		.loc 1 108 5 view .LVU71
 245 0078 029B     		ldr	r3, [sp, #8]
 246              	.LBE3:
 108:Core/Src/i2c.c **** 
 247              		.loc 1 108 5 view .LVU72
 112:Core/Src/i2c.c ****     hdma_i2c1_rx.Init.Request = DMA_REQUEST_5;
 248              		.loc 1 112 5 view .LVU73
 112:Core/Src/i2c.c ****     hdma_i2c1_rx.Init.Request = DMA_REQUEST_5;
 249              		.loc 1 112 27 is_stmt 0 view .LVU74
 250 007a 2548     		ldr	r0, .L21+8
 251 007c 254B     		ldr	r3, .L21+12
 252 007e 0360     		str	r3, [r0]
 113:Core/Src/i2c.c ****     hdma_i2c1_rx.Init.Direction = DMA_PERIPH_TO_MEMORY;
 253              		.loc 1 113 5 is_stmt 1 view .LVU75
 113:Core/Src/i2c.c ****     hdma_i2c1_rx.Init.Direction = DMA_PERIPH_TO_MEMORY;
 254              		.loc 1 113 31 is_stmt 0 view .LVU76
 255 0080 0523     		movs	r3, #5
 256 0082 4360     		str	r3, [r0, #4]
 114:Core/Src/i2c.c ****     hdma_i2c1_rx.Init.PeriphInc = DMA_PINC_DISABLE;
 257              		.loc 1 114 5 is_stmt 1 view .LVU77
 114:Core/Src/i2c.c ****     hdma_i2c1_rx.Init.PeriphInc = DMA_PINC_DISABLE;
 258              		.loc 1 114 33 is_stmt 0 view .LVU78
 259 0084 8560     		str	r5, [r0, #8]
 115:Core/Src/i2c.c ****     hdma_i2c1_rx.Init.MemInc = DMA_MINC_ENABLE;
 260              		.loc 1 115 5 is_stmt 1 view .LVU79
 115:Core/Src/i2c.c ****     hdma_i2c1_rx.Init.MemInc = DMA_MINC_ENABLE;
 261              		.loc 1 115 33 is_stmt 0 view .LVU80
 262 0086 C560     		str	r5, [r0, #12]
 116:Core/Src/i2c.c ****     hdma_i2c1_rx.Init.PeriphDataAlignment = DMA_PDATAALIGN_BYTE;
 263              		.loc 1 116 5 is_stmt 1 view .LVU81
 116:Core/Src/i2c.c ****     hdma_i2c1_rx.Init.PeriphDataAlignment = DMA_PDATAALIGN_BYTE;
ARM GAS  C:\Users\mathi\AppData\Local\Temp\cc8mzkWS.s 			page 9


 264              		.loc 1 116 30 is_stmt 0 view .LVU82
 265 0088 8023     		movs	r3, #128
 266 008a 0361     		str	r3, [r0, #16]
 117:Core/Src/i2c.c ****     hdma_i2c1_rx.Init.MemDataAlignment = DMA_MDATAALIGN_BYTE;
 267              		.loc 1 117 5 is_stmt 1 view .LVU83
 117:Core/Src/i2c.c ****     hdma_i2c1_rx.Init.MemDataAlignment = DMA_MDATAALIGN_BYTE;
 268              		.loc 1 117 43 is_stmt 0 view .LVU84
 269 008c 4561     		str	r5, [r0, #20]
 118:Core/Src/i2c.c ****     hdma_i2c1_rx.Init.Mode = DMA_NORMAL;
 270              		.loc 1 118 5 is_stmt 1 view .LVU85
 118:Core/Src/i2c.c ****     hdma_i2c1_rx.Init.Mode = DMA_NORMAL;
 271              		.loc 1 118 40 is_stmt 0 view .LVU86
 272 008e 8561     		str	r5, [r0, #24]
 119:Core/Src/i2c.c ****     hdma_i2c1_rx.Init.Priority = DMA_PRIORITY_VERY_HIGH;
 273              		.loc 1 119 5 is_stmt 1 view .LVU87
 119:Core/Src/i2c.c ****     hdma_i2c1_rx.Init.Priority = DMA_PRIORITY_VERY_HIGH;
 274              		.loc 1 119 28 is_stmt 0 view .LVU88
 275 0090 C561     		str	r5, [r0, #28]
 120:Core/Src/i2c.c ****     if (HAL_DMA_Init(&hdma_i2c1_rx) != HAL_OK)
 276              		.loc 1 120 5 is_stmt 1 view .LVU89
 120:Core/Src/i2c.c ****     if (HAL_DMA_Init(&hdma_i2c1_rx) != HAL_OK)
 277              		.loc 1 120 32 is_stmt 0 view .LVU90
 278 0092 4FF44053 		mov	r3, #12288
 279 0096 0362     		str	r3, [r0, #32]
 121:Core/Src/i2c.c ****     {
 280              		.loc 1 121 5 is_stmt 1 view .LVU91
 121:Core/Src/i2c.c ****     {
 281              		.loc 1 121 9 is_stmt 0 view .LVU92
 282 0098 FFF7FEFF 		bl	HAL_DMA_Init
 283              	.LVL12:
 121:Core/Src/i2c.c ****     {
 284              		.loc 1 121 8 discriminator 1 view .LVU93
 285 009c 68BB     		cbnz	r0, .L19
 286              	.L14:
 126:Core/Src/i2c.c **** 
 287              		.loc 1 126 5 is_stmt 1 view .LVU94
 126:Core/Src/i2c.c **** 
 288              		.loc 1 126 5 view .LVU95
 289 009e 1C4B     		ldr	r3, .L21+8
 290 00a0 E363     		str	r3, [r4, #60]
 126:Core/Src/i2c.c **** 
 291              		.loc 1 126 5 view .LVU96
 292 00a2 9C62     		str	r4, [r3, #40]
 126:Core/Src/i2c.c **** 
 293              		.loc 1 126 5 view .LVU97
 129:Core/Src/i2c.c ****     hdma_i2c1_tx.Init.Request = DMA_REQUEST_5;
 294              		.loc 1 129 5 view .LVU98
 129:Core/Src/i2c.c ****     hdma_i2c1_tx.Init.Request = DMA_REQUEST_5;
 295              		.loc 1 129 27 is_stmt 0 view .LVU99
 296 00a4 1C48     		ldr	r0, .L21+16
 297 00a6 1D4B     		ldr	r3, .L21+20
 298 00a8 0360     		str	r3, [r0]
 130:Core/Src/i2c.c ****     hdma_i2c1_tx.Init.Direction = DMA_MEMORY_TO_PERIPH;
 299              		.loc 1 130 5 is_stmt 1 view .LVU100
 130:Core/Src/i2c.c ****     hdma_i2c1_tx.Init.Direction = DMA_MEMORY_TO_PERIPH;
 300              		.loc 1 130 31 is_stmt 0 view .LVU101
 301 00aa 0523     		movs	r3, #5
ARM GAS  C:\Users\mathi\AppData\Local\Temp\cc8mzkWS.s 			page 10


 302 00ac 4360     		str	r3, [r0, #4]
 131:Core/Src/i2c.c ****     hdma_i2c1_tx.Init.PeriphInc = DMA_PINC_DISABLE;
 303              		.loc 1 131 5 is_stmt 1 view .LVU102
 131:Core/Src/i2c.c ****     hdma_i2c1_tx.Init.PeriphInc = DMA_PINC_DISABLE;
 304              		.loc 1 131 33 is_stmt 0 view .LVU103
 305 00ae 1023     		movs	r3, #16
 306 00b0 8360     		str	r3, [r0, #8]
 132:Core/Src/i2c.c ****     hdma_i2c1_tx.Init.MemInc = DMA_MINC_ENABLE;
 307              		.loc 1 132 5 is_stmt 1 view .LVU104
 132:Core/Src/i2c.c ****     hdma_i2c1_tx.Init.MemInc = DMA_MINC_ENABLE;
 308              		.loc 1 132 33 is_stmt 0 view .LVU105
 309 00b2 0023     		movs	r3, #0
 310 00b4 C360     		str	r3, [r0, #12]
 133:Core/Src/i2c.c ****     hdma_i2c1_tx.Init.PeriphDataAlignment = DMA_PDATAALIGN_BYTE;
 311              		.loc 1 133 5 is_stmt 1 view .LVU106
 133:Core/Src/i2c.c ****     hdma_i2c1_tx.Init.PeriphDataAlignment = DMA_PDATAALIGN_BYTE;
 312              		.loc 1 133 30 is_stmt 0 view .LVU107
 313 00b6 8022     		movs	r2, #128
 314 00b8 0261     		str	r2, [r0, #16]
 134:Core/Src/i2c.c ****     hdma_i2c1_tx.Init.MemDataAlignment = DMA_MDATAALIGN_BYTE;
 315              		.loc 1 134 5 is_stmt 1 view .LVU108
 134:Core/Src/i2c.c ****     hdma_i2c1_tx.Init.MemDataAlignment = DMA_MDATAALIGN_BYTE;
 316              		.loc 1 134 43 is_stmt 0 view .LVU109
 317 00ba 4361     		str	r3, [r0, #20]
 135:Core/Src/i2c.c ****     hdma_i2c1_tx.Init.Mode = DMA_NORMAL;
 318              		.loc 1 135 5 is_stmt 1 view .LVU110
 135:Core/Src/i2c.c ****     hdma_i2c1_tx.Init.Mode = DMA_NORMAL;
 319              		.loc 1 135 40 is_stmt 0 view .LVU111
 320 00bc 8361     		str	r3, [r0, #24]
 136:Core/Src/i2c.c ****     hdma_i2c1_tx.Init.Priority = DMA_PRIORITY_VERY_HIGH;
 321              		.loc 1 136 5 is_stmt 1 view .LVU112
 136:Core/Src/i2c.c ****     hdma_i2c1_tx.Init.Priority = DMA_PRIORITY_VERY_HIGH;
 322              		.loc 1 136 28 is_stmt 0 view .LVU113
 323 00be C361     		str	r3, [r0, #28]
 137:Core/Src/i2c.c ****     if (HAL_DMA_Init(&hdma_i2c1_tx) != HAL_OK)
 324              		.loc 1 137 5 is_stmt 1 view .LVU114
 137:Core/Src/i2c.c ****     if (HAL_DMA_Init(&hdma_i2c1_tx) != HAL_OK)
 325              		.loc 1 137 32 is_stmt 0 view .LVU115
 326 00c0 4FF44053 		mov	r3, #12288
 327 00c4 0362     		str	r3, [r0, #32]
 138:Core/Src/i2c.c ****     {
 328              		.loc 1 138 5 is_stmt 1 view .LVU116
 138:Core/Src/i2c.c ****     {
 329              		.loc 1 138 9 is_stmt 0 view .LVU117
 330 00c6 FFF7FEFF 		bl	HAL_DMA_Init
 331              	.LVL13:
 138:Core/Src/i2c.c ****     {
 332              		.loc 1 138 8 discriminator 1 view .LVU118
 333 00ca C8B9     		cbnz	r0, .L20
 334              	.L15:
 143:Core/Src/i2c.c **** 
 335              		.loc 1 143 5 is_stmt 1 view .LVU119
 143:Core/Src/i2c.c **** 
 336              		.loc 1 143 5 view .LVU120
 337 00cc 124B     		ldr	r3, .L21+16
 338 00ce A363     		str	r3, [r4, #56]
 143:Core/Src/i2c.c **** 
ARM GAS  C:\Users\mathi\AppData\Local\Temp\cc8mzkWS.s 			page 11


 339              		.loc 1 143 5 view .LVU121
 340 00d0 9C62     		str	r4, [r3, #40]
 143:Core/Src/i2c.c **** 
 341              		.loc 1 143 5 view .LVU122
 146:Core/Src/i2c.c ****     HAL_NVIC_EnableIRQ(I2C1_EV_IRQn);
 342              		.loc 1 146 5 view .LVU123
 343 00d2 0022     		movs	r2, #0
 344 00d4 0521     		movs	r1, #5
 345 00d6 1F20     		movs	r0, #31
 346 00d8 FFF7FEFF 		bl	HAL_NVIC_SetPriority
 347              	.LVL14:
 147:Core/Src/i2c.c ****     HAL_NVIC_SetPriority(I2C1_ER_IRQn, 5, 0);
 348              		.loc 1 147 5 view .LVU124
 349 00dc 1F20     		movs	r0, #31
 350 00de FFF7FEFF 		bl	HAL_NVIC_EnableIRQ
 351              	.LVL15:
 148:Core/Src/i2c.c ****     HAL_NVIC_EnableIRQ(I2C1_ER_IRQn);
 352              		.loc 1 148 5 view .LVU125
 353 00e2 0022     		movs	r2, #0
 354 00e4 0521     		movs	r1, #5
 355 00e6 2020     		movs	r0, #32
 356 00e8 FFF7FEFF 		bl	HAL_NVIC_SetPriority
 357              	.LVL16:
 149:Core/Src/i2c.c ****   /* USER CODE BEGIN I2C1_MspInit 1 */
 358              		.loc 1 149 5 view .LVU126
 359 00ec 2020     		movs	r0, #32
 360 00ee FFF7FEFF 		bl	HAL_NVIC_EnableIRQ
 361              	.LVL17:
 362              		.loc 1 154 1 is_stmt 0 view .LVU127
 363 00f2 96E7     		b	.L11
 364              	.L18:
  92:Core/Src/i2c.c ****     }
 365              		.loc 1 92 7 is_stmt 1 view .LVU128
 366 00f4 FFF7FEFF 		bl	Error_Handler
 367              	.LVL18:
 368 00f8 9CE7     		b	.L13
 369              	.L19:
 123:Core/Src/i2c.c ****     }
 370              		.loc 1 123 7 view .LVU129
 371 00fa FFF7FEFF 		bl	Error_Handler
 372              	.LVL19:
 373 00fe CEE7     		b	.L14
 374              	.L20:
 140:Core/Src/i2c.c ****     }
 375              		.loc 1 140 7 view .LVU130
 376 0100 FFF7FEFF 		bl	Error_Handler
 377              	.LVL20:
 378 0104 E2E7     		b	.L15
 379              	.L22:
 380 0106 00BF     		.align	2
 381              	.L21:
 382 0108 00540040 		.word	1073763328
 383 010c 00100240 		.word	1073876992
 384 0110 00000000 		.word	hdma_i2c1_rx
 385 0114 6C040240 		.word	1073874028
 386 0118 00000000 		.word	hdma_i2c1_tx
 387 011c 80040240 		.word	1073874048
ARM GAS  C:\Users\mathi\AppData\Local\Temp\cc8mzkWS.s 			page 12


 388              		.cfi_endproc
 389              	.LFE293:
 391              		.section	.text.HAL_I2C_MspDeInit,"ax",%progbits
 392              		.align	1
 393              		.global	HAL_I2C_MspDeInit
 394              		.syntax unified
 395              		.thumb
 396              		.thumb_func
 398              	HAL_I2C_MspDeInit:
 399              	.LVL21:
 400              	.LFB294:
 155:Core/Src/i2c.c **** 
 156:Core/Src/i2c.c **** void HAL_I2C_MspDeInit(I2C_HandleTypeDef* i2cHandle)
 157:Core/Src/i2c.c **** {
 401              		.loc 1 157 1 view -0
 402              		.cfi_startproc
 403              		@ args = 0, pretend = 0, frame = 0
 404              		@ frame_needed = 0, uses_anonymous_args = 0
 158:Core/Src/i2c.c **** 
 159:Core/Src/i2c.c ****   if(i2cHandle->Instance==I2C1)
 405              		.loc 1 159 3 view .LVU132
 406              		.loc 1 159 15 is_stmt 0 view .LVU133
 407 0000 0268     		ldr	r2, [r0]
 408              		.loc 1 159 5 view .LVU134
 409 0002 124B     		ldr	r3, .L30
 410 0004 9A42     		cmp	r2, r3
 411 0006 00D0     		beq	.L29
 412 0008 7047     		bx	lr
 413              	.L29:
 157:Core/Src/i2c.c **** 
 414              		.loc 1 157 1 view .LVU135
 415 000a 10B5     		push	{r4, lr}
 416              		.cfi_def_cfa_offset 8
 417              		.cfi_offset 4, -8
 418              		.cfi_offset 14, -4
 419 000c 0446     		mov	r4, r0
 160:Core/Src/i2c.c ****   {
 161:Core/Src/i2c.c ****   /* USER CODE BEGIN I2C1_MspDeInit 0 */
 162:Core/Src/i2c.c **** 
 163:Core/Src/i2c.c ****   /* USER CODE END I2C1_MspDeInit 0 */
 164:Core/Src/i2c.c ****     /* Peripheral clock disable */
 165:Core/Src/i2c.c ****     __HAL_RCC_I2C1_CLK_DISABLE();
 420              		.loc 1 165 5 is_stmt 1 view .LVU136
 421 000e 104A     		ldr	r2, .L30+4
 422 0010 936D     		ldr	r3, [r2, #88]
 423 0012 23F40013 		bic	r3, r3, #2097152
 424 0016 9365     		str	r3, [r2, #88]
 166:Core/Src/i2c.c **** 
 167:Core/Src/i2c.c ****     /**I2C1 GPIO Configuration
 168:Core/Src/i2c.c ****     PA9     ------> I2C1_SCL
 169:Core/Src/i2c.c ****     PA10     ------> I2C1_SDA
 170:Core/Src/i2c.c ****     */
 171:Core/Src/i2c.c ****     HAL_GPIO_DeInit(GPIOA, GPIO_PIN_9);
 425              		.loc 1 171 5 view .LVU137
 426 0018 4FF40071 		mov	r1, #512
 427 001c 4FF09040 		mov	r0, #1207959552
 428              	.LVL22:
ARM GAS  C:\Users\mathi\AppData\Local\Temp\cc8mzkWS.s 			page 13


 429              		.loc 1 171 5 is_stmt 0 view .LVU138
 430 0020 FFF7FEFF 		bl	HAL_GPIO_DeInit
 431              	.LVL23:
 172:Core/Src/i2c.c **** 
 173:Core/Src/i2c.c ****     HAL_GPIO_DeInit(GPIOA, GPIO_PIN_10);
 432              		.loc 1 173 5 is_stmt 1 view .LVU139
 433 0024 4FF48061 		mov	r1, #1024
 434 0028 4FF09040 		mov	r0, #1207959552
 435 002c FFF7FEFF 		bl	HAL_GPIO_DeInit
 436              	.LVL24:
 174:Core/Src/i2c.c **** 
 175:Core/Src/i2c.c ****     /* I2C1 DMA DeInit */
 176:Core/Src/i2c.c ****     HAL_DMA_DeInit(i2cHandle->hdmarx);
 437              		.loc 1 176 5 view .LVU140
 438 0030 E06B     		ldr	r0, [r4, #60]
 439 0032 FFF7FEFF 		bl	HAL_DMA_DeInit
 440              	.LVL25:
 177:Core/Src/i2c.c ****     HAL_DMA_DeInit(i2cHandle->hdmatx);
 441              		.loc 1 177 5 view .LVU141
 442 0036 A06B     		ldr	r0, [r4, #56]
 443 0038 FFF7FEFF 		bl	HAL_DMA_DeInit
 444              	.LVL26:
 178:Core/Src/i2c.c **** 
 179:Core/Src/i2c.c ****     /* I2C1 interrupt Deinit */
 180:Core/Src/i2c.c ****     HAL_NVIC_DisableIRQ(I2C1_EV_IRQn);
 445              		.loc 1 180 5 view .LVU142
 446 003c 1F20     		movs	r0, #31
 447 003e FFF7FEFF 		bl	HAL_NVIC_DisableIRQ
 448              	.LVL27:
 181:Core/Src/i2c.c ****     HAL_NVIC_DisableIRQ(I2C1_ER_IRQn);
 449              		.loc 1 181 5 view .LVU143
 450 0042 2020     		movs	r0, #32
 451 0044 FFF7FEFF 		bl	HAL_NVIC_DisableIRQ
 452              	.LVL28:
 182:Core/Src/i2c.c ****   /* USER CODE BEGIN I2C1_MspDeInit 1 */
 183:Core/Src/i2c.c **** 
 184:Core/Src/i2c.c ****   /* USER CODE END I2C1_MspDeInit 1 */
 185:Core/Src/i2c.c ****   }
 186:Core/Src/i2c.c **** }
 453              		.loc 1 186 1 is_stmt 0 view .LVU144
 454 0048 10BD     		pop	{r4, pc}
 455              	.LVL29:
 456              	.L31:
 457              		.loc 1 186 1 view .LVU145
 458 004a 00BF     		.align	2
 459              	.L30:
 460 004c 00540040 		.word	1073763328
 461 0050 00100240 		.word	1073876992
 462              		.cfi_endproc
 463              	.LFE294:
 465              		.global	hdma_i2c1_tx
 466              		.section	.bss.hdma_i2c1_tx,"aw",%nobits
 467              		.align	2
 470              	hdma_i2c1_tx:
 471 0000 00000000 		.space	72
 471      00000000 
 471      00000000 
ARM GAS  C:\Users\mathi\AppData\Local\Temp\cc8mzkWS.s 			page 14


 471      00000000 
 471      00000000 
 472              		.global	hdma_i2c1_rx
 473              		.section	.bss.hdma_i2c1_rx,"aw",%nobits
 474              		.align	2
 477              	hdma_i2c1_rx:
 478 0000 00000000 		.space	72
 478      00000000 
 478      00000000 
 478      00000000 
 478      00000000 
 479              		.global	hi2c1
 480              		.section	.bss.hi2c1,"aw",%nobits
 481              		.align	2
 484              	hi2c1:
 485 0000 00000000 		.space	84
 485      00000000 
 485      00000000 
 485      00000000 
 485      00000000 
 486              		.text
 487              	.Letext0:
 488              		.file 2 "Drivers/CMSIS/Device/ST/STM32L4xx/Include/stm32l452xx.h"
 489              		.file 3 "C:/Users/mathi/AppData/Roaming/Code/User/globalStorage/bmd.stm32-for-vscode/@xpack-dev-to
 490              		.file 4 "C:/Users/mathi/AppData/Roaming/Code/User/globalStorage/bmd.stm32-for-vscode/@xpack-dev-to
 491              		.file 5 "Drivers/STM32L4xx_HAL_Driver/Inc/stm32l4xx_hal_def.h"
 492              		.file 6 "Drivers/STM32L4xx_HAL_Driver/Inc/stm32l4xx_hal_rcc_ex.h"
 493              		.file 7 "Drivers/STM32L4xx_HAL_Driver/Inc/stm32l4xx_hal_gpio.h"
 494              		.file 8 "Drivers/STM32L4xx_HAL_Driver/Inc/stm32l4xx_hal_dma.h"
 495              		.file 9 "Drivers/STM32L4xx_HAL_Driver/Inc/stm32l4xx_hal_i2c.h"
 496              		.file 10 "Core/Inc/i2c.h"
 497              		.file 11 "Drivers/STM32L4xx_HAL_Driver/Inc/stm32l4xx_hal_cortex.h"
 498              		.file 12 "Drivers/STM32L4xx_HAL_Driver/Inc/stm32l4xx_hal_i2c_ex.h"
 499              		.file 13 "Core/Inc/main.h"
 500              		.file 14 "<built-in>"
ARM GAS  C:\Users\mathi\AppData\Local\Temp\cc8mzkWS.s 			page 15


DEFINED SYMBOLS
                            *ABS*:00000000 i2c.c
C:\Users\mathi\AppData\Local\Temp\cc8mzkWS.s:21     .text.MX_I2C1_Init:00000000 $t
C:\Users\mathi\AppData\Local\Temp\cc8mzkWS.s:27     .text.MX_I2C1_Init:00000000 MX_I2C1_Init
C:\Users\mathi\AppData\Local\Temp\cc8mzkWS.s:115    .text.MX_I2C1_Init:0000004c $d
C:\Users\mathi\AppData\Local\Temp\cc8mzkWS.s:484    .bss.hi2c1:00000000 hi2c1
C:\Users\mathi\AppData\Local\Temp\cc8mzkWS.s:122    .text.HAL_I2C_MspInit:00000000 $t
C:\Users\mathi\AppData\Local\Temp\cc8mzkWS.s:128    .text.HAL_I2C_MspInit:00000000 HAL_I2C_MspInit
C:\Users\mathi\AppData\Local\Temp\cc8mzkWS.s:382    .text.HAL_I2C_MspInit:00000108 $d
C:\Users\mathi\AppData\Local\Temp\cc8mzkWS.s:477    .bss.hdma_i2c1_rx:00000000 hdma_i2c1_rx
C:\Users\mathi\AppData\Local\Temp\cc8mzkWS.s:470    .bss.hdma_i2c1_tx:00000000 hdma_i2c1_tx
C:\Users\mathi\AppData\Local\Temp\cc8mzkWS.s:392    .text.HAL_I2C_MspDeInit:00000000 $t
C:\Users\mathi\AppData\Local\Temp\cc8mzkWS.s:398    .text.HAL_I2C_MspDeInit:00000000 HAL_I2C_MspDeInit
C:\Users\mathi\AppData\Local\Temp\cc8mzkWS.s:460    .text.HAL_I2C_MspDeInit:0000004c $d
C:\Users\mathi\AppData\Local\Temp\cc8mzkWS.s:467    .bss.hdma_i2c1_tx:00000000 $d
C:\Users\mathi\AppData\Local\Temp\cc8mzkWS.s:474    .bss.hdma_i2c1_rx:00000000 $d
C:\Users\mathi\AppData\Local\Temp\cc8mzkWS.s:481    .bss.hi2c1:00000000 $d

UNDEFINED SYMBOLS
HAL_I2C_Init
HAL_I2CEx_ConfigAnalogFilter
HAL_I2CEx_ConfigDigitalFilter
Error_Handler
memset
HAL_RCCEx_PeriphCLKConfig
HAL_GPIO_Init
HAL_DMA_Init
HAL_NVIC_SetPriority
HAL_NVIC_EnableIRQ
HAL_GPIO_DeInit
HAL_DMA_DeInit
HAL_NVIC_DisableIRQ
