ARM GAS  C:\Users\mathi\AppData\Local\Temp\ccemP4c9.s 			page 1


   1              		.cpu cortex-m4
   2              		.arch armv7e-m
   3              		.fpu fpv4-sp-d16
   4              		.eabi_attribute 27, 1
   5              		.eabi_attribute 28, 1
   6              		.eabi_attribute 20, 1
   7              		.eabi_attribute 21, 1
   8              		.eabi_attribute 23, 3
   9              		.eabi_attribute 24, 1
  10              		.eabi_attribute 25, 1
  11              		.eabi_attribute 26, 1
  12              		.eabi_attribute 30, 1
  13              		.eabi_attribute 34, 1
  14              		.eabi_attribute 18, 4
  15              		.file	"microros_allocators.c"
  16              		.text
  17              	.Ltext0:
  18              		.cfi_sections	.debug_frame
  19              		.file 1 "micro_ros_stm32cubemx_utils/extra_sources/microros_allocators.c"
  20              		.section	.text.microros_allocate,"ax",%progbits
  21              		.align	1
  22              		.global	microros_allocate
  23              		.syntax unified
  24              		.thumb
  25              		.thumb_func
  27              	microros_allocate:
  28              	.LVL0:
  29              	.LFB4:
   1:micro_ros_stm32cubemx_utils/extra_sources/microros_allocators.c **** 
   2:micro_ros_stm32cubemx_utils/extra_sources/microros_allocators.c **** #include <unistd.h>
   3:micro_ros_stm32cubemx_utils/extra_sources/microros_allocators.c **** #include "cmsis_os.h"
   4:micro_ros_stm32cubemx_utils/extra_sources/microros_allocators.c **** 
   5:micro_ros_stm32cubemx_utils/extra_sources/microros_allocators.c **** int absoluteUsedMemory = 0;
   6:micro_ros_stm32cubemx_utils/extra_sources/microros_allocators.c **** int usedMemory = 0;
   7:micro_ros_stm32cubemx_utils/extra_sources/microros_allocators.c **** 
   8:micro_ros_stm32cubemx_utils/extra_sources/microros_allocators.c **** void *pvPortMallocMicroROS( size_t xWantedSize );
   9:micro_ros_stm32cubemx_utils/extra_sources/microros_allocators.c **** void vPortFreeMicroROS( void *pv );
  10:micro_ros_stm32cubemx_utils/extra_sources/microros_allocators.c **** void *pvPortReallocMicroROS( void *pv, size_t xWantedSize );
  11:micro_ros_stm32cubemx_utils/extra_sources/microros_allocators.c **** size_t getBlockSize( void *pv );
  12:micro_ros_stm32cubemx_utils/extra_sources/microros_allocators.c **** void *pvPortCallocMicroROS( size_t num, size_t xWantedSize );
  13:micro_ros_stm32cubemx_utils/extra_sources/microros_allocators.c **** 
  14:micro_ros_stm32cubemx_utils/extra_sources/microros_allocators.c **** void * microros_allocate(size_t size, void * state){
  30              		.loc 1 14 52 view -0
  31              		.cfi_startproc
  32              		@ args = 0, pretend = 0, frame = 0
  33              		@ frame_needed = 0, uses_anonymous_args = 0
  34              		.loc 1 14 52 is_stmt 0 view .LVU1
  35 0000 08B5     		push	{r3, lr}
  36              		.cfi_def_cfa_offset 8
  37              		.cfi_offset 3, -8
  38              		.cfi_offset 14, -4
  15:micro_ros_stm32cubemx_utils/extra_sources/microros_allocators.c ****   (void) state;
  39              		.loc 1 15 3 is_stmt 1 view .LVU2
  16:micro_ros_stm32cubemx_utils/extra_sources/microros_allocators.c ****   // printf("-- Alloc %d (prev: %d B)\n",size, xPortGetFreeHeapSize());
  17:micro_ros_stm32cubemx_utils/extra_sources/microros_allocators.c ****   absoluteUsedMemory += size;
  40              		.loc 1 17 3 view .LVU3
  41              		.loc 1 17 22 is_stmt 0 view .LVU4
ARM GAS  C:\Users\mathi\AppData\Local\Temp\ccemP4c9.s 			page 2


  42 0002 0549     		ldr	r1, .L3
  43              	.LVL1:
  44              		.loc 1 17 22 view .LVU5
  45 0004 0A68     		ldr	r2, [r1]
  46 0006 0244     		add	r2, r2, r0
  47 0008 0A60     		str	r2, [r1]
  18:micro_ros_stm32cubemx_utils/extra_sources/microros_allocators.c ****   usedMemory += size;
  48              		.loc 1 18 3 is_stmt 1 view .LVU6
  49              		.loc 1 18 14 is_stmt 0 view .LVU7
  50 000a 0449     		ldr	r1, .L3+4
  51 000c 0A68     		ldr	r2, [r1]
  52 000e 0244     		add	r2, r2, r0
  53 0010 0A60     		str	r2, [r1]
  19:micro_ros_stm32cubemx_utils/extra_sources/microros_allocators.c ****   return pvPortMallocMicroROS(size);
  54              		.loc 1 19 3 is_stmt 1 view .LVU8
  55              		.loc 1 19 10 is_stmt 0 view .LVU9
  56 0012 FFF7FEFF 		bl	pvPortMallocMicroROS
  57              	.LVL2:
  20:micro_ros_stm32cubemx_utils/extra_sources/microros_allocators.c **** }
  58              		.loc 1 20 1 view .LVU10
  59 0016 08BD     		pop	{r3, pc}
  60              	.L4:
  61              		.align	2
  62              	.L3:
  63 0018 00000000 		.word	absoluteUsedMemory
  64 001c 00000000 		.word	usedMemory
  65              		.cfi_endproc
  66              	.LFE4:
  68              		.section	.text.microros_deallocate,"ax",%progbits
  69              		.align	1
  70              		.global	microros_deallocate
  71              		.syntax unified
  72              		.thumb
  73              		.thumb_func
  75              	microros_deallocate:
  76              	.LVL3:
  77              	.LFB5:
  21:micro_ros_stm32cubemx_utils/extra_sources/microros_allocators.c **** 
  22:micro_ros_stm32cubemx_utils/extra_sources/microros_allocators.c **** void microros_deallocate(void * pointer, void * state){
  78              		.loc 1 22 55 is_stmt 1 view -0
  79              		.cfi_startproc
  80              		@ args = 0, pretend = 0, frame = 0
  81              		@ frame_needed = 0, uses_anonymous_args = 0
  23:micro_ros_stm32cubemx_utils/extra_sources/microros_allocators.c ****   (void) state;
  82              		.loc 1 23 3 view .LVU12
  24:micro_ros_stm32cubemx_utils/extra_sources/microros_allocators.c ****   // printf("-- Free %d (prev: %d B)\n",getBlockSize(pointer), xPortGetFreeHeapSize());
  25:micro_ros_stm32cubemx_utils/extra_sources/microros_allocators.c ****   if (NULL != pointer){
  83              		.loc 1 25 3 view .LVU13
  84              		.loc 1 25 6 is_stmt 0 view .LVU14
  85 0000 58B1     		cbz	r0, .L8
  22:micro_ros_stm32cubemx_utils/extra_sources/microros_allocators.c ****   (void) state;
  86              		.loc 1 22 55 view .LVU15
  87 0002 10B5     		push	{r4, lr}
  88              		.cfi_def_cfa_offset 8
  89              		.cfi_offset 4, -8
  90              		.cfi_offset 14, -4
  91 0004 0446     		mov	r4, r0
ARM GAS  C:\Users\mathi\AppData\Local\Temp\ccemP4c9.s 			page 3


  26:micro_ros_stm32cubemx_utils/extra_sources/microros_allocators.c ****     usedMemory -= getBlockSize(pointer);
  92              		.loc 1 26 5 is_stmt 1 view .LVU16
  93              		.loc 1 26 19 is_stmt 0 view .LVU17
  94 0006 FFF7FEFF 		bl	getBlockSize
  95              	.LVL4:
  96              		.loc 1 26 16 discriminator 1 view .LVU18
  97 000a 044A     		ldr	r2, .L11
  98 000c 1368     		ldr	r3, [r2]
  99 000e 1B1A     		subs	r3, r3, r0
 100 0010 1360     		str	r3, [r2]
  27:micro_ros_stm32cubemx_utils/extra_sources/microros_allocators.c ****     vPortFreeMicroROS(pointer);
 101              		.loc 1 27 5 is_stmt 1 view .LVU19
 102 0012 2046     		mov	r0, r4
 103 0014 FFF7FEFF 		bl	vPortFreeMicroROS
 104              	.LVL5:
  28:micro_ros_stm32cubemx_utils/extra_sources/microros_allocators.c ****   }
  29:micro_ros_stm32cubemx_utils/extra_sources/microros_allocators.c **** }
 105              		.loc 1 29 1 is_stmt 0 view .LVU20
 106 0018 10BD     		pop	{r4, pc}
 107              	.LVL6:
 108              	.L8:
 109              		.cfi_def_cfa_offset 0
 110              		.cfi_restore 4
 111              		.cfi_restore 14
 112              		.loc 1 29 1 view .LVU21
 113 001a 7047     		bx	lr
 114              	.L12:
 115              		.align	2
 116              	.L11:
 117 001c 00000000 		.word	usedMemory
 118              		.cfi_endproc
 119              	.LFE5:
 121              		.section	.text.microros_reallocate,"ax",%progbits
 122              		.align	1
 123              		.global	microros_reallocate
 124              		.syntax unified
 125              		.thumb
 126              		.thumb_func
 128              	microros_reallocate:
 129              	.LVL7:
 130              	.LFB6:
  30:micro_ros_stm32cubemx_utils/extra_sources/microros_allocators.c **** 
  31:micro_ros_stm32cubemx_utils/extra_sources/microros_allocators.c **** void * microros_reallocate(void * pointer, size_t size, void * state){
 131              		.loc 1 31 70 is_stmt 1 view -0
 132              		.cfi_startproc
 133              		@ args = 0, pretend = 0, frame = 0
 134              		@ frame_needed = 0, uses_anonymous_args = 0
 135              		.loc 1 31 70 is_stmt 0 view .LVU23
 136 0000 38B5     		push	{r3, r4, r5, lr}
 137              		.cfi_def_cfa_offset 16
 138              		.cfi_offset 3, -16
 139              		.cfi_offset 4, -12
 140              		.cfi_offset 5, -8
 141              		.cfi_offset 14, -4
 142 0002 0C46     		mov	r4, r1
  32:micro_ros_stm32cubemx_utils/extra_sources/microros_allocators.c ****   (void) state;
 143              		.loc 1 32 3 is_stmt 1 view .LVU24
ARM GAS  C:\Users\mathi\AppData\Local\Temp\ccemP4c9.s 			page 4


  33:micro_ros_stm32cubemx_utils/extra_sources/microros_allocators.c ****   // printf("-- Realloc %d -> %d (prev: %d B)\n",getBlockSize(pointer),size, xPortGetFreeHeapSize()
  34:micro_ros_stm32cubemx_utils/extra_sources/microros_allocators.c ****   absoluteUsedMemory += size;
 144              		.loc 1 34 3 view .LVU25
 145              		.loc 1 34 22 is_stmt 0 view .LVU26
 146 0004 0C4A     		ldr	r2, .L18
 147              	.LVL8:
 148              		.loc 1 34 22 view .LVU27
 149 0006 1368     		ldr	r3, [r2]
 150 0008 0B44     		add	r3, r3, r1
 151 000a 1360     		str	r3, [r2]
  35:micro_ros_stm32cubemx_utils/extra_sources/microros_allocators.c ****   usedMemory += size;
 152              		.loc 1 35 3 is_stmt 1 view .LVU28
 153              		.loc 1 35 14 is_stmt 0 view .LVU29
 154 000c 0B4A     		ldr	r2, .L18+4
 155 000e 1368     		ldr	r3, [r2]
 156 0010 0B44     		add	r3, r3, r1
 157 0012 1360     		str	r3, [r2]
  36:micro_ros_stm32cubemx_utils/extra_sources/microros_allocators.c ****   if (NULL == pointer){
 158              		.loc 1 36 3 is_stmt 1 view .LVU30
 159              		.loc 1 36 6 is_stmt 0 view .LVU31
 160 0014 58B1     		cbz	r0, .L17
 161 0016 0546     		mov	r5, r0
  37:micro_ros_stm32cubemx_utils/extra_sources/microros_allocators.c ****     return pvPortMallocMicroROS(size);
  38:micro_ros_stm32cubemx_utils/extra_sources/microros_allocators.c ****   } else {
  39:micro_ros_stm32cubemx_utils/extra_sources/microros_allocators.c ****     usedMemory -= getBlockSize(pointer);
 162              		.loc 1 39 5 is_stmt 1 view .LVU32
 163              		.loc 1 39 19 is_stmt 0 view .LVU33
 164 0018 FFF7FEFF 		bl	getBlockSize
 165              	.LVL9:
 166              		.loc 1 39 16 discriminator 1 view .LVU34
 167 001c 074A     		ldr	r2, .L18+4
 168 001e 1368     		ldr	r3, [r2]
 169 0020 1B1A     		subs	r3, r3, r0
 170 0022 1360     		str	r3, [r2]
  40:micro_ros_stm32cubemx_utils/extra_sources/microros_allocators.c ****     return pvPortReallocMicroROS(pointer,size);
 171              		.loc 1 40 5 is_stmt 1 view .LVU35
 172              		.loc 1 40 12 is_stmt 0 view .LVU36
 173 0024 2146     		mov	r1, r4
 174 0026 2846     		mov	r0, r5
 175 0028 FFF7FEFF 		bl	pvPortReallocMicroROS
 176              	.LVL10:
 177              	.L13:
  41:micro_ros_stm32cubemx_utils/extra_sources/microros_allocators.c ****   }
  42:micro_ros_stm32cubemx_utils/extra_sources/microros_allocators.c **** }
 178              		.loc 1 42 1 view .LVU37
 179 002c 38BD     		pop	{r3, r4, r5, pc}
 180              	.LVL11:
 181              	.L17:
  37:micro_ros_stm32cubemx_utils/extra_sources/microros_allocators.c ****   } else {
 182              		.loc 1 37 5 is_stmt 1 view .LVU38
  37:micro_ros_stm32cubemx_utils/extra_sources/microros_allocators.c ****   } else {
 183              		.loc 1 37 12 is_stmt 0 view .LVU39
 184 002e 0846     		mov	r0, r1
 185              	.LVL12:
  37:micro_ros_stm32cubemx_utils/extra_sources/microros_allocators.c ****   } else {
 186              		.loc 1 37 12 view .LVU40
 187 0030 FFF7FEFF 		bl	pvPortMallocMicroROS
ARM GAS  C:\Users\mathi\AppData\Local\Temp\ccemP4c9.s 			page 5


 188              	.LVL13:
  37:micro_ros_stm32cubemx_utils/extra_sources/microros_allocators.c ****   } else {
 189              		.loc 1 37 12 view .LVU41
 190 0034 FAE7     		b	.L13
 191              	.L19:
 192 0036 00BF     		.align	2
 193              	.L18:
 194 0038 00000000 		.word	absoluteUsedMemory
 195 003c 00000000 		.word	usedMemory
 196              		.cfi_endproc
 197              	.LFE6:
 199              		.section	.text.microros_zero_allocate,"ax",%progbits
 200              		.align	1
 201              		.global	microros_zero_allocate
 202              		.syntax unified
 203              		.thumb
 204              		.thumb_func
 206              	microros_zero_allocate:
 207              	.LVL14:
 208              	.LFB7:
  43:micro_ros_stm32cubemx_utils/extra_sources/microros_allocators.c **** 
  44:micro_ros_stm32cubemx_utils/extra_sources/microros_allocators.c **** void * microros_zero_allocate(size_t number_of_elements, size_t size_of_element, void * state){
 209              		.loc 1 44 95 is_stmt 1 view -0
 210              		.cfi_startproc
 211              		@ args = 0, pretend = 0, frame = 0
 212              		@ frame_needed = 0, uses_anonymous_args = 0
 213              		.loc 1 44 95 is_stmt 0 view .LVU43
 214 0000 10B5     		push	{r4, lr}
 215              		.cfi_def_cfa_offset 8
 216              		.cfi_offset 4, -8
 217              		.cfi_offset 14, -4
  45:micro_ros_stm32cubemx_utils/extra_sources/microros_allocators.c ****   (void) state;
 218              		.loc 1 45 3 is_stmt 1 view .LVU44
  46:micro_ros_stm32cubemx_utils/extra_sources/microros_allocators.c ****   // printf("-- Calloc %d x %d = %d -> (prev: %d B)\n",number_of_elements,size_of_element, number_o
  47:micro_ros_stm32cubemx_utils/extra_sources/microros_allocators.c ****   absoluteUsedMemory += number_of_elements*size_of_element;
 219              		.loc 1 47 3 view .LVU45
 220              		.loc 1 47 43 is_stmt 0 view .LVU46
 221 0002 01FB00F3 		mul	r3, r1, r0
 222              		.loc 1 47 22 view .LVU47
 223 0006 054C     		ldr	r4, .L22
 224 0008 2268     		ldr	r2, [r4]
 225              	.LVL15:
 226              		.loc 1 47 22 view .LVU48
 227 000a 1A44     		add	r2, r2, r3
 228 000c 2260     		str	r2, [r4]
  48:micro_ros_stm32cubemx_utils/extra_sources/microros_allocators.c ****   usedMemory += number_of_elements*size_of_element;
 229              		.loc 1 48 3 is_stmt 1 view .LVU49
 230              		.loc 1 48 14 is_stmt 0 view .LVU50
 231 000e 044C     		ldr	r4, .L22+4
 232 0010 2268     		ldr	r2, [r4]
 233 0012 1A44     		add	r2, r2, r3
 234 0014 2260     		str	r2, [r4]
  49:micro_ros_stm32cubemx_utils/extra_sources/microros_allocators.c ****   return pvPortCallocMicroROS(number_of_elements,size_of_element);
 235              		.loc 1 49 3 is_stmt 1 view .LVU51
 236              		.loc 1 49 10 is_stmt 0 view .LVU52
 237 0016 FFF7FEFF 		bl	pvPortCallocMicroROS
 238              	.LVL16:
ARM GAS  C:\Users\mathi\AppData\Local\Temp\ccemP4c9.s 			page 6


  50:micro_ros_stm32cubemx_utils/extra_sources/microros_allocators.c **** }...
 239              		.loc 1 50 1 view .LVU53
 240 001a 10BD     		pop	{r4, pc}
 241              	.L23:
 242              		.align	2
 243              	.L22:
 244 001c 00000000 		.word	absoluteUsedMemory
 245 0020 00000000 		.word	usedMemory
 246              		.cfi_endproc
 247              	.LFE7:
 249              		.global	usedMemory
 250              		.section	.bss.usedMemory,"aw",%nobits
 251              		.align	2
 254              	usedMemory:
 255 0000 00000000 		.space	4
 256              		.global	absoluteUsedMemory
 257              		.section	.bss.absoluteUsedMemory,"aw",%nobits
 258              		.align	2
 261              	absoluteUsedMemory:
 262 0000 00000000 		.space	4
 263              		.text
 264              	.Letext0:
 265              		.file 2 "C:/Users/mathi/AppData/Roaming/Code/User/globalStorage/bmd.stm32-for-vscode/@xpack-dev-to
ARM GAS  C:\Users\mathi\AppData\Local\Temp\ccemP4c9.s 			page 7


DEFINED SYMBOLS
                            *ABS*:00000000 microros_allocators.c
C:\Users\mathi\AppData\Local\Temp\ccemP4c9.s:21     .text.microros_allocate:00000000 $t
C:\Users\mathi\AppData\Local\Temp\ccemP4c9.s:27     .text.microros_allocate:00000000 microros_allocate
C:\Users\mathi\AppData\Local\Temp\ccemP4c9.s:63     .text.microros_allocate:00000018 $d
C:\Users\mathi\AppData\Local\Temp\ccemP4c9.s:261    .bss.absoluteUsedMemory:00000000 absoluteUsedMemory
C:\Users\mathi\AppData\Local\Temp\ccemP4c9.s:254    .bss.usedMemory:00000000 usedMemory
C:\Users\mathi\AppData\Local\Temp\ccemP4c9.s:69     .text.microros_deallocate:00000000 $t
C:\Users\mathi\AppData\Local\Temp\ccemP4c9.s:75     .text.microros_deallocate:00000000 microros_deallocate
C:\Users\mathi\AppData\Local\Temp\ccemP4c9.s:117    .text.microros_deallocate:0000001c $d
C:\Users\mathi\AppData\Local\Temp\ccemP4c9.s:122    .text.microros_reallocate:00000000 $t
C:\Users\mathi\AppData\Local\Temp\ccemP4c9.s:128    .text.microros_reallocate:00000000 microros_reallocate
C:\Users\mathi\AppData\Local\Temp\ccemP4c9.s:194    .text.microros_reallocate:00000038 $d
C:\Users\mathi\AppData\Local\Temp\ccemP4c9.s:200    .text.microros_zero_allocate:00000000 $t
C:\Users\mathi\AppData\Local\Temp\ccemP4c9.s:206    .text.microros_zero_allocate:00000000 microros_zero_allocate
C:\Users\mathi\AppData\Local\Temp\ccemP4c9.s:244    .text.microros_zero_allocate:0000001c $d
C:\Users\mathi\AppData\Local\Temp\ccemP4c9.s:251    .bss.usedMemory:00000000 $d
C:\Users\mathi\AppData\Local\Temp\ccemP4c9.s:258    .bss.absoluteUsedMemory:00000000 $d

UNDEFINED SYMBOLS
pvPortMallocMicroROS
getBlockSize
vPortFreeMicroROS
pvPortReallocMicroROS
pvPortCallocMicroROS
