ARM GAS  C:\Users\mathi\AppData\Local\Temp\ccL1GCVc.s 			page 1


   1              		.cpu cortex-m4
   2              		.arch armv7e-m
   3              		.fpu fpv4-sp-d16
   4              		.eabi_attribute 27, 1
   5              		.eabi_attribute 28, 1
   6              		.eabi_attribute 20, 1
   7              		.eabi_attribute 21, 1
   8              		.eabi_attribute 23, 3
   9              		.eabi_attribute 24, 1
  10              		.eabi_attribute 25, 1
  11              		.eabi_attribute 26, 1
  12              		.eabi_attribute 30, 1
  13              		.eabi_attribute 34, 1
  14              		.eabi_attribute 18, 4
  15              		.file	"stm32l4xx_hal_timebase_tim.c"
  16              		.text
  17              	.Ltext0:
  18              		.cfi_sections	.debug_frame
  19              		.file 1 "Core/Src/stm32l4xx_hal_timebase_tim.c"
  20              		.section	.text.HAL_InitTick,"ax",%progbits
  21              		.align	1
  22              		.global	HAL_InitTick
  23              		.syntax unified
  24              		.thumb
  25              		.thumb_func
  27              	HAL_InitTick:
  28              	.LVL0:
  29              	.LFB292:
   1:Core/Src/stm32l4xx_hal_timebase_tim.c **** /* USER CODE BEGIN Header */
   2:Core/Src/stm32l4xx_hal_timebase_tim.c **** /**
   3:Core/Src/stm32l4xx_hal_timebase_tim.c ****   ******************************************************************************
   4:Core/Src/stm32l4xx_hal_timebase_tim.c ****   * @file    stm32l4xx_hal_timebase_tim.c
   5:Core/Src/stm32l4xx_hal_timebase_tim.c ****   * @brief   HAL time base based on the hardware TIM.
   6:Core/Src/stm32l4xx_hal_timebase_tim.c ****   ******************************************************************************
   7:Core/Src/stm32l4xx_hal_timebase_tim.c ****   * @attention
   8:Core/Src/stm32l4xx_hal_timebase_tim.c ****   *
   9:Core/Src/stm32l4xx_hal_timebase_tim.c ****   * Copyright (c) 2024 STMicroelectronics.
  10:Core/Src/stm32l4xx_hal_timebase_tim.c ****   * All rights reserved.
  11:Core/Src/stm32l4xx_hal_timebase_tim.c ****   *
  12:Core/Src/stm32l4xx_hal_timebase_tim.c ****   * This software is licensed under terms that can be found in the LICENSE file
  13:Core/Src/stm32l4xx_hal_timebase_tim.c ****   * in the root directory of this software component.
  14:Core/Src/stm32l4xx_hal_timebase_tim.c ****   * If no LICENSE file comes with this software, it is provided AS-IS.
  15:Core/Src/stm32l4xx_hal_timebase_tim.c ****   *
  16:Core/Src/stm32l4xx_hal_timebase_tim.c ****   ******************************************************************************
  17:Core/Src/stm32l4xx_hal_timebase_tim.c ****   */
  18:Core/Src/stm32l4xx_hal_timebase_tim.c **** /* USER CODE END Header */
  19:Core/Src/stm32l4xx_hal_timebase_tim.c **** 
  20:Core/Src/stm32l4xx_hal_timebase_tim.c **** /* Includes ------------------------------------------------------------------*/
  21:Core/Src/stm32l4xx_hal_timebase_tim.c **** #include "stm32l4xx_hal.h"
  22:Core/Src/stm32l4xx_hal_timebase_tim.c **** #include "stm32l4xx_hal_tim.h"
  23:Core/Src/stm32l4xx_hal_timebase_tim.c **** 
  24:Core/Src/stm32l4xx_hal_timebase_tim.c **** /* Private typedef -----------------------------------------------------------*/
  25:Core/Src/stm32l4xx_hal_timebase_tim.c **** /* Private define ------------------------------------------------------------*/
  26:Core/Src/stm32l4xx_hal_timebase_tim.c **** /* Private macro -------------------------------------------------------------*/
  27:Core/Src/stm32l4xx_hal_timebase_tim.c **** /* Private variables ---------------------------------------------------------*/
  28:Core/Src/stm32l4xx_hal_timebase_tim.c **** TIM_HandleTypeDef        htim16;
  29:Core/Src/stm32l4xx_hal_timebase_tim.c **** /* Private function prototypes -----------------------------------------------*/
ARM GAS  C:\Users\mathi\AppData\Local\Temp\ccL1GCVc.s 			page 2


  30:Core/Src/stm32l4xx_hal_timebase_tim.c **** /* Private functions ---------------------------------------------------------*/
  31:Core/Src/stm32l4xx_hal_timebase_tim.c **** 
  32:Core/Src/stm32l4xx_hal_timebase_tim.c **** /**
  33:Core/Src/stm32l4xx_hal_timebase_tim.c ****   * @brief  This function configures the TIM16 as a time base source.
  34:Core/Src/stm32l4xx_hal_timebase_tim.c ****   *         The time source is configured  to have 1ms time base with a dedicated
  35:Core/Src/stm32l4xx_hal_timebase_tim.c ****   *         Tick interrupt priority.
  36:Core/Src/stm32l4xx_hal_timebase_tim.c ****   * @note   This function is called  automatically at the beginning of program after
  37:Core/Src/stm32l4xx_hal_timebase_tim.c ****   *         reset by HAL_Init() or at any time when clock is configured, by HAL_RCC_ClockConfig().
  38:Core/Src/stm32l4xx_hal_timebase_tim.c ****   * @param  TickPriority: Tick interrupt priority.
  39:Core/Src/stm32l4xx_hal_timebase_tim.c ****   * @retval HAL status
  40:Core/Src/stm32l4xx_hal_timebase_tim.c ****   */
  41:Core/Src/stm32l4xx_hal_timebase_tim.c **** HAL_StatusTypeDef HAL_InitTick(uint32_t TickPriority)
  42:Core/Src/stm32l4xx_hal_timebase_tim.c **** {
  30              		.loc 1 42 1 view -0
  31              		.cfi_startproc
  32              		@ args = 0, pretend = 0, frame = 32
  33              		@ frame_needed = 0, uses_anonymous_args = 0
  34              		.loc 1 42 1 is_stmt 0 view .LVU1
  35 0000 30B5     		push	{r4, r5, lr}
  36              		.cfi_def_cfa_offset 12
  37              		.cfi_offset 4, -12
  38              		.cfi_offset 5, -8
  39              		.cfi_offset 14, -4
  40 0002 89B0     		sub	sp, sp, #36
  41              		.cfi_def_cfa_offset 48
  42 0004 0446     		mov	r4, r0
  43:Core/Src/stm32l4xx_hal_timebase_tim.c ****   RCC_ClkInitTypeDef    clkconfig;
  43              		.loc 1 43 3 is_stmt 1 view .LVU2
  44:Core/Src/stm32l4xx_hal_timebase_tim.c ****   uint32_t              uwTimclock;
  44              		.loc 1 44 3 view .LVU3
  45:Core/Src/stm32l4xx_hal_timebase_tim.c ****   uint32_t              uwPrescalerValue;
  45              		.loc 1 45 3 view .LVU4
  46:Core/Src/stm32l4xx_hal_timebase_tim.c ****   uint32_t              pFLatency;
  46              		.loc 1 46 3 view .LVU5
  47:Core/Src/stm32l4xx_hal_timebase_tim.c **** 
  48:Core/Src/stm32l4xx_hal_timebase_tim.c ****   HAL_StatusTypeDef     status = HAL_OK;
  47              		.loc 1 48 3 view .LVU6
  48              	.LVL1:
  49:Core/Src/stm32l4xx_hal_timebase_tim.c **** 
  50:Core/Src/stm32l4xx_hal_timebase_tim.c ****   /* Enable TIM16 clock */
  51:Core/Src/stm32l4xx_hal_timebase_tim.c ****   __HAL_RCC_TIM16_CLK_ENABLE();
  49              		.loc 1 51 3 view .LVU7
  50              	.LBB2:
  51              		.loc 1 51 3 view .LVU8
  52              		.loc 1 51 3 view .LVU9
  53 0006 1E4B     		ldr	r3, .L7
  54 0008 1A6E     		ldr	r2, [r3, #96]
  55 000a 42F40032 		orr	r2, r2, #131072
  56 000e 1A66     		str	r2, [r3, #96]
  57              		.loc 1 51 3 view .LVU10
  58 0010 1B6E     		ldr	r3, [r3, #96]
  59 0012 03F40033 		and	r3, r3, #131072
  60 0016 0193     		str	r3, [sp, #4]
  61              		.loc 1 51 3 view .LVU11
  62 0018 019B     		ldr	r3, [sp, #4]
  63              	.LBE2:
  64              		.loc 1 51 3 view .LVU12
ARM GAS  C:\Users\mathi\AppData\Local\Temp\ccL1GCVc.s 			page 3


  52:Core/Src/stm32l4xx_hal_timebase_tim.c **** 
  53:Core/Src/stm32l4xx_hal_timebase_tim.c **** /* Get clock configuration */
  54:Core/Src/stm32l4xx_hal_timebase_tim.c ****   HAL_RCC_GetClockConfig(&clkconfig, &pFLatency);
  65              		.loc 1 54 3 view .LVU13
  66 001a 02A9     		add	r1, sp, #8
  67 001c 03A8     		add	r0, sp, #12
  68              	.LVL2:
  69              		.loc 1 54 3 is_stmt 0 view .LVU14
  70 001e FFF7FEFF 		bl	HAL_RCC_GetClockConfig
  71              	.LVL3:
  55:Core/Src/stm32l4xx_hal_timebase_tim.c **** 
  56:Core/Src/stm32l4xx_hal_timebase_tim.c ****   /* Compute TIM16 clock */
  57:Core/Src/stm32l4xx_hal_timebase_tim.c ****       uwTimclock = HAL_RCC_GetPCLK2Freq();
  72              		.loc 1 57 7 is_stmt 1 view .LVU15
  73              		.loc 1 57 20 is_stmt 0 view .LVU16
  74 0022 FFF7FEFF 		bl	HAL_RCC_GetPCLK2Freq
  75              	.LVL4:
  58:Core/Src/stm32l4xx_hal_timebase_tim.c **** 
  59:Core/Src/stm32l4xx_hal_timebase_tim.c ****   /* Compute the prescaler value to have TIM16 counter clock equal to 1MHz */
  60:Core/Src/stm32l4xx_hal_timebase_tim.c ****   uwPrescalerValue = (uint32_t) ((uwTimclock / 1000000U) - 1U);
  76              		.loc 1 60 3 is_stmt 1 view .LVU17
  77              		.loc 1 60 46 is_stmt 0 view .LVU18
  78 0026 174A     		ldr	r2, .L7+4
  79 0028 A2FB0023 		umull	r2, r3, r2, r0
  80              	.LVL5:
  81              		.loc 1 60 46 view .LVU19
  82 002c 9B0C     		lsrs	r3, r3, #18
  83              		.loc 1 60 20 view .LVU20
  84 002e 013B     		subs	r3, r3, #1
  85              	.LVL6:
  61:Core/Src/stm32l4xx_hal_timebase_tim.c **** 
  62:Core/Src/stm32l4xx_hal_timebase_tim.c ****   /* Initialize TIM16 */
  63:Core/Src/stm32l4xx_hal_timebase_tim.c ****   htim16.Instance = TIM16;
  86              		.loc 1 63 3 is_stmt 1 view .LVU21
  87              		.loc 1 63 19 is_stmt 0 view .LVU22
  88 0030 1548     		ldr	r0, .L7+8
  89 0032 164A     		ldr	r2, .L7+12
  90 0034 0260     		str	r2, [r0]
  64:Core/Src/stm32l4xx_hal_timebase_tim.c **** 
  65:Core/Src/stm32l4xx_hal_timebase_tim.c ****   /* Initialize TIMx peripheral as follow:
  66:Core/Src/stm32l4xx_hal_timebase_tim.c **** 
  67:Core/Src/stm32l4xx_hal_timebase_tim.c ****   + Period = [(TIM16CLK/1000) - 1]. to have a (1/1000) s time base.
  68:Core/Src/stm32l4xx_hal_timebase_tim.c ****   + Prescaler = (uwTimclock/1000000 - 1) to have a 1MHz counter clock.
  69:Core/Src/stm32l4xx_hal_timebase_tim.c ****   + ClockDivision = 0
  70:Core/Src/stm32l4xx_hal_timebase_tim.c ****   + Counter direction = Up
  71:Core/Src/stm32l4xx_hal_timebase_tim.c ****   */
  72:Core/Src/stm32l4xx_hal_timebase_tim.c ****   htim16.Init.Period = (1000000U / 1000U) - 1U;
  91              		.loc 1 72 3 is_stmt 1 view .LVU23
  92              		.loc 1 72 22 is_stmt 0 view .LVU24
  93 0036 40F2E732 		movw	r2, #999
  94 003a C260     		str	r2, [r0, #12]
  73:Core/Src/stm32l4xx_hal_timebase_tim.c ****   htim16.Init.Prescaler = uwPrescalerValue;
  95              		.loc 1 73 3 is_stmt 1 view .LVU25
  96              		.loc 1 73 25 is_stmt 0 view .LVU26
  97 003c 4360     		str	r3, [r0, #4]
  74:Core/Src/stm32l4xx_hal_timebase_tim.c ****   htim16.Init.ClockDivision = 0;
  98              		.loc 1 74 3 is_stmt 1 view .LVU27
ARM GAS  C:\Users\mathi\AppData\Local\Temp\ccL1GCVc.s 			page 4


  99              		.loc 1 74 29 is_stmt 0 view .LVU28
 100 003e 0023     		movs	r3, #0
 101              	.LVL7:
 102              		.loc 1 74 29 view .LVU29
 103 0040 0361     		str	r3, [r0, #16]
  75:Core/Src/stm32l4xx_hal_timebase_tim.c ****   htim16.Init.CounterMode = TIM_COUNTERMODE_UP;
 104              		.loc 1 75 3 is_stmt 1 view .LVU30
 105              		.loc 1 75 27 is_stmt 0 view .LVU31
 106 0042 8360     		str	r3, [r0, #8]
  76:Core/Src/stm32l4xx_hal_timebase_tim.c ****   htim16.Init.AutoReloadPreload = TIM_AUTORELOAD_PRELOAD_DISABLE;
 107              		.loc 1 76 3 is_stmt 1 view .LVU32
 108              		.loc 1 76 33 is_stmt 0 view .LVU33
 109 0044 8361     		str	r3, [r0, #24]
  77:Core/Src/stm32l4xx_hal_timebase_tim.c **** 
  78:Core/Src/stm32l4xx_hal_timebase_tim.c ****   status = HAL_TIM_Base_Init(&htim16);
 110              		.loc 1 78 3 is_stmt 1 view .LVU34
 111              		.loc 1 78 12 is_stmt 0 view .LVU35
 112 0046 FFF7FEFF 		bl	HAL_TIM_Base_Init
 113              	.LVL8:
  79:Core/Src/stm32l4xx_hal_timebase_tim.c ****   if (status == HAL_OK)
 114              		.loc 1 79 3 is_stmt 1 view .LVU36
 115              		.loc 1 79 6 is_stmt 0 view .LVU37
 116 004a 0546     		mov	r5, r0
 117 004c 10B1     		cbz	r0, .L5
 118              	.LVL9:
 119              	.L2:
  80:Core/Src/stm32l4xx_hal_timebase_tim.c ****   {
  81:Core/Src/stm32l4xx_hal_timebase_tim.c ****     /* Start the TIM time Base generation in interrupt mode */
  82:Core/Src/stm32l4xx_hal_timebase_tim.c ****     status = HAL_TIM_Base_Start_IT(&htim16);
  83:Core/Src/stm32l4xx_hal_timebase_tim.c ****     if (status == HAL_OK)
  84:Core/Src/stm32l4xx_hal_timebase_tim.c ****     {
  85:Core/Src/stm32l4xx_hal_timebase_tim.c ****     /* Enable the TIM16 global Interrupt */
  86:Core/Src/stm32l4xx_hal_timebase_tim.c ****         HAL_NVIC_EnableIRQ(TIM1_UP_TIM16_IRQn);
  87:Core/Src/stm32l4xx_hal_timebase_tim.c ****       /* Configure the SysTick IRQ priority */
  88:Core/Src/stm32l4xx_hal_timebase_tim.c ****       if (TickPriority < (1UL << __NVIC_PRIO_BITS))
  89:Core/Src/stm32l4xx_hal_timebase_tim.c ****       {
  90:Core/Src/stm32l4xx_hal_timebase_tim.c ****         /* Configure the TIM IRQ priority */
  91:Core/Src/stm32l4xx_hal_timebase_tim.c ****         HAL_NVIC_SetPriority(TIM1_UP_TIM16_IRQn, TickPriority, 0U);
  92:Core/Src/stm32l4xx_hal_timebase_tim.c ****         uwTickPrio = TickPriority;
  93:Core/Src/stm32l4xx_hal_timebase_tim.c ****       }
  94:Core/Src/stm32l4xx_hal_timebase_tim.c ****       else
  95:Core/Src/stm32l4xx_hal_timebase_tim.c ****       {
  96:Core/Src/stm32l4xx_hal_timebase_tim.c ****         status = HAL_ERROR;
  97:Core/Src/stm32l4xx_hal_timebase_tim.c ****       }
  98:Core/Src/stm32l4xx_hal_timebase_tim.c ****     }
  99:Core/Src/stm32l4xx_hal_timebase_tim.c ****   }
 100:Core/Src/stm32l4xx_hal_timebase_tim.c **** 
 101:Core/Src/stm32l4xx_hal_timebase_tim.c ****  /* Return function status */
 102:Core/Src/stm32l4xx_hal_timebase_tim.c ****   return status;
 120              		.loc 1 102 3 is_stmt 1 view .LVU38
 103:Core/Src/stm32l4xx_hal_timebase_tim.c **** }
 121              		.loc 1 103 1 is_stmt 0 view .LVU39
 122 004e 2846     		mov	r0, r5
 123 0050 09B0     		add	sp, sp, #36
 124              		.cfi_remember_state
 125              		.cfi_def_cfa_offset 12
 126              		@ sp needed
ARM GAS  C:\Users\mathi\AppData\Local\Temp\ccL1GCVc.s 			page 5


 127 0052 30BD     		pop	{r4, r5, pc}
 128              	.LVL10:
 129              	.L5:
 130              		.cfi_restore_state
  82:Core/Src/stm32l4xx_hal_timebase_tim.c ****     if (status == HAL_OK)
 131              		.loc 1 82 5 is_stmt 1 view .LVU40
  82:Core/Src/stm32l4xx_hal_timebase_tim.c ****     if (status == HAL_OK)
 132              		.loc 1 82 14 is_stmt 0 view .LVU41
 133 0054 0C48     		ldr	r0, .L7+8
 134              	.LVL11:
  82:Core/Src/stm32l4xx_hal_timebase_tim.c ****     if (status == HAL_OK)
 135              		.loc 1 82 14 view .LVU42
 136 0056 FFF7FEFF 		bl	HAL_TIM_Base_Start_IT
 137              	.LVL12:
  83:Core/Src/stm32l4xx_hal_timebase_tim.c ****     {
 138              		.loc 1 83 5 is_stmt 1 view .LVU43
  83:Core/Src/stm32l4xx_hal_timebase_tim.c ****     {
 139              		.loc 1 83 8 is_stmt 0 view .LVU44
 140 005a 0546     		mov	r5, r0
 141 005c 0028     		cmp	r0, #0
 142 005e F6D1     		bne	.L2
  86:Core/Src/stm32l4xx_hal_timebase_tim.c ****       /* Configure the SysTick IRQ priority */
 143              		.loc 1 86 9 is_stmt 1 view .LVU45
 144 0060 1920     		movs	r0, #25
 145              	.LVL13:
  86:Core/Src/stm32l4xx_hal_timebase_tim.c ****       /* Configure the SysTick IRQ priority */
 146              		.loc 1 86 9 is_stmt 0 view .LVU46
 147 0062 FFF7FEFF 		bl	HAL_NVIC_EnableIRQ
 148              	.LVL14:
  88:Core/Src/stm32l4xx_hal_timebase_tim.c ****       {
 149              		.loc 1 88 7 is_stmt 1 view .LVU47
  88:Core/Src/stm32l4xx_hal_timebase_tim.c ****       {
 150              		.loc 1 88 10 is_stmt 0 view .LVU48
 151 0066 0F2C     		cmp	r4, #15
 152 0068 01D9     		bls	.L6
  96:Core/Src/stm32l4xx_hal_timebase_tim.c ****       }
 153              		.loc 1 96 16 view .LVU49
 154 006a 0125     		movs	r5, #1
 155              	.LVL15:
  96:Core/Src/stm32l4xx_hal_timebase_tim.c ****       }
 156              		.loc 1 96 16 view .LVU50
 157 006c EFE7     		b	.L2
 158              	.LVL16:
 159              	.L6:
  91:Core/Src/stm32l4xx_hal_timebase_tim.c ****         uwTickPrio = TickPriority;
 160              		.loc 1 91 9 is_stmt 1 view .LVU51
 161 006e 0022     		movs	r2, #0
 162 0070 2146     		mov	r1, r4
 163 0072 1920     		movs	r0, #25
 164 0074 FFF7FEFF 		bl	HAL_NVIC_SetPriority
 165              	.LVL17:
  92:Core/Src/stm32l4xx_hal_timebase_tim.c ****       }
 166              		.loc 1 92 9 view .LVU52
  92:Core/Src/stm32l4xx_hal_timebase_tim.c ****       }
 167              		.loc 1 92 20 is_stmt 0 view .LVU53
 168 0078 054B     		ldr	r3, .L7+16
 169 007a 1C60     		str	r4, [r3]
ARM GAS  C:\Users\mathi\AppData\Local\Temp\ccL1GCVc.s 			page 6


 170 007c E7E7     		b	.L2
 171              	.L8:
 172 007e 00BF     		.align	2
 173              	.L7:
 174 0080 00100240 		.word	1073876992
 175 0084 83DE1B43 		.word	1125899907
 176 0088 00000000 		.word	htim16
 177 008c 00440140 		.word	1073824768
 178 0090 00000000 		.word	uwTickPrio
 179              		.cfi_endproc
 180              	.LFE292:
 182              		.section	.text.HAL_SuspendTick,"ax",%progbits
 183              		.align	1
 184              		.global	HAL_SuspendTick
 185              		.syntax unified
 186              		.thumb
 187              		.thumb_func
 189              	HAL_SuspendTick:
 190              	.LFB293:
 104:Core/Src/stm32l4xx_hal_timebase_tim.c **** 
 105:Core/Src/stm32l4xx_hal_timebase_tim.c **** /**
 106:Core/Src/stm32l4xx_hal_timebase_tim.c ****   * @brief  Suspend Tick increment.
 107:Core/Src/stm32l4xx_hal_timebase_tim.c ****   * @note   Disable the tick increment by disabling TIM16 update interrupt.
 108:Core/Src/stm32l4xx_hal_timebase_tim.c ****   * @param  None
 109:Core/Src/stm32l4xx_hal_timebase_tim.c ****   * @retval None
 110:Core/Src/stm32l4xx_hal_timebase_tim.c ****   */
 111:Core/Src/stm32l4xx_hal_timebase_tim.c **** void HAL_SuspendTick(void)
 112:Core/Src/stm32l4xx_hal_timebase_tim.c **** {
 191              		.loc 1 112 1 is_stmt 1 view -0
 192              		.cfi_startproc
 193              		@ args = 0, pretend = 0, frame = 0
 194              		@ frame_needed = 0, uses_anonymous_args = 0
 195              		@ link register save eliminated.
 113:Core/Src/stm32l4xx_hal_timebase_tim.c ****   /* Disable TIM16 update Interrupt */
 114:Core/Src/stm32l4xx_hal_timebase_tim.c ****   __HAL_TIM_DISABLE_IT(&htim16, TIM_IT_UPDATE);
 196              		.loc 1 114 3 view .LVU55
 197 0000 034B     		ldr	r3, .L10
 198 0002 1A68     		ldr	r2, [r3]
 199 0004 D368     		ldr	r3, [r2, #12]
 200 0006 23F00103 		bic	r3, r3, #1
 201 000a D360     		str	r3, [r2, #12]
 115:Core/Src/stm32l4xx_hal_timebase_tim.c **** }
 202              		.loc 1 115 1 is_stmt 0 view .LVU56
 203 000c 7047     		bx	lr
 204              	.L11:
 205 000e 00BF     		.align	2
 206              	.L10:
 207 0010 00000000 		.word	htim16
 208              		.cfi_endproc
 209              	.LFE293:
 211              		.section	.text.HAL_ResumeTick,"ax",%progbits
 212              		.align	1
 213              		.global	HAL_ResumeTick
 214              		.syntax unified
 215              		.thumb
 216              		.thumb_func
 218              	HAL_ResumeTick:
ARM GAS  C:\Users\mathi\AppData\Local\Temp\ccL1GCVc.s 			page 7


 219              	.LFB294:
 116:Core/Src/stm32l4xx_hal_timebase_tim.c **** 
 117:Core/Src/stm32l4xx_hal_timebase_tim.c **** /**
 118:Core/Src/stm32l4xx_hal_timebase_tim.c ****   * @brief  Resume Tick increment.
 119:Core/Src/stm32l4xx_hal_timebase_tim.c ****   * @note   Enable the tick increment by Enabling TIM16 update interrupt.
 120:Core/Src/stm32l4xx_hal_timebase_tim.c ****   * @param  None
 121:Core/Src/stm32l4xx_hal_timebase_tim.c ****   * @retval None
 122:Core/Src/stm32l4xx_hal_timebase_tim.c ****   */
 123:Core/Src/stm32l4xx_hal_timebase_tim.c **** void HAL_ResumeTick(void)
 124:Core/Src/stm32l4xx_hal_timebase_tim.c **** {
 220              		.loc 1 124 1 is_stmt 1 view -0
 221              		.cfi_startproc
 222              		@ args = 0, pretend = 0, frame = 0
 223              		@ frame_needed = 0, uses_anonymous_args = 0
 224              		@ link register save eliminated.
 125:Core/Src/stm32l4xx_hal_timebase_tim.c ****   /* Enable TIM16 Update interrupt */
 126:Core/Src/stm32l4xx_hal_timebase_tim.c ****   __HAL_TIM_ENABLE_IT(&htim16, TIM_IT_UPDATE);
 225              		.loc 1 126 3 view .LVU58
 226 0000 034B     		ldr	r3, .L13
 227 0002 1A68     		ldr	r2, [r3]
 228 0004 D368     		ldr	r3, [r2, #12]
 229 0006 43F00103 		orr	r3, r3, #1
 230 000a D360     		str	r3, [r2, #12]
 127:Core/Src/stm32l4xx_hal_timebase_tim.c **** }
 231              		.loc 1 127 1 is_stmt 0 view .LVU59
 232 000c 7047     		bx	lr
 233              	.L14:
 234 000e 00BF     		.align	2
 235              	.L13:
 236 0010 00000000 		.word	htim16
 237              		.cfi_endproc
 238              	.LFE294:
 240              		.global	htim16
 241              		.section	.bss.htim16,"aw",%nobits
 242              		.align	2
 245              	htim16:
 246 0000 00000000 		.space	76
 246      00000000 
 246      00000000 
 246      00000000 
 246      00000000 
 247              		.text
 248              	.Letext0:
 249              		.file 2 "Drivers/CMSIS/Device/ST/STM32L4xx/Include/stm32l452xx.h"
 250              		.file 3 "C:/Users/mathi/AppData/Roaming/Code/User/globalStorage/bmd.stm32-for-vscode/@xpack-dev-to
 251              		.file 4 "C:/Users/mathi/AppData/Roaming/Code/User/globalStorage/bmd.stm32-for-vscode/@xpack-dev-to
 252              		.file 5 "Drivers/STM32L4xx_HAL_Driver/Inc/stm32l4xx_hal_def.h"
 253              		.file 6 "Drivers/STM32L4xx_HAL_Driver/Inc/stm32l4xx_hal_rcc.h"
 254              		.file 7 "Drivers/STM32L4xx_HAL_Driver/Inc/stm32l4xx_hal_dma.h"
 255              		.file 8 "Drivers/STM32L4xx_HAL_Driver/Inc/stm32l4xx_hal_tim.h"
 256              		.file 9 "Drivers/STM32L4xx_HAL_Driver/Inc/stm32l4xx_hal.h"
 257              		.file 10 "Drivers/STM32L4xx_HAL_Driver/Inc/stm32l4xx_hal_cortex.h"
ARM GAS  C:\Users\mathi\AppData\Local\Temp\ccL1GCVc.s 			page 8


DEFINED SYMBOLS
                            *ABS*:00000000 stm32l4xx_hal_timebase_tim.c
C:\Users\mathi\AppData\Local\Temp\ccL1GCVc.s:21     .text.HAL_InitTick:00000000 $t
C:\Users\mathi\AppData\Local\Temp\ccL1GCVc.s:27     .text.HAL_InitTick:00000000 HAL_InitTick
C:\Users\mathi\AppData\Local\Temp\ccL1GCVc.s:174    .text.HAL_InitTick:00000080 $d
C:\Users\mathi\AppData\Local\Temp\ccL1GCVc.s:245    .bss.htim16:00000000 htim16
C:\Users\mathi\AppData\Local\Temp\ccL1GCVc.s:183    .text.HAL_SuspendTick:00000000 $t
C:\Users\mathi\AppData\Local\Temp\ccL1GCVc.s:189    .text.HAL_SuspendTick:00000000 HAL_SuspendTick
C:\Users\mathi\AppData\Local\Temp\ccL1GCVc.s:207    .text.HAL_SuspendTick:00000010 $d
C:\Users\mathi\AppData\Local\Temp\ccL1GCVc.s:212    .text.HAL_ResumeTick:00000000 $t
C:\Users\mathi\AppData\Local\Temp\ccL1GCVc.s:218    .text.HAL_ResumeTick:00000000 HAL_ResumeTick
C:\Users\mathi\AppData\Local\Temp\ccL1GCVc.s:236    .text.HAL_ResumeTick:00000010 $d
C:\Users\mathi\AppData\Local\Temp\ccL1GCVc.s:242    .bss.htim16:00000000 $d

UNDEFINED SYMBOLS
HAL_RCC_GetClockConfig
HAL_RCC_GetPCLK2Freq
HAL_TIM_Base_Init
HAL_TIM_Base_Start_IT
HAL_NVIC_EnableIRQ
HAL_NVIC_SetPriority
uwTickPrio
