ARM GAS  C:\Users\mathi\AppData\Local\Temp\ccyA6znV.s 			page 1


   1              		.cpu cortex-m4
   2              		.arch armv7e-m
   3              		.fpu fpv4-sp-d16
   4              		.eabi_attribute 27, 1
   5              		.eabi_attribute 28, 1
   6              		.eabi_attribute 20, 1
   7              		.eabi_attribute 21, 1
   8              		.eabi_attribute 23, 3
   9              		.eabi_attribute 24, 1
  10              		.eabi_attribute 25, 1
  11              		.eabi_attribute 26, 1
  12              		.eabi_attribute 30, 1
  13              		.eabi_attribute 34, 1
  14              		.eabi_attribute 18, 4
  15              		.file	"stm32l4xx_it.c"
  16              		.text
  17              	.Ltext0:
  18              		.cfi_sections	.debug_frame
  19              		.file 1 "Core/Src/stm32l4xx_it.c"
  20              		.section	.text.NMI_Handler,"ax",%progbits
  21              		.align	1
  22              		.global	NMI_Handler
  23              		.syntax unified
  24              		.thumb
  25              		.thumb_func
  27              	NMI_Handler:
  28              	.LFB292:
   1:Core/Src/stm32l4xx_it.c **** /* USER CODE BEGIN Header */
   2:Core/Src/stm32l4xx_it.c **** /**
   3:Core/Src/stm32l4xx_it.c ****   ******************************************************************************
   4:Core/Src/stm32l4xx_it.c ****   * @file    stm32l4xx_it.c
   5:Core/Src/stm32l4xx_it.c ****   * @brief   Interrupt Service Routines.
   6:Core/Src/stm32l4xx_it.c ****   ******************************************************************************
   7:Core/Src/stm32l4xx_it.c ****   * @attention
   8:Core/Src/stm32l4xx_it.c ****   *
   9:Core/Src/stm32l4xx_it.c ****   * Copyright (c) 2024 STMicroelectronics.
  10:Core/Src/stm32l4xx_it.c ****   * All rights reserved.
  11:Core/Src/stm32l4xx_it.c ****   *
  12:Core/Src/stm32l4xx_it.c ****   * This software is licensed under terms that can be found in the LICENSE file
  13:Core/Src/stm32l4xx_it.c ****   * in the root directory of this software component.
  14:Core/Src/stm32l4xx_it.c ****   * If no LICENSE file comes with this software, it is provided AS-IS.
  15:Core/Src/stm32l4xx_it.c ****   *
  16:Core/Src/stm32l4xx_it.c ****   ******************************************************************************
  17:Core/Src/stm32l4xx_it.c ****   */
  18:Core/Src/stm32l4xx_it.c **** /* USER CODE END Header */
  19:Core/Src/stm32l4xx_it.c **** 
  20:Core/Src/stm32l4xx_it.c **** /* Includes ------------------------------------------------------------------*/
  21:Core/Src/stm32l4xx_it.c **** #include "main.h"
  22:Core/Src/stm32l4xx_it.c **** #include "stm32l4xx_it.h"
  23:Core/Src/stm32l4xx_it.c **** /* Private includes ----------------------------------------------------------*/
  24:Core/Src/stm32l4xx_it.c **** /* USER CODE BEGIN Includes */
  25:Core/Src/stm32l4xx_it.c **** /* USER CODE END Includes */
  26:Core/Src/stm32l4xx_it.c **** 
  27:Core/Src/stm32l4xx_it.c **** /* Private typedef -----------------------------------------------------------*/
  28:Core/Src/stm32l4xx_it.c **** /* USER CODE BEGIN TD */
  29:Core/Src/stm32l4xx_it.c **** 
  30:Core/Src/stm32l4xx_it.c **** /* USER CODE END TD */
ARM GAS  C:\Users\mathi\AppData\Local\Temp\ccyA6znV.s 			page 2


  31:Core/Src/stm32l4xx_it.c **** 
  32:Core/Src/stm32l4xx_it.c **** /* Private define ------------------------------------------------------------*/
  33:Core/Src/stm32l4xx_it.c **** /* USER CODE BEGIN PD */
  34:Core/Src/stm32l4xx_it.c **** 
  35:Core/Src/stm32l4xx_it.c **** /* USER CODE END PD */
  36:Core/Src/stm32l4xx_it.c **** 
  37:Core/Src/stm32l4xx_it.c **** /* Private macro -------------------------------------------------------------*/
  38:Core/Src/stm32l4xx_it.c **** /* USER CODE BEGIN PM */
  39:Core/Src/stm32l4xx_it.c **** 
  40:Core/Src/stm32l4xx_it.c **** /* USER CODE END PM */
  41:Core/Src/stm32l4xx_it.c **** 
  42:Core/Src/stm32l4xx_it.c **** /* Private variables ---------------------------------------------------------*/
  43:Core/Src/stm32l4xx_it.c **** /* USER CODE BEGIN PV */
  44:Core/Src/stm32l4xx_it.c **** 
  45:Core/Src/stm32l4xx_it.c **** /* USER CODE END PV */
  46:Core/Src/stm32l4xx_it.c **** 
  47:Core/Src/stm32l4xx_it.c **** /* Private function prototypes -----------------------------------------------*/
  48:Core/Src/stm32l4xx_it.c **** /* USER CODE BEGIN PFP */
  49:Core/Src/stm32l4xx_it.c **** 
  50:Core/Src/stm32l4xx_it.c **** /* USER CODE END PFP */
  51:Core/Src/stm32l4xx_it.c **** 
  52:Core/Src/stm32l4xx_it.c **** /* Private user code ---------------------------------------------------------*/
  53:Core/Src/stm32l4xx_it.c **** /* USER CODE BEGIN 0 */
  54:Core/Src/stm32l4xx_it.c **** 
  55:Core/Src/stm32l4xx_it.c **** /* USER CODE END 0 */
  56:Core/Src/stm32l4xx_it.c **** 
  57:Core/Src/stm32l4xx_it.c **** /* External variables --------------------------------------------------------*/
  58:Core/Src/stm32l4xx_it.c **** extern DMA_HandleTypeDef hdma_i2c1_rx;
  59:Core/Src/stm32l4xx_it.c **** extern DMA_HandleTypeDef hdma_i2c1_tx;
  60:Core/Src/stm32l4xx_it.c **** extern I2C_HandleTypeDef hi2c1;
  61:Core/Src/stm32l4xx_it.c **** extern TIM_HandleTypeDef htim1;
  62:Core/Src/stm32l4xx_it.c **** extern TIM_HandleTypeDef htim2;
  63:Core/Src/stm32l4xx_it.c **** extern TIM_HandleTypeDef htim3;
  64:Core/Src/stm32l4xx_it.c **** extern DMA_HandleTypeDef hdma_usart2_tx;
  65:Core/Src/stm32l4xx_it.c **** extern DMA_HandleTypeDef hdma_usart2_rx;
  66:Core/Src/stm32l4xx_it.c **** extern UART_HandleTypeDef huart2;
  67:Core/Src/stm32l4xx_it.c **** extern TIM_HandleTypeDef htim16;
  68:Core/Src/stm32l4xx_it.c **** 
  69:Core/Src/stm32l4xx_it.c **** /* USER CODE BEGIN EV */
  70:Core/Src/stm32l4xx_it.c **** 
  71:Core/Src/stm32l4xx_it.c **** /* USER CODE END EV */
  72:Core/Src/stm32l4xx_it.c **** 
  73:Core/Src/stm32l4xx_it.c **** /******************************************************************************/
  74:Core/Src/stm32l4xx_it.c **** /*           Cortex-M4 Processor Interruption and Exception Handlers          */
  75:Core/Src/stm32l4xx_it.c **** /******************************************************************************/
  76:Core/Src/stm32l4xx_it.c **** /**
  77:Core/Src/stm32l4xx_it.c ****   * @brief This function handles Non maskable interrupt.
  78:Core/Src/stm32l4xx_it.c ****   */
  79:Core/Src/stm32l4xx_it.c **** void NMI_Handler(void)
  80:Core/Src/stm32l4xx_it.c **** {
  29              		.loc 1 80 1 view -0
  30              		.cfi_startproc
  31              		@ Volatile: function does not return.
  32              		@ args = 0, pretend = 0, frame = 0
  33              		@ frame_needed = 0, uses_anonymous_args = 0
  34              		@ link register save eliminated.
  35              	.L2:
ARM GAS  C:\Users\mathi\AppData\Local\Temp\ccyA6znV.s 			page 3


  81:Core/Src/stm32l4xx_it.c ****   /* USER CODE BEGIN NonMaskableInt_IRQn 0 */
  82:Core/Src/stm32l4xx_it.c **** 
  83:Core/Src/stm32l4xx_it.c ****   /* USER CODE END NonMaskableInt_IRQn 0 */
  84:Core/Src/stm32l4xx_it.c ****   /* USER CODE BEGIN NonMaskableInt_IRQn 1 */
  85:Core/Src/stm32l4xx_it.c ****    while (1)
  36              		.loc 1 85 4 view .LVU1
  86:Core/Src/stm32l4xx_it.c ****   {
  87:Core/Src/stm32l4xx_it.c ****   }
  37              		.loc 1 87 3 view .LVU2
  85:Core/Src/stm32l4xx_it.c ****   {
  38              		.loc 1 85 10 view .LVU3
  39 0000 FEE7     		b	.L2
  40              		.cfi_endproc
  41              	.LFE292:
  43              		.section	.text.HardFault_Handler,"ax",%progbits
  44              		.align	1
  45              		.global	HardFault_Handler
  46              		.syntax unified
  47              		.thumb
  48              		.thumb_func
  50              	HardFault_Handler:
  51              	.LFB293:
  88:Core/Src/stm32l4xx_it.c ****   /* USER CODE END NonMaskableInt_IRQn 1 */
  89:Core/Src/stm32l4xx_it.c **** }
  90:Core/Src/stm32l4xx_it.c **** 
  91:Core/Src/stm32l4xx_it.c **** /**
  92:Core/Src/stm32l4xx_it.c ****   * @brief This function handles Hard fault interrupt.
  93:Core/Src/stm32l4xx_it.c ****   */
  94:Core/Src/stm32l4xx_it.c **** void HardFault_Handler(void)
  95:Core/Src/stm32l4xx_it.c **** {
  52              		.loc 1 95 1 view -0
  53              		.cfi_startproc
  54              		@ Volatile: function does not return.
  55              		@ args = 0, pretend = 0, frame = 0
  56              		@ frame_needed = 0, uses_anonymous_args = 0
  57              		@ link register save eliminated.
  58              	.L4:
  96:Core/Src/stm32l4xx_it.c ****   /* USER CODE BEGIN HardFault_IRQn 0 */
  97:Core/Src/stm32l4xx_it.c **** 
  98:Core/Src/stm32l4xx_it.c ****   /* USER CODE END HardFault_IRQn 0 */
  99:Core/Src/stm32l4xx_it.c ****   while (1)
  59              		.loc 1 99 3 view .LVU5
 100:Core/Src/stm32l4xx_it.c ****   {
 101:Core/Src/stm32l4xx_it.c ****     /* USER CODE BEGIN W1_HardFault_IRQn 0 */
 102:Core/Src/stm32l4xx_it.c ****     /* USER CODE END W1_HardFault_IRQn 0 */
 103:Core/Src/stm32l4xx_it.c ****   }
  60              		.loc 1 103 3 view .LVU6
  99:Core/Src/stm32l4xx_it.c ****   {
  61              		.loc 1 99 9 view .LVU7
  62 0000 FEE7     		b	.L4
  63              		.cfi_endproc
  64              	.LFE293:
  66              		.section	.text.MemManage_Handler,"ax",%progbits
  67              		.align	1
  68              		.global	MemManage_Handler
  69              		.syntax unified
  70              		.thumb
ARM GAS  C:\Users\mathi\AppData\Local\Temp\ccyA6znV.s 			page 4


  71              		.thumb_func
  73              	MemManage_Handler:
  74              	.LFB294:
 104:Core/Src/stm32l4xx_it.c **** }
 105:Core/Src/stm32l4xx_it.c **** 
 106:Core/Src/stm32l4xx_it.c **** /**
 107:Core/Src/stm32l4xx_it.c ****   * @brief This function handles Memory management fault.
 108:Core/Src/stm32l4xx_it.c ****   */
 109:Core/Src/stm32l4xx_it.c **** void MemManage_Handler(void)
 110:Core/Src/stm32l4xx_it.c **** {
  75              		.loc 1 110 1 view -0
  76              		.cfi_startproc
  77              		@ Volatile: function does not return.
  78              		@ args = 0, pretend = 0, frame = 0
  79              		@ frame_needed = 0, uses_anonymous_args = 0
  80              		@ link register save eliminated.
  81              	.L6:
 111:Core/Src/stm32l4xx_it.c ****   /* USER CODE BEGIN MemoryManagement_IRQn 0 */
 112:Core/Src/stm32l4xx_it.c **** 
 113:Core/Src/stm32l4xx_it.c ****   /* USER CODE END MemoryManagement_IRQn 0 */
 114:Core/Src/stm32l4xx_it.c ****   while (1)
  82              		.loc 1 114 3 view .LVU9
 115:Core/Src/stm32l4xx_it.c ****   {
 116:Core/Src/stm32l4xx_it.c ****     /* USER CODE BEGIN W1_MemoryManagement_IRQn 0 */
 117:Core/Src/stm32l4xx_it.c ****     /* USER CODE END W1_MemoryManagement_IRQn 0 */
 118:Core/Src/stm32l4xx_it.c ****   }
  83              		.loc 1 118 3 view .LVU10
 114:Core/Src/stm32l4xx_it.c ****   {
  84              		.loc 1 114 9 view .LVU11
  85 0000 FEE7     		b	.L6
  86              		.cfi_endproc
  87              	.LFE294:
  89              		.section	.text.BusFault_Handler,"ax",%progbits
  90              		.align	1
  91              		.global	BusFault_Handler
  92              		.syntax unified
  93              		.thumb
  94              		.thumb_func
  96              	BusFault_Handler:
  97              	.LFB295:
 119:Core/Src/stm32l4xx_it.c **** }
 120:Core/Src/stm32l4xx_it.c **** 
 121:Core/Src/stm32l4xx_it.c **** /**
 122:Core/Src/stm32l4xx_it.c ****   * @brief This function handles Prefetch fault, memory access fault.
 123:Core/Src/stm32l4xx_it.c ****   */
 124:Core/Src/stm32l4xx_it.c **** void BusFault_Handler(void)
 125:Core/Src/stm32l4xx_it.c **** {
  98              		.loc 1 125 1 view -0
  99              		.cfi_startproc
 100              		@ Volatile: function does not return.
 101              		@ args = 0, pretend = 0, frame = 0
 102              		@ frame_needed = 0, uses_anonymous_args = 0
 103              		@ link register save eliminated.
 104              	.L8:
 126:Core/Src/stm32l4xx_it.c ****   /* USER CODE BEGIN BusFault_IRQn 0 */
 127:Core/Src/stm32l4xx_it.c **** 
 128:Core/Src/stm32l4xx_it.c ****   /* USER CODE END BusFault_IRQn 0 */
ARM GAS  C:\Users\mathi\AppData\Local\Temp\ccyA6znV.s 			page 5


 129:Core/Src/stm32l4xx_it.c ****   while (1)
 105              		.loc 1 129 3 view .LVU13
 130:Core/Src/stm32l4xx_it.c ****   {
 131:Core/Src/stm32l4xx_it.c ****     /* USER CODE BEGIN W1_BusFault_IRQn 0 */
 132:Core/Src/stm32l4xx_it.c ****     /* USER CODE END W1_BusFault_IRQn 0 */
 133:Core/Src/stm32l4xx_it.c ****   }
 106              		.loc 1 133 3 view .LVU14
 129:Core/Src/stm32l4xx_it.c ****   {
 107              		.loc 1 129 9 view .LVU15
 108 0000 FEE7     		b	.L8
 109              		.cfi_endproc
 110              	.LFE295:
 112              		.section	.text.UsageFault_Handler,"ax",%progbits
 113              		.align	1
 114              		.global	UsageFault_Handler
 115              		.syntax unified
 116              		.thumb
 117              		.thumb_func
 119              	UsageFault_Handler:
 120              	.LFB296:
 134:Core/Src/stm32l4xx_it.c **** }
 135:Core/Src/stm32l4xx_it.c **** 
 136:Core/Src/stm32l4xx_it.c **** /**
 137:Core/Src/stm32l4xx_it.c ****   * @brief This function handles Undefined instruction or illegal state.
 138:Core/Src/stm32l4xx_it.c ****   */
 139:Core/Src/stm32l4xx_it.c **** void UsageFault_Handler(void)
 140:Core/Src/stm32l4xx_it.c **** {
 121              		.loc 1 140 1 view -0
 122              		.cfi_startproc
 123              		@ Volatile: function does not return.
 124              		@ args = 0, pretend = 0, frame = 0
 125              		@ frame_needed = 0, uses_anonymous_args = 0
 126              		@ link register save eliminated.
 127              	.L10:
 141:Core/Src/stm32l4xx_it.c ****   /* USER CODE BEGIN UsageFault_IRQn 0 */
 142:Core/Src/stm32l4xx_it.c **** 
 143:Core/Src/stm32l4xx_it.c ****   /* USER CODE END UsageFault_IRQn 0 */
 144:Core/Src/stm32l4xx_it.c ****   while (1)
 128              		.loc 1 144 3 view .LVU17
 145:Core/Src/stm32l4xx_it.c ****   {
 146:Core/Src/stm32l4xx_it.c ****     /* USER CODE BEGIN W1_UsageFault_IRQn 0 */
 147:Core/Src/stm32l4xx_it.c ****     /* USER CODE END W1_UsageFault_IRQn 0 */
 148:Core/Src/stm32l4xx_it.c ****   }
 129              		.loc 1 148 3 view .LVU18
 144:Core/Src/stm32l4xx_it.c ****   {
 130              		.loc 1 144 9 view .LVU19
 131 0000 FEE7     		b	.L10
 132              		.cfi_endproc
 133              	.LFE296:
 135              		.section	.text.DebugMon_Handler,"ax",%progbits
 136              		.align	1
 137              		.global	DebugMon_Handler
 138              		.syntax unified
 139              		.thumb
 140              		.thumb_func
 142              	DebugMon_Handler:
 143              	.LFB297:
ARM GAS  C:\Users\mathi\AppData\Local\Temp\ccyA6znV.s 			page 6


 149:Core/Src/stm32l4xx_it.c **** }
 150:Core/Src/stm32l4xx_it.c **** 
 151:Core/Src/stm32l4xx_it.c **** /**
 152:Core/Src/stm32l4xx_it.c ****   * @brief This function handles Debug monitor.
 153:Core/Src/stm32l4xx_it.c ****   */
 154:Core/Src/stm32l4xx_it.c **** void DebugMon_Handler(void)
 155:Core/Src/stm32l4xx_it.c **** {
 144              		.loc 1 155 1 view -0
 145              		.cfi_startproc
 146              		@ args = 0, pretend = 0, frame = 0
 147              		@ frame_needed = 0, uses_anonymous_args = 0
 148              		@ link register save eliminated.
 156:Core/Src/stm32l4xx_it.c ****   /* USER CODE BEGIN DebugMonitor_IRQn 0 */
 157:Core/Src/stm32l4xx_it.c **** 
 158:Core/Src/stm32l4xx_it.c ****   /* USER CODE END DebugMonitor_IRQn 0 */
 159:Core/Src/stm32l4xx_it.c ****   /* USER CODE BEGIN DebugMonitor_IRQn 1 */
 160:Core/Src/stm32l4xx_it.c **** 
 161:Core/Src/stm32l4xx_it.c ****   /* USER CODE END DebugMonitor_IRQn 1 */
 162:Core/Src/stm32l4xx_it.c **** }
 149              		.loc 1 162 1 view .LVU21
 150 0000 7047     		bx	lr
 151              		.cfi_endproc
 152              	.LFE297:
 154              		.section	.text.EXTI1_IRQHandler,"ax",%progbits
 155              		.align	1
 156              		.global	EXTI1_IRQHandler
 157              		.syntax unified
 158              		.thumb
 159              		.thumb_func
 161              	EXTI1_IRQHandler:
 162              	.LFB298:
 163:Core/Src/stm32l4xx_it.c **** 
 164:Core/Src/stm32l4xx_it.c **** /******************************************************************************/
 165:Core/Src/stm32l4xx_it.c **** /* STM32L4xx Peripheral Interrupt Handlers                                    */
 166:Core/Src/stm32l4xx_it.c **** /* Add here the Interrupt Handlers for the used peripherals.                  */
 167:Core/Src/stm32l4xx_it.c **** /* For the available peripheral interrupt handler names,                      */
 168:Core/Src/stm32l4xx_it.c **** /* please refer to the startup file (startup_stm32l4xx.s).                    */
 169:Core/Src/stm32l4xx_it.c **** /******************************************************************************/
 170:Core/Src/stm32l4xx_it.c **** 
 171:Core/Src/stm32l4xx_it.c **** /**
 172:Core/Src/stm32l4xx_it.c ****   * @brief This function handles EXTI line1 interrupt.
 173:Core/Src/stm32l4xx_it.c ****   */
 174:Core/Src/stm32l4xx_it.c **** void EXTI1_IRQHandler(void)
 175:Core/Src/stm32l4xx_it.c **** {
 163              		.loc 1 175 1 view -0
 164              		.cfi_startproc
 165              		@ args = 0, pretend = 0, frame = 0
 166              		@ frame_needed = 0, uses_anonymous_args = 0
 167 0000 08B5     		push	{r3, lr}
 168              		.cfi_def_cfa_offset 8
 169              		.cfi_offset 3, -8
 170              		.cfi_offset 14, -4
 176:Core/Src/stm32l4xx_it.c ****   /* USER CODE BEGIN EXTI1_IRQn 0 */
 177:Core/Src/stm32l4xx_it.c **** 
 178:Core/Src/stm32l4xx_it.c ****   /* USER CODE END EXTI1_IRQn 0 */
 179:Core/Src/stm32l4xx_it.c ****   HAL_GPIO_EXTI_IRQHandler(MD_ENCA_Pin);
 171              		.loc 1 179 3 view .LVU23
ARM GAS  C:\Users\mathi\AppData\Local\Temp\ccyA6znV.s 			page 7


 172 0002 0220     		movs	r0, #2
 173 0004 FFF7FEFF 		bl	HAL_GPIO_EXTI_IRQHandler
 174              	.LVL0:
 180:Core/Src/stm32l4xx_it.c ****   /* USER CODE BEGIN EXTI1_IRQn 1 */
 181:Core/Src/stm32l4xx_it.c **** 
 182:Core/Src/stm32l4xx_it.c ****   /* USER CODE END EXTI1_IRQn 1 */
 183:Core/Src/stm32l4xx_it.c **** }
 175              		.loc 1 183 1 is_stmt 0 view .LVU24
 176 0008 08BD     		pop	{r3, pc}
 177              		.cfi_endproc
 178              	.LFE298:
 180              		.section	.text.DMA1_Channel6_IRQHandler,"ax",%progbits
 181              		.align	1
 182              		.global	DMA1_Channel6_IRQHandler
 183              		.syntax unified
 184              		.thumb
 185              		.thumb_func
 187              	DMA1_Channel6_IRQHandler:
 188              	.LFB299:
 184:Core/Src/stm32l4xx_it.c **** 
 185:Core/Src/stm32l4xx_it.c **** /**
 186:Core/Src/stm32l4xx_it.c ****   * @brief This function handles DMA1 channel6 global interrupt.
 187:Core/Src/stm32l4xx_it.c ****   */
 188:Core/Src/stm32l4xx_it.c **** void DMA1_Channel6_IRQHandler(void)
 189:Core/Src/stm32l4xx_it.c **** {
 189              		.loc 1 189 1 is_stmt 1 view -0
 190              		.cfi_startproc
 191              		@ args = 0, pretend = 0, frame = 0
 192              		@ frame_needed = 0, uses_anonymous_args = 0
 193 0000 08B5     		push	{r3, lr}
 194              		.cfi_def_cfa_offset 8
 195              		.cfi_offset 3, -8
 196              		.cfi_offset 14, -4
 190:Core/Src/stm32l4xx_it.c ****   /* USER CODE BEGIN DMA1_Channel6_IRQn 0 */
 191:Core/Src/stm32l4xx_it.c **** 
 192:Core/Src/stm32l4xx_it.c ****   /* USER CODE END DMA1_Channel6_IRQn 0 */
 193:Core/Src/stm32l4xx_it.c ****   HAL_DMA_IRQHandler(&hdma_usart2_rx);
 197              		.loc 1 193 3 view .LVU26
 198 0002 0248     		ldr	r0, .L16
 199 0004 FFF7FEFF 		bl	HAL_DMA_IRQHandler
 200              	.LVL1:
 194:Core/Src/stm32l4xx_it.c ****   /* USER CODE BEGIN DMA1_Channel6_IRQn 1 */
 195:Core/Src/stm32l4xx_it.c **** 
 196:Core/Src/stm32l4xx_it.c ****   /* USER CODE END DMA1_Channel6_IRQn 1 */
 197:Core/Src/stm32l4xx_it.c **** }
 201              		.loc 1 197 1 is_stmt 0 view .LVU27
 202 0008 08BD     		pop	{r3, pc}
 203              	.L17:
 204 000a 00BF     		.align	2
 205              	.L16:
 206 000c 00000000 		.word	hdma_usart2_rx
 207              		.cfi_endproc
 208              	.LFE299:
 210              		.section	.text.DMA1_Channel7_IRQHandler,"ax",%progbits
 211              		.align	1
 212              		.global	DMA1_Channel7_IRQHandler
 213              		.syntax unified
ARM GAS  C:\Users\mathi\AppData\Local\Temp\ccyA6znV.s 			page 8


 214              		.thumb
 215              		.thumb_func
 217              	DMA1_Channel7_IRQHandler:
 218              	.LFB300:
 198:Core/Src/stm32l4xx_it.c **** 
 199:Core/Src/stm32l4xx_it.c **** /**
 200:Core/Src/stm32l4xx_it.c ****   * @brief This function handles DMA1 channel7 global interrupt.
 201:Core/Src/stm32l4xx_it.c ****   */
 202:Core/Src/stm32l4xx_it.c **** void DMA1_Channel7_IRQHandler(void)
 203:Core/Src/stm32l4xx_it.c **** {
 219              		.loc 1 203 1 is_stmt 1 view -0
 220              		.cfi_startproc
 221              		@ args = 0, pretend = 0, frame = 0
 222              		@ frame_needed = 0, uses_anonymous_args = 0
 223 0000 08B5     		push	{r3, lr}
 224              		.cfi_def_cfa_offset 8
 225              		.cfi_offset 3, -8
 226              		.cfi_offset 14, -4
 204:Core/Src/stm32l4xx_it.c ****   /* USER CODE BEGIN DMA1_Channel7_IRQn 0 */
 205:Core/Src/stm32l4xx_it.c **** 
 206:Core/Src/stm32l4xx_it.c ****   /* USER CODE END DMA1_Channel7_IRQn 0 */
 207:Core/Src/stm32l4xx_it.c ****   HAL_DMA_IRQHandler(&hdma_usart2_tx);
 227              		.loc 1 207 3 view .LVU29
 228 0002 0248     		ldr	r0, .L20
 229 0004 FFF7FEFF 		bl	HAL_DMA_IRQHandler
 230              	.LVL2:
 208:Core/Src/stm32l4xx_it.c ****   /* USER CODE BEGIN DMA1_Channel7_IRQn 1 */
 209:Core/Src/stm32l4xx_it.c **** 
 210:Core/Src/stm32l4xx_it.c ****   /* USER CODE END DMA1_Channel7_IRQn 1 */
 211:Core/Src/stm32l4xx_it.c **** }
 231              		.loc 1 211 1 is_stmt 0 view .LVU30
 232 0008 08BD     		pop	{r3, pc}
 233              	.L21:
 234 000a 00BF     		.align	2
 235              	.L20:
 236 000c 00000000 		.word	hdma_usart2_tx
 237              		.cfi_endproc
 238              	.LFE300:
 240              		.section	.text.EXTI9_5_IRQHandler,"ax",%progbits
 241              		.align	1
 242              		.global	EXTI9_5_IRQHandler
 243              		.syntax unified
 244              		.thumb
 245              		.thumb_func
 247              	EXTI9_5_IRQHandler:
 248              	.LFB301:
 212:Core/Src/stm32l4xx_it.c **** 
 213:Core/Src/stm32l4xx_it.c **** /**
 214:Core/Src/stm32l4xx_it.c ****   * @brief This function handles EXTI line[9:5] interrupts.
 215:Core/Src/stm32l4xx_it.c ****   */
 216:Core/Src/stm32l4xx_it.c **** void EXTI9_5_IRQHandler(void)
 217:Core/Src/stm32l4xx_it.c **** {
 249              		.loc 1 217 1 is_stmt 1 view -0
 250              		.cfi_startproc
 251              		@ args = 0, pretend = 0, frame = 0
 252              		@ frame_needed = 0, uses_anonymous_args = 0
 253 0000 08B5     		push	{r3, lr}
ARM GAS  C:\Users\mathi\AppData\Local\Temp\ccyA6znV.s 			page 9


 254              		.cfi_def_cfa_offset 8
 255              		.cfi_offset 3, -8
 256              		.cfi_offset 14, -4
 218:Core/Src/stm32l4xx_it.c ****   /* USER CODE BEGIN EXTI9_5_IRQn 0 */
 219:Core/Src/stm32l4xx_it.c **** 
 220:Core/Src/stm32l4xx_it.c ****   /* USER CODE END EXTI9_5_IRQn 0 */
 221:Core/Src/stm32l4xx_it.c ****   HAL_GPIO_EXTI_IRQHandler(MA_ENCA_Pin);
 257              		.loc 1 221 3 view .LVU32
 258 0002 4020     		movs	r0, #64
 259 0004 FFF7FEFF 		bl	HAL_GPIO_EXTI_IRQHandler
 260              	.LVL3:
 222:Core/Src/stm32l4xx_it.c ****   /* USER CODE BEGIN EXTI9_5_IRQn 1 */
 223:Core/Src/stm32l4xx_it.c **** 
 224:Core/Src/stm32l4xx_it.c ****   /* USER CODE END EXTI9_5_IRQn 1 */
 225:Core/Src/stm32l4xx_it.c **** }
 261              		.loc 1 225 1 is_stmt 0 view .LVU33
 262 0008 08BD     		pop	{r3, pc}
 263              		.cfi_endproc
 264              	.LFE301:
 266              		.section	.text.TIM1_UP_TIM16_IRQHandler,"ax",%progbits
 267              		.align	1
 268              		.global	TIM1_UP_TIM16_IRQHandler
 269              		.syntax unified
 270              		.thumb
 271              		.thumb_func
 273              	TIM1_UP_TIM16_IRQHandler:
 274              	.LFB302:
 226:Core/Src/stm32l4xx_it.c **** 
 227:Core/Src/stm32l4xx_it.c **** /**
 228:Core/Src/stm32l4xx_it.c ****   * @brief This function handles TIM1 update interrupt and TIM16 global interrupt.
 229:Core/Src/stm32l4xx_it.c ****   */
 230:Core/Src/stm32l4xx_it.c **** void TIM1_UP_TIM16_IRQHandler(void)
 231:Core/Src/stm32l4xx_it.c **** {
 275              		.loc 1 231 1 is_stmt 1 view -0
 276              		.cfi_startproc
 277              		@ args = 0, pretend = 0, frame = 0
 278              		@ frame_needed = 0, uses_anonymous_args = 0
 279 0000 08B5     		push	{r3, lr}
 280              		.cfi_def_cfa_offset 8
 281              		.cfi_offset 3, -8
 282              		.cfi_offset 14, -4
 232:Core/Src/stm32l4xx_it.c ****   /* USER CODE BEGIN TIM1_UP_TIM16_IRQn 0 */
 233:Core/Src/stm32l4xx_it.c **** 
 234:Core/Src/stm32l4xx_it.c ****   /* USER CODE END TIM1_UP_TIM16_IRQn 0 */
 235:Core/Src/stm32l4xx_it.c ****   if (htim1.Instance != NULL)
 283              		.loc 1 235 3 view .LVU35
 284              		.loc 1 235 12 is_stmt 0 view .LVU36
 285 0002 064B     		ldr	r3, .L28
 286 0004 1B68     		ldr	r3, [r3]
 287              		.loc 1 235 6 view .LVU37
 288 0006 13B1     		cbz	r3, .L25
 236:Core/Src/stm32l4xx_it.c ****   {
 237:Core/Src/stm32l4xx_it.c ****     HAL_TIM_IRQHandler(&htim1);
 289              		.loc 1 237 5 is_stmt 1 view .LVU38
 290 0008 0448     		ldr	r0, .L28
 291 000a FFF7FEFF 		bl	HAL_TIM_IRQHandler
 292              	.LVL4:
ARM GAS  C:\Users\mathi\AppData\Local\Temp\ccyA6znV.s 			page 10


 293              	.L25:
 238:Core/Src/stm32l4xx_it.c ****   }
 239:Core/Src/stm32l4xx_it.c ****   if (htim16.Instance != NULL)
 294              		.loc 1 239 3 view .LVU39
 295              		.loc 1 239 13 is_stmt 0 view .LVU40
 296 000e 044B     		ldr	r3, .L28+4
 297 0010 1B68     		ldr	r3, [r3]
 298              		.loc 1 239 6 view .LVU41
 299 0012 13B1     		cbz	r3, .L24
 240:Core/Src/stm32l4xx_it.c ****   {
 241:Core/Src/stm32l4xx_it.c ****     HAL_TIM_IRQHandler(&htim16);
 300              		.loc 1 241 5 is_stmt 1 view .LVU42
 301 0014 0248     		ldr	r0, .L28+4
 302 0016 FFF7FEFF 		bl	HAL_TIM_IRQHandler
 303              	.LVL5:
 304              	.L24:
 242:Core/Src/stm32l4xx_it.c ****   }
 243:Core/Src/stm32l4xx_it.c ****   /* USER CODE BEGIN TIM1_UP_TIM16_IRQn 1 */
 244:Core/Src/stm32l4xx_it.c **** 
 245:Core/Src/stm32l4xx_it.c ****   /* USER CODE END TIM1_UP_TIM16_IRQn 1 */
 246:Core/Src/stm32l4xx_it.c **** }
 305              		.loc 1 246 1 is_stmt 0 view .LVU43
 306 001a 08BD     		pop	{r3, pc}
 307              	.L29:
 308              		.align	2
 309              	.L28:
 310 001c 00000000 		.word	htim1
 311 0020 00000000 		.word	htim16
 312              		.cfi_endproc
 313              	.LFE302:
 315              		.section	.text.TIM2_IRQHandler,"ax",%progbits
 316              		.align	1
 317              		.global	TIM2_IRQHandler
 318              		.syntax unified
 319              		.thumb
 320              		.thumb_func
 322              	TIM2_IRQHandler:
 323              	.LFB303:
 247:Core/Src/stm32l4xx_it.c **** 
 248:Core/Src/stm32l4xx_it.c **** /**
 249:Core/Src/stm32l4xx_it.c ****   * @brief This function handles TIM2 global interrupt.
 250:Core/Src/stm32l4xx_it.c ****   */
 251:Core/Src/stm32l4xx_it.c **** void TIM2_IRQHandler(void)
 252:Core/Src/stm32l4xx_it.c **** {
 324              		.loc 1 252 1 is_stmt 1 view -0
 325              		.cfi_startproc
 326              		@ args = 0, pretend = 0, frame = 0
 327              		@ frame_needed = 0, uses_anonymous_args = 0
 328 0000 08B5     		push	{r3, lr}
 329              		.cfi_def_cfa_offset 8
 330              		.cfi_offset 3, -8
 331              		.cfi_offset 14, -4
 253:Core/Src/stm32l4xx_it.c ****   /* USER CODE BEGIN TIM2_IRQn 0 */
 254:Core/Src/stm32l4xx_it.c **** 
 255:Core/Src/stm32l4xx_it.c ****   /* USER CODE END TIM2_IRQn 0 */
 256:Core/Src/stm32l4xx_it.c ****   HAL_TIM_IRQHandler(&htim2);
 332              		.loc 1 256 3 view .LVU45
ARM GAS  C:\Users\mathi\AppData\Local\Temp\ccyA6znV.s 			page 11


 333 0002 0248     		ldr	r0, .L32
 334 0004 FFF7FEFF 		bl	HAL_TIM_IRQHandler
 335              	.LVL6:
 257:Core/Src/stm32l4xx_it.c ****   /* USER CODE BEGIN TIM2_IRQn 1 */
 258:Core/Src/stm32l4xx_it.c **** 
 259:Core/Src/stm32l4xx_it.c ****   /* USER CODE END TIM2_IRQn 1 */
 260:Core/Src/stm32l4xx_it.c **** }
 336              		.loc 1 260 1 is_stmt 0 view .LVU46
 337 0008 08BD     		pop	{r3, pc}
 338              	.L33:
 339 000a 00BF     		.align	2
 340              	.L32:
 341 000c 00000000 		.word	htim2
 342              		.cfi_endproc
 343              	.LFE303:
 345              		.section	.text.TIM3_IRQHandler,"ax",%progbits
 346              		.align	1
 347              		.global	TIM3_IRQHandler
 348              		.syntax unified
 349              		.thumb
 350              		.thumb_func
 352              	TIM3_IRQHandler:
 353              	.LFB304:
 261:Core/Src/stm32l4xx_it.c **** 
 262:Core/Src/stm32l4xx_it.c **** /**
 263:Core/Src/stm32l4xx_it.c ****   * @brief This function handles TIM3 global interrupt.
 264:Core/Src/stm32l4xx_it.c ****   */
 265:Core/Src/stm32l4xx_it.c **** void TIM3_IRQHandler(void)
 266:Core/Src/stm32l4xx_it.c **** {
 354              		.loc 1 266 1 is_stmt 1 view -0
 355              		.cfi_startproc
 356              		@ args = 0, pretend = 0, frame = 0
 357              		@ frame_needed = 0, uses_anonymous_args = 0
 358 0000 08B5     		push	{r3, lr}
 359              		.cfi_def_cfa_offset 8
 360              		.cfi_offset 3, -8
 361              		.cfi_offset 14, -4
 267:Core/Src/stm32l4xx_it.c ****   /* USER CODE BEGIN TIM3_IRQn 0 */
 268:Core/Src/stm32l4xx_it.c **** 
 269:Core/Src/stm32l4xx_it.c ****   /* USER CODE END TIM3_IRQn 0 */
 270:Core/Src/stm32l4xx_it.c ****   HAL_TIM_IRQHandler(&htim3);
 362              		.loc 1 270 3 view .LVU48
 363 0002 0248     		ldr	r0, .L36
 364 0004 FFF7FEFF 		bl	HAL_TIM_IRQHandler
 365              	.LVL7:
 271:Core/Src/stm32l4xx_it.c ****   /* USER CODE BEGIN TIM3_IRQn 1 */
 272:Core/Src/stm32l4xx_it.c **** 
 273:Core/Src/stm32l4xx_it.c ****   /* USER CODE END TIM3_IRQn 1 */
 274:Core/Src/stm32l4xx_it.c **** }
 366              		.loc 1 274 1 is_stmt 0 view .LVU49
 367 0008 08BD     		pop	{r3, pc}
 368              	.L37:
 369 000a 00BF     		.align	2
 370              	.L36:
 371 000c 00000000 		.word	htim3
 372              		.cfi_endproc
 373              	.LFE304:
ARM GAS  C:\Users\mathi\AppData\Local\Temp\ccyA6znV.s 			page 12


 375              		.section	.text.I2C1_EV_IRQHandler,"ax",%progbits
 376              		.align	1
 377              		.global	I2C1_EV_IRQHandler
 378              		.syntax unified
 379              		.thumb
 380              		.thumb_func
 382              	I2C1_EV_IRQHandler:
 383              	.LFB305:
 275:Core/Src/stm32l4xx_it.c **** 
 276:Core/Src/stm32l4xx_it.c **** /**
 277:Core/Src/stm32l4xx_it.c ****   * @brief This function handles I2C1 event interrupt.
 278:Core/Src/stm32l4xx_it.c ****   */
 279:Core/Src/stm32l4xx_it.c **** void I2C1_EV_IRQHandler(void)
 280:Core/Src/stm32l4xx_it.c **** {
 384              		.loc 1 280 1 is_stmt 1 view -0
 385              		.cfi_startproc
 386              		@ args = 0, pretend = 0, frame = 0
 387              		@ frame_needed = 0, uses_anonymous_args = 0
 388 0000 08B5     		push	{r3, lr}
 389              		.cfi_def_cfa_offset 8
 390              		.cfi_offset 3, -8
 391              		.cfi_offset 14, -4
 281:Core/Src/stm32l4xx_it.c ****   /* USER CODE BEGIN I2C1_EV_IRQn 0 */
 282:Core/Src/stm32l4xx_it.c **** 
 283:Core/Src/stm32l4xx_it.c ****   /* USER CODE END I2C1_EV_IRQn 0 */
 284:Core/Src/stm32l4xx_it.c ****   HAL_I2C_EV_IRQHandler(&hi2c1);
 392              		.loc 1 284 3 view .LVU51
 393 0002 0248     		ldr	r0, .L40
 394 0004 FFF7FEFF 		bl	HAL_I2C_EV_IRQHandler
 395              	.LVL8:
 285:Core/Src/stm32l4xx_it.c ****   /* USER CODE BEGIN I2C1_EV_IRQn 1 */
 286:Core/Src/stm32l4xx_it.c **** 
 287:Core/Src/stm32l4xx_it.c ****   /* USER CODE END I2C1_EV_IRQn 1 */
 288:Core/Src/stm32l4xx_it.c **** }
 396              		.loc 1 288 1 is_stmt 0 view .LVU52
 397 0008 08BD     		pop	{r3, pc}
 398              	.L41:
 399 000a 00BF     		.align	2
 400              	.L40:
 401 000c 00000000 		.word	hi2c1
 402              		.cfi_endproc
 403              	.LFE305:
 405              		.section	.text.I2C1_ER_IRQHandler,"ax",%progbits
 406              		.align	1
 407              		.global	I2C1_ER_IRQHandler
 408              		.syntax unified
 409              		.thumb
 410              		.thumb_func
 412              	I2C1_ER_IRQHandler:
 413              	.LFB306:
 289:Core/Src/stm32l4xx_it.c **** 
 290:Core/Src/stm32l4xx_it.c **** /**
 291:Core/Src/stm32l4xx_it.c ****   * @brief This function handles I2C1 error interrupt.
 292:Core/Src/stm32l4xx_it.c ****   */
 293:Core/Src/stm32l4xx_it.c **** void I2C1_ER_IRQHandler(void)
 294:Core/Src/stm32l4xx_it.c **** {
 414              		.loc 1 294 1 is_stmt 1 view -0
ARM GAS  C:\Users\mathi\AppData\Local\Temp\ccyA6znV.s 			page 13


 415              		.cfi_startproc
 416              		@ args = 0, pretend = 0, frame = 0
 417              		@ frame_needed = 0, uses_anonymous_args = 0
 418 0000 08B5     		push	{r3, lr}
 419              		.cfi_def_cfa_offset 8
 420              		.cfi_offset 3, -8
 421              		.cfi_offset 14, -4
 295:Core/Src/stm32l4xx_it.c ****   /* USER CODE BEGIN I2C1_ER_IRQn 0 */
 296:Core/Src/stm32l4xx_it.c **** 
 297:Core/Src/stm32l4xx_it.c ****   /* USER CODE END I2C1_ER_IRQn 0 */
 298:Core/Src/stm32l4xx_it.c ****   HAL_I2C_ER_IRQHandler(&hi2c1);
 422              		.loc 1 298 3 view .LVU54
 423 0002 0248     		ldr	r0, .L44
 424 0004 FFF7FEFF 		bl	HAL_I2C_ER_IRQHandler
 425              	.LVL9:
 299:Core/Src/stm32l4xx_it.c ****   /* USER CODE BEGIN I2C1_ER_IRQn 1 */
 300:Core/Src/stm32l4xx_it.c **** 
 301:Core/Src/stm32l4xx_it.c ****   /* USER CODE END I2C1_ER_IRQn 1 */
 302:Core/Src/stm32l4xx_it.c **** }
 426              		.loc 1 302 1 is_stmt 0 view .LVU55
 427 0008 08BD     		pop	{r3, pc}
 428              	.L45:
 429 000a 00BF     		.align	2
 430              	.L44:
 431 000c 00000000 		.word	hi2c1
 432              		.cfi_endproc
 433              	.LFE306:
 435              		.section	.text.USART2_IRQHandler,"ax",%progbits
 436              		.align	1
 437              		.global	USART2_IRQHandler
 438              		.syntax unified
 439              		.thumb
 440              		.thumb_func
 442              	USART2_IRQHandler:
 443              	.LFB307:
 303:Core/Src/stm32l4xx_it.c **** 
 304:Core/Src/stm32l4xx_it.c **** /**
 305:Core/Src/stm32l4xx_it.c ****   * @brief This function handles USART2 global interrupt.
 306:Core/Src/stm32l4xx_it.c ****   */
 307:Core/Src/stm32l4xx_it.c **** void USART2_IRQHandler(void)
 308:Core/Src/stm32l4xx_it.c **** {
 444              		.loc 1 308 1 is_stmt 1 view -0
 445              		.cfi_startproc
 446              		@ args = 0, pretend = 0, frame = 0
 447              		@ frame_needed = 0, uses_anonymous_args = 0
 448 0000 08B5     		push	{r3, lr}
 449              		.cfi_def_cfa_offset 8
 450              		.cfi_offset 3, -8
 451              		.cfi_offset 14, -4
 309:Core/Src/stm32l4xx_it.c ****   /* USER CODE BEGIN USART2_IRQn 0 */
 310:Core/Src/stm32l4xx_it.c **** 
 311:Core/Src/stm32l4xx_it.c ****   /* USER CODE END USART2_IRQn 0 */
 312:Core/Src/stm32l4xx_it.c ****   HAL_UART_IRQHandler(&huart2);
 452              		.loc 1 312 3 view .LVU57
 453 0002 0248     		ldr	r0, .L48
 454 0004 FFF7FEFF 		bl	HAL_UART_IRQHandler
 455              	.LVL10:
ARM GAS  C:\Users\mathi\AppData\Local\Temp\ccyA6znV.s 			page 14


 313:Core/Src/stm32l4xx_it.c ****   /* USER CODE BEGIN USART2_IRQn 1 */
 314:Core/Src/stm32l4xx_it.c **** 
 315:Core/Src/stm32l4xx_it.c ****   /* USER CODE END USART2_IRQn 1 */
 316:Core/Src/stm32l4xx_it.c **** }
 456              		.loc 1 316 1 is_stmt 0 view .LVU58
 457 0008 08BD     		pop	{r3, pc}
 458              	.L49:
 459 000a 00BF     		.align	2
 460              	.L48:
 461 000c 00000000 		.word	huart2
 462              		.cfi_endproc
 463              	.LFE307:
 465              		.section	.text.EXTI15_10_IRQHandler,"ax",%progbits
 466              		.align	1
 467              		.global	EXTI15_10_IRQHandler
 468              		.syntax unified
 469              		.thumb
 470              		.thumb_func
 472              	EXTI15_10_IRQHandler:
 473              	.LFB308:
 317:Core/Src/stm32l4xx_it.c **** 
 318:Core/Src/stm32l4xx_it.c **** /**
 319:Core/Src/stm32l4xx_it.c ****   * @brief This function handles EXTI line[15:10] interrupts.
 320:Core/Src/stm32l4xx_it.c ****   */
 321:Core/Src/stm32l4xx_it.c **** void EXTI15_10_IRQHandler(void)
 322:Core/Src/stm32l4xx_it.c **** {
 474              		.loc 1 322 1 is_stmt 1 view -0
 475              		.cfi_startproc
 476              		@ args = 0, pretend = 0, frame = 0
 477              		@ frame_needed = 0, uses_anonymous_args = 0
 478 0000 08B5     		push	{r3, lr}
 479              		.cfi_def_cfa_offset 8
 480              		.cfi_offset 3, -8
 481              		.cfi_offset 14, -4
 323:Core/Src/stm32l4xx_it.c ****   /* USER CODE BEGIN EXTI15_10_IRQn 0 */
 324:Core/Src/stm32l4xx_it.c **** 
 325:Core/Src/stm32l4xx_it.c ****   /* USER CODE END EXTI15_10_IRQn 0 */
 326:Core/Src/stm32l4xx_it.c ****   HAL_GPIO_EXTI_IRQHandler(B1_Pin);
 482              		.loc 1 326 3 view .LVU60
 483 0002 4FF40050 		mov	r0, #8192
 484 0006 FFF7FEFF 		bl	HAL_GPIO_EXTI_IRQHandler
 485              	.LVL11:
 327:Core/Src/stm32l4xx_it.c ****   /* USER CODE BEGIN EXTI15_10_IRQn 1 */
 328:Core/Src/stm32l4xx_it.c **** 
 329:Core/Src/stm32l4xx_it.c ****   /* USER CODE END EXTI15_10_IRQn 1 */
 330:Core/Src/stm32l4xx_it.c **** }
 486              		.loc 1 330 1 is_stmt 0 view .LVU61
 487 000a 08BD     		pop	{r3, pc}
 488              		.cfi_endproc
 489              	.LFE308:
 491              		.section	.text.DMA2_Channel6_IRQHandler,"ax",%progbits
 492              		.align	1
 493              		.global	DMA2_Channel6_IRQHandler
 494              		.syntax unified
 495              		.thumb
 496              		.thumb_func
 498              	DMA2_Channel6_IRQHandler:
ARM GAS  C:\Users\mathi\AppData\Local\Temp\ccyA6znV.s 			page 15


 499              	.LFB309:
 331:Core/Src/stm32l4xx_it.c **** 
 332:Core/Src/stm32l4xx_it.c **** /**
 333:Core/Src/stm32l4xx_it.c ****   * @brief This function handles DMA2 channel6 global interrupt.
 334:Core/Src/stm32l4xx_it.c ****   */
 335:Core/Src/stm32l4xx_it.c **** void DMA2_Channel6_IRQHandler(void)
 336:Core/Src/stm32l4xx_it.c **** {
 500              		.loc 1 336 1 is_stmt 1 view -0
 501              		.cfi_startproc
 502              		@ args = 0, pretend = 0, frame = 0
 503              		@ frame_needed = 0, uses_anonymous_args = 0
 504 0000 08B5     		push	{r3, lr}
 505              		.cfi_def_cfa_offset 8
 506              		.cfi_offset 3, -8
 507              		.cfi_offset 14, -4
 337:Core/Src/stm32l4xx_it.c ****   /* USER CODE BEGIN DMA2_Channel6_IRQn 0 */
 338:Core/Src/stm32l4xx_it.c **** 
 339:Core/Src/stm32l4xx_it.c ****   /* USER CODE END DMA2_Channel6_IRQn 0 */
 340:Core/Src/stm32l4xx_it.c ****   HAL_DMA_IRQHandler(&hdma_i2c1_rx);
 508              		.loc 1 340 3 view .LVU63
 509 0002 0248     		ldr	r0, .L54
 510 0004 FFF7FEFF 		bl	HAL_DMA_IRQHandler
 511              	.LVL12:
 341:Core/Src/stm32l4xx_it.c ****   /* USER CODE BEGIN DMA2_Channel6_IRQn 1 */
 342:Core/Src/stm32l4xx_it.c **** 
 343:Core/Src/stm32l4xx_it.c ****   /* USER CODE END DMA2_Channel6_IRQn 1 */
 344:Core/Src/stm32l4xx_it.c **** }
 512              		.loc 1 344 1 is_stmt 0 view .LVU64
 513 0008 08BD     		pop	{r3, pc}
 514              	.L55:
 515 000a 00BF     		.align	2
 516              	.L54:
 517 000c 00000000 		.word	hdma_i2c1_rx
 518              		.cfi_endproc
 519              	.LFE309:
 521              		.section	.text.DMA2_Channel7_IRQHandler,"ax",%progbits
 522              		.align	1
 523              		.global	DMA2_Channel7_IRQHandler
 524              		.syntax unified
 525              		.thumb
 526              		.thumb_func
 528              	DMA2_Channel7_IRQHandler:
 529              	.LFB310:
 345:Core/Src/stm32l4xx_it.c **** 
 346:Core/Src/stm32l4xx_it.c **** /**
 347:Core/Src/stm32l4xx_it.c ****   * @brief This function handles DMA2 channel7 global interrupt.
 348:Core/Src/stm32l4xx_it.c ****   */
 349:Core/Src/stm32l4xx_it.c **** void DMA2_Channel7_IRQHandler(void)
 350:Core/Src/stm32l4xx_it.c **** {
 530              		.loc 1 350 1 is_stmt 1 view -0
 531              		.cfi_startproc
 532              		@ args = 0, pretend = 0, frame = 0
 533              		@ frame_needed = 0, uses_anonymous_args = 0
 534 0000 08B5     		push	{r3, lr}
 535              		.cfi_def_cfa_offset 8
 536              		.cfi_offset 3, -8
 537              		.cfi_offset 14, -4
ARM GAS  C:\Users\mathi\AppData\Local\Temp\ccyA6znV.s 			page 16


 351:Core/Src/stm32l4xx_it.c ****   /* USER CODE BEGIN DMA2_Channel7_IRQn 0 */
 352:Core/Src/stm32l4xx_it.c **** 
 353:Core/Src/stm32l4xx_it.c ****   /* USER CODE END DMA2_Channel7_IRQn 0 */
 354:Core/Src/stm32l4xx_it.c ****   HAL_DMA_IRQHandler(&hdma_i2c1_tx);
 538              		.loc 1 354 3 view .LVU66
 539 0002 0248     		ldr	r0, .L58
 540 0004 FFF7FEFF 		bl	HAL_DMA_IRQHandler
 541              	.LVL13:
 355:Core/Src/stm32l4xx_it.c ****   /* USER CODE BEGIN DMA2_Channel7_IRQn 1 */
 356:Core/Src/stm32l4xx_it.c **** 
 357:Core/Src/stm32l4xx_it.c ****   /* USER CODE END DMA2_Channel7_IRQn 1 */
 358:Core/Src/stm32l4xx_it.c **** }
 542              		.loc 1 358 1 is_stmt 0 view .LVU67
 543 0008 08BD     		pop	{r3, pc}
 544              	.L59:
 545 000a 00BF     		.align	2
 546              	.L58:
 547 000c 00000000 		.word	hdma_i2c1_tx
 548              		.cfi_endproc
 549              	.LFE310:
 551              		.text
 552              	.Letext0:
 553              		.file 2 "C:/Users/mathi/AppData/Roaming/Code/User/globalStorage/bmd.stm32-for-vscode/@xpack-dev-to
 554              		.file 3 "C:/Users/mathi/AppData/Roaming/Code/User/globalStorage/bmd.stm32-for-vscode/@xpack-dev-to
 555              		.file 4 "Drivers/CMSIS/Device/ST/STM32L4xx/Include/stm32l452xx.h"
 556              		.file 5 "Drivers/STM32L4xx_HAL_Driver/Inc/stm32l4xx_hal_def.h"
 557              		.file 6 "Drivers/STM32L4xx_HAL_Driver/Inc/stm32l4xx_hal_dma.h"
 558              		.file 7 "Drivers/STM32L4xx_HAL_Driver/Inc/stm32l4xx_hal_i2c.h"
 559              		.file 8 "Drivers/STM32L4xx_HAL_Driver/Inc/stm32l4xx_hal_tim.h"
 560              		.file 9 "Drivers/STM32L4xx_HAL_Driver/Inc/stm32l4xx_hal_uart.h"
 561              		.file 10 "Drivers/STM32L4xx_HAL_Driver/Inc/stm32l4xx_hal_gpio.h"
ARM GAS  C:\Users\mathi\AppData\Local\Temp\ccyA6znV.s 			page 17


DEFINED SYMBOLS
                            *ABS*:00000000 stm32l4xx_it.c
C:\Users\mathi\AppData\Local\Temp\ccyA6znV.s:21     .text.NMI_Handler:00000000 $t
C:\Users\mathi\AppData\Local\Temp\ccyA6znV.s:27     .text.NMI_Handler:00000000 NMI_Handler
C:\Users\mathi\AppData\Local\Temp\ccyA6znV.s:44     .text.HardFault_Handler:00000000 $t
C:\Users\mathi\AppData\Local\Temp\ccyA6znV.s:50     .text.HardFault_Handler:00000000 HardFault_Handler
C:\Users\mathi\AppData\Local\Temp\ccyA6znV.s:67     .text.MemManage_Handler:00000000 $t
C:\Users\mathi\AppData\Local\Temp\ccyA6znV.s:73     .text.MemManage_Handler:00000000 MemManage_Handler
C:\Users\mathi\AppData\Local\Temp\ccyA6znV.s:90     .text.BusFault_Handler:00000000 $t
C:\Users\mathi\AppData\Local\Temp\ccyA6znV.s:96     .text.BusFault_Handler:00000000 BusFault_Handler
C:\Users\mathi\AppData\Local\Temp\ccyA6znV.s:113    .text.UsageFault_Handler:00000000 $t
C:\Users\mathi\AppData\Local\Temp\ccyA6znV.s:119    .text.UsageFault_Handler:00000000 UsageFault_Handler
C:\Users\mathi\AppData\Local\Temp\ccyA6znV.s:136    .text.DebugMon_Handler:00000000 $t
C:\Users\mathi\AppData\Local\Temp\ccyA6znV.s:142    .text.DebugMon_Handler:00000000 DebugMon_Handler
C:\Users\mathi\AppData\Local\Temp\ccyA6znV.s:155    .text.EXTI1_IRQHandler:00000000 $t
C:\Users\mathi\AppData\Local\Temp\ccyA6znV.s:161    .text.EXTI1_IRQHandler:00000000 EXTI1_IRQHandler
C:\Users\mathi\AppData\Local\Temp\ccyA6znV.s:181    .text.DMA1_Channel6_IRQHandler:00000000 $t
C:\Users\mathi\AppData\Local\Temp\ccyA6znV.s:187    .text.DMA1_Channel6_IRQHandler:00000000 DMA1_Channel6_IRQHandler
C:\Users\mathi\AppData\Local\Temp\ccyA6znV.s:206    .text.DMA1_Channel6_IRQHandler:0000000c $d
C:\Users\mathi\AppData\Local\Temp\ccyA6znV.s:211    .text.DMA1_Channel7_IRQHandler:00000000 $t
C:\Users\mathi\AppData\Local\Temp\ccyA6znV.s:217    .text.DMA1_Channel7_IRQHandler:00000000 DMA1_Channel7_IRQHandler
C:\Users\mathi\AppData\Local\Temp\ccyA6znV.s:236    .text.DMA1_Channel7_IRQHandler:0000000c $d
C:\Users\mathi\AppData\Local\Temp\ccyA6znV.s:241    .text.EXTI9_5_IRQHandler:00000000 $t
C:\Users\mathi\AppData\Local\Temp\ccyA6znV.s:247    .text.EXTI9_5_IRQHandler:00000000 EXTI9_5_IRQHandler
C:\Users\mathi\AppData\Local\Temp\ccyA6znV.s:267    .text.TIM1_UP_TIM16_IRQHandler:00000000 $t
C:\Users\mathi\AppData\Local\Temp\ccyA6znV.s:273    .text.TIM1_UP_TIM16_IRQHandler:00000000 TIM1_UP_TIM16_IRQHandler
C:\Users\mathi\AppData\Local\Temp\ccyA6znV.s:310    .text.TIM1_UP_TIM16_IRQHandler:0000001c $d
C:\Users\mathi\AppData\Local\Temp\ccyA6znV.s:316    .text.TIM2_IRQHandler:00000000 $t
C:\Users\mathi\AppData\Local\Temp\ccyA6znV.s:322    .text.TIM2_IRQHandler:00000000 TIM2_IRQHandler
C:\Users\mathi\AppData\Local\Temp\ccyA6znV.s:341    .text.TIM2_IRQHandler:0000000c $d
C:\Users\mathi\AppData\Local\Temp\ccyA6znV.s:346    .text.TIM3_IRQHandler:00000000 $t
C:\Users\mathi\AppData\Local\Temp\ccyA6znV.s:352    .text.TIM3_IRQHandler:00000000 TIM3_IRQHandler
C:\Users\mathi\AppData\Local\Temp\ccyA6znV.s:371    .text.TIM3_IRQHandler:0000000c $d
C:\Users\mathi\AppData\Local\Temp\ccyA6znV.s:376    .text.I2C1_EV_IRQHandler:00000000 $t
C:\Users\mathi\AppData\Local\Temp\ccyA6znV.s:382    .text.I2C1_EV_IRQHandler:00000000 I2C1_EV_IRQHandler
C:\Users\mathi\AppData\Local\Temp\ccyA6znV.s:401    .text.I2C1_EV_IRQHandler:0000000c $d
C:\Users\mathi\AppData\Local\Temp\ccyA6znV.s:406    .text.I2C1_ER_IRQHandler:00000000 $t
C:\Users\mathi\AppData\Local\Temp\ccyA6znV.s:412    .text.I2C1_ER_IRQHandler:00000000 I2C1_ER_IRQHandler
C:\Users\mathi\AppData\Local\Temp\ccyA6znV.s:431    .text.I2C1_ER_IRQHandler:0000000c $d
C:\Users\mathi\AppData\Local\Temp\ccyA6znV.s:436    .text.USART2_IRQHandler:00000000 $t
C:\Users\mathi\AppData\Local\Temp\ccyA6znV.s:442    .text.USART2_IRQHandler:00000000 USART2_IRQHandler
C:\Users\mathi\AppData\Local\Temp\ccyA6znV.s:461    .text.USART2_IRQHandler:0000000c $d
C:\Users\mathi\AppData\Local\Temp\ccyA6znV.s:466    .text.EXTI15_10_IRQHandler:00000000 $t
C:\Users\mathi\AppData\Local\Temp\ccyA6znV.s:472    .text.EXTI15_10_IRQHandler:00000000 EXTI15_10_IRQHandler
C:\Users\mathi\AppData\Local\Temp\ccyA6znV.s:492    .text.DMA2_Channel6_IRQHandler:00000000 $t
C:\Users\mathi\AppData\Local\Temp\ccyA6znV.s:498    .text.DMA2_Channel6_IRQHandler:00000000 DMA2_Channel6_IRQHandler
C:\Users\mathi\AppData\Local\Temp\ccyA6znV.s:517    .text.DMA2_Channel6_IRQHandler:0000000c $d
C:\Users\mathi\AppData\Local\Temp\ccyA6znV.s:522    .text.DMA2_Channel7_IRQHandler:00000000 $t
C:\Users\mathi\AppData\Local\Temp\ccyA6znV.s:528    .text.DMA2_Channel7_IRQHandler:00000000 DMA2_Channel7_IRQHandler
C:\Users\mathi\AppData\Local\Temp\ccyA6znV.s:547    .text.DMA2_Channel7_IRQHandler:0000000c $d

UNDEFINED SYMBOLS
HAL_GPIO_EXTI_IRQHandler
HAL_DMA_IRQHandler
hdma_usart2_rx
hdma_usart2_tx
HAL_TIM_IRQHandler
ARM GAS  C:\Users\mathi\AppData\Local\Temp\ccyA6znV.s 			page 18


htim1
htim16
htim2
htim3
HAL_I2C_EV_IRQHandler
hi2c1
HAL_I2C_ER_IRQHandler
HAL_UART_IRQHandler
huart2
hdma_i2c1_rx
hdma_i2c1_tx
