ARM GAS  C:\Users\mathi\AppData\Local\Temp\ccwOqtqm.s 			page 1


   1              		.cpu cortex-m4
   2              		.arch armv7e-m
   3              		.fpu fpv4-sp-d16
   4              		.eabi_attribute 27, 1
   5              		.eabi_attribute 28, 1
   6              		.eabi_attribute 20, 1
   7              		.eabi_attribute 21, 1
   8              		.eabi_attribute 23, 3
   9              		.eabi_attribute 24, 1
  10              		.eabi_attribute 25, 1
  11              		.eabi_attribute 26, 1
  12              		.eabi_attribute 30, 1
  13              		.eabi_attribute 34, 1
  14              		.eabi_attribute 18, 4
  15              		.file	"usart.c"
  16              		.text
  17              	.Ltext0:
  18              		.cfi_sections	.debug_frame
  19              		.file 1 "Core/Src/usart.c"
  20              		.section	.text.MX_USART2_UART_Init,"ax",%progbits
  21              		.align	1
  22              		.global	MX_USART2_UART_Init
  23              		.syntax unified
  24              		.thumb
  25              		.thumb_func
  27              	MX_USART2_UART_Init:
  28              	.LFB292:
   1:Core/Src/usart.c **** /* USER CODE BEGIN Header */
   2:Core/Src/usart.c **** /**
   3:Core/Src/usart.c ****   ******************************************************************************
   4:Core/Src/usart.c ****   * @file    usart.c
   5:Core/Src/usart.c ****   * @brief   This file provides code for the configuration
   6:Core/Src/usart.c ****   *          of the USART instances.
   7:Core/Src/usart.c ****   ******************************************************************************
   8:Core/Src/usart.c ****   * @attention
   9:Core/Src/usart.c ****   *
  10:Core/Src/usart.c ****   * Copyright (c) 2024 STMicroelectronics.
  11:Core/Src/usart.c ****   * All rights reserved.
  12:Core/Src/usart.c ****   *
  13:Core/Src/usart.c ****   * This software is licensed under terms that can be found in the LICENSE file
  14:Core/Src/usart.c ****   * in the root directory of this software component.
  15:Core/Src/usart.c ****   * If no LICENSE file comes with this software, it is provided AS-IS.
  16:Core/Src/usart.c ****   *
  17:Core/Src/usart.c ****   ******************************************************************************
  18:Core/Src/usart.c ****   */
  19:Core/Src/usart.c **** /* USER CODE END Header */
  20:Core/Src/usart.c **** /* Includes ------------------------------------------------------------------*/
  21:Core/Src/usart.c **** #include "usart.h"
  22:Core/Src/usart.c **** 
  23:Core/Src/usart.c **** /* USER CODE BEGIN 0 */
  24:Core/Src/usart.c **** 
  25:Core/Src/usart.c **** /* USER CODE END 0 */
  26:Core/Src/usart.c **** 
  27:Core/Src/usart.c **** UART_HandleTypeDef huart2;
  28:Core/Src/usart.c **** DMA_HandleTypeDef hdma_usart2_tx;
  29:Core/Src/usart.c **** DMA_HandleTypeDef hdma_usart2_rx;
  30:Core/Src/usart.c **** 
ARM GAS  C:\Users\mathi\AppData\Local\Temp\ccwOqtqm.s 			page 2


  31:Core/Src/usart.c **** /* USART2 init function */
  32:Core/Src/usart.c **** 
  33:Core/Src/usart.c **** void MX_USART2_UART_Init(void)
  34:Core/Src/usart.c **** {
  29              		.loc 1 34 1 view -0
  30              		.cfi_startproc
  31              		@ args = 0, pretend = 0, frame = 0
  32              		@ frame_needed = 0, uses_anonymous_args = 0
  33 0000 08B5     		push	{r3, lr}
  34              		.cfi_def_cfa_offset 8
  35              		.cfi_offset 3, -8
  36              		.cfi_offset 14, -4
  35:Core/Src/usart.c **** 
  36:Core/Src/usart.c ****   /* USER CODE BEGIN USART2_Init 0 */
  37:Core/Src/usart.c **** 
  38:Core/Src/usart.c ****   /* USER CODE END USART2_Init 0 */
  39:Core/Src/usart.c **** 
  40:Core/Src/usart.c ****   /* USER CODE BEGIN USART2_Init 1 */
  41:Core/Src/usart.c **** 
  42:Core/Src/usart.c ****   /* USER CODE END USART2_Init 1 */
  43:Core/Src/usart.c ****   huart2.Instance = USART2;
  37              		.loc 1 43 3 view .LVU1
  38              		.loc 1 43 19 is_stmt 0 view .LVU2
  39 0002 0B48     		ldr	r0, .L5
  40 0004 0B4B     		ldr	r3, .L5+4
  41 0006 0360     		str	r3, [r0]
  44:Core/Src/usart.c ****   huart2.Init.BaudRate = 115200;
  42              		.loc 1 44 3 is_stmt 1 view .LVU3
  43              		.loc 1 44 24 is_stmt 0 view .LVU4
  44 0008 4FF4E133 		mov	r3, #115200
  45 000c 4360     		str	r3, [r0, #4]
  45:Core/Src/usart.c ****   huart2.Init.WordLength = UART_WORDLENGTH_8B;
  46              		.loc 1 45 3 is_stmt 1 view .LVU5
  47              		.loc 1 45 26 is_stmt 0 view .LVU6
  48 000e 0023     		movs	r3, #0
  49 0010 8360     		str	r3, [r0, #8]
  46:Core/Src/usart.c ****   huart2.Init.StopBits = UART_STOPBITS_1;
  50              		.loc 1 46 3 is_stmt 1 view .LVU7
  51              		.loc 1 46 24 is_stmt 0 view .LVU8
  52 0012 C360     		str	r3, [r0, #12]
  47:Core/Src/usart.c ****   huart2.Init.Parity = UART_PARITY_NONE;
  53              		.loc 1 47 3 is_stmt 1 view .LVU9
  54              		.loc 1 47 22 is_stmt 0 view .LVU10
  55 0014 0361     		str	r3, [r0, #16]
  48:Core/Src/usart.c ****   huart2.Init.Mode = UART_MODE_TX_RX;
  56              		.loc 1 48 3 is_stmt 1 view .LVU11
  57              		.loc 1 48 20 is_stmt 0 view .LVU12
  58 0016 0C22     		movs	r2, #12
  59 0018 4261     		str	r2, [r0, #20]
  49:Core/Src/usart.c ****   huart2.Init.HwFlowCtl = UART_HWCONTROL_NONE;
  60              		.loc 1 49 3 is_stmt 1 view .LVU13
  61              		.loc 1 49 25 is_stmt 0 view .LVU14
  62 001a 8361     		str	r3, [r0, #24]
  50:Core/Src/usart.c ****   huart2.Init.OverSampling = UART_OVERSAMPLING_16;
  63              		.loc 1 50 3 is_stmt 1 view .LVU15
  64              		.loc 1 50 28 is_stmt 0 view .LVU16
  65 001c C361     		str	r3, [r0, #28]
ARM GAS  C:\Users\mathi\AppData\Local\Temp\ccwOqtqm.s 			page 3


  51:Core/Src/usart.c ****   huart2.Init.OneBitSampling = UART_ONE_BIT_SAMPLE_DISABLE;
  66              		.loc 1 51 3 is_stmt 1 view .LVU17
  67              		.loc 1 51 30 is_stmt 0 view .LVU18
  68 001e 0362     		str	r3, [r0, #32]
  52:Core/Src/usart.c ****   huart2.AdvancedInit.AdvFeatureInit = UART_ADVFEATURE_NO_INIT;
  69              		.loc 1 52 3 is_stmt 1 view .LVU19
  70              		.loc 1 52 38 is_stmt 0 view .LVU20
  71 0020 4362     		str	r3, [r0, #36]
  53:Core/Src/usart.c ****   if (HAL_UART_Init(&huart2) != HAL_OK)
  72              		.loc 1 53 3 is_stmt 1 view .LVU21
  73              		.loc 1 53 7 is_stmt 0 view .LVU22
  74 0022 FFF7FEFF 		bl	HAL_UART_Init
  75              	.LVL0:
  76              		.loc 1 53 6 discriminator 1 view .LVU23
  77 0026 00B9     		cbnz	r0, .L4
  78              	.L1:
  54:Core/Src/usart.c ****   {
  55:Core/Src/usart.c ****     Error_Handler();
  56:Core/Src/usart.c ****   }
  57:Core/Src/usart.c ****   /* USER CODE BEGIN USART2_Init 2 */
  58:Core/Src/usart.c **** 
  59:Core/Src/usart.c ****   /* USER CODE END USART2_Init 2 */
  60:Core/Src/usart.c **** 
  61:Core/Src/usart.c **** }
  79              		.loc 1 61 1 view .LVU24
  80 0028 08BD     		pop	{r3, pc}
  81              	.L4:
  55:Core/Src/usart.c ****   }
  82              		.loc 1 55 5 is_stmt 1 view .LVU25
  83 002a FFF7FEFF 		bl	Error_Handler
  84              	.LVL1:
  85              		.loc 1 61 1 is_stmt 0 view .LVU26
  86 002e FBE7     		b	.L1
  87              	.L6:
  88              		.align	2
  89              	.L5:
  90 0030 00000000 		.word	huart2
  91 0034 00440040 		.word	1073759232
  92              		.cfi_endproc
  93              	.LFE292:
  95              		.section	.text.HAL_UART_MspInit,"ax",%progbits
  96              		.align	1
  97              		.global	HAL_UART_MspInit
  98              		.syntax unified
  99              		.thumb
 100              		.thumb_func
 102              	HAL_UART_MspInit:
 103              	.LVL2:
 104              	.LFB293:
  62:Core/Src/usart.c **** 
  63:Core/Src/usart.c **** void HAL_UART_MspInit(UART_HandleTypeDef* uartHandle)
  64:Core/Src/usart.c **** {
 105              		.loc 1 64 1 is_stmt 1 view -0
 106              		.cfi_startproc
 107              		@ args = 0, pretend = 0, frame = 136
 108              		@ frame_needed = 0, uses_anonymous_args = 0
 109              		.loc 1 64 1 is_stmt 0 view .LVU28
ARM GAS  C:\Users\mathi\AppData\Local\Temp\ccwOqtqm.s 			page 4


 110 0000 70B5     		push	{r4, r5, r6, lr}
 111              		.cfi_def_cfa_offset 16
 112              		.cfi_offset 4, -16
 113              		.cfi_offset 5, -12
 114              		.cfi_offset 6, -8
 115              		.cfi_offset 14, -4
 116 0002 A2B0     		sub	sp, sp, #136
 117              		.cfi_def_cfa_offset 152
 118 0004 0446     		mov	r4, r0
  65:Core/Src/usart.c **** 
  66:Core/Src/usart.c ****   GPIO_InitTypeDef GPIO_InitStruct = {0};
 119              		.loc 1 66 3 is_stmt 1 view .LVU29
 120              		.loc 1 66 20 is_stmt 0 view .LVU30
 121 0006 0021     		movs	r1, #0
 122 0008 1D91     		str	r1, [sp, #116]
 123 000a 1E91     		str	r1, [sp, #120]
 124 000c 1F91     		str	r1, [sp, #124]
 125 000e 2091     		str	r1, [sp, #128]
 126 0010 2191     		str	r1, [sp, #132]
  67:Core/Src/usart.c ****   RCC_PeriphCLKInitTypeDef PeriphClkInit = {0};
 127              		.loc 1 67 3 is_stmt 1 view .LVU31
 128              		.loc 1 67 28 is_stmt 0 view .LVU32
 129 0012 6822     		movs	r2, #104
 130 0014 03A8     		add	r0, sp, #12
 131              	.LVL3:
 132              		.loc 1 67 28 view .LVU33
 133 0016 FFF7FEFF 		bl	memset
 134              	.LVL4:
  68:Core/Src/usart.c ****   if(uartHandle->Instance==USART2)
 135              		.loc 1 68 3 is_stmt 1 view .LVU34
 136              		.loc 1 68 16 is_stmt 0 view .LVU35
 137 001a 2268     		ldr	r2, [r4]
 138              		.loc 1 68 5 view .LVU36
 139 001c 354B     		ldr	r3, .L17
 140 001e 9A42     		cmp	r2, r3
 141 0020 01D0     		beq	.L13
 142              	.L7:
  69:Core/Src/usart.c ****   {
  70:Core/Src/usart.c ****   /* USER CODE BEGIN USART2_MspInit 0 */
  71:Core/Src/usart.c **** 
  72:Core/Src/usart.c ****   /* USER CODE END USART2_MspInit 0 */
  73:Core/Src/usart.c **** 
  74:Core/Src/usart.c ****   /** Initializes the peripherals clock
  75:Core/Src/usart.c ****   */
  76:Core/Src/usart.c ****     PeriphClkInit.PeriphClockSelection = RCC_PERIPHCLK_USART2;
  77:Core/Src/usart.c ****     PeriphClkInit.Usart2ClockSelection = RCC_USART2CLKSOURCE_PCLK1;
  78:Core/Src/usart.c ****     if (HAL_RCCEx_PeriphCLKConfig(&PeriphClkInit) != HAL_OK)
  79:Core/Src/usart.c ****     {
  80:Core/Src/usart.c ****       Error_Handler();
  81:Core/Src/usart.c ****     }
  82:Core/Src/usart.c **** 
  83:Core/Src/usart.c ****     /* USART2 clock enable */
  84:Core/Src/usart.c ****     __HAL_RCC_USART2_CLK_ENABLE();
  85:Core/Src/usart.c **** 
  86:Core/Src/usart.c ****     __HAL_RCC_GPIOA_CLK_ENABLE();
  87:Core/Src/usart.c ****     /**USART2 GPIO Configuration
  88:Core/Src/usart.c ****     PA2     ------> USART2_TX
ARM GAS  C:\Users\mathi\AppData\Local\Temp\ccwOqtqm.s 			page 5


  89:Core/Src/usart.c ****     PA3     ------> USART2_RX
  90:Core/Src/usart.c ****     */
  91:Core/Src/usart.c ****     GPIO_InitStruct.Pin = USART_TX_Pin|USART_RX_Pin;
  92:Core/Src/usart.c ****     GPIO_InitStruct.Mode = GPIO_MODE_AF_PP;
  93:Core/Src/usart.c ****     GPIO_InitStruct.Pull = GPIO_NOPULL;
  94:Core/Src/usart.c ****     GPIO_InitStruct.Speed = GPIO_SPEED_FREQ_VERY_HIGH;
  95:Core/Src/usart.c ****     GPIO_InitStruct.Alternate = GPIO_AF7_USART2;
  96:Core/Src/usart.c ****     HAL_GPIO_Init(GPIOA, &GPIO_InitStruct);
  97:Core/Src/usart.c **** 
  98:Core/Src/usart.c ****     /* USART2 DMA Init */
  99:Core/Src/usart.c ****     /* USART2_TX Init */
 100:Core/Src/usart.c ****     hdma_usart2_tx.Instance = DMA1_Channel7;
 101:Core/Src/usart.c ****     hdma_usart2_tx.Init.Request = DMA_REQUEST_2;
 102:Core/Src/usart.c ****     hdma_usart2_tx.Init.Direction = DMA_MEMORY_TO_PERIPH;
 103:Core/Src/usart.c ****     hdma_usart2_tx.Init.PeriphInc = DMA_PINC_DISABLE;
 104:Core/Src/usart.c ****     hdma_usart2_tx.Init.MemInc = DMA_MINC_ENABLE;
 105:Core/Src/usart.c ****     hdma_usart2_tx.Init.PeriphDataAlignment = DMA_PDATAALIGN_BYTE;
 106:Core/Src/usart.c ****     hdma_usart2_tx.Init.MemDataAlignment = DMA_MDATAALIGN_BYTE;
 107:Core/Src/usart.c ****     hdma_usart2_tx.Init.Mode = DMA_NORMAL;
 108:Core/Src/usart.c ****     hdma_usart2_tx.Init.Priority = DMA_PRIORITY_VERY_HIGH;
 109:Core/Src/usart.c ****     if (HAL_DMA_Init(&hdma_usart2_tx) != HAL_OK)
 110:Core/Src/usart.c ****     {
 111:Core/Src/usart.c ****       Error_Handler();
 112:Core/Src/usart.c ****     }
 113:Core/Src/usart.c **** 
 114:Core/Src/usart.c ****     __HAL_LINKDMA(uartHandle,hdmatx,hdma_usart2_tx);
 115:Core/Src/usart.c **** 
 116:Core/Src/usart.c ****     /* USART2_RX Init */
 117:Core/Src/usart.c ****     hdma_usart2_rx.Instance = DMA1_Channel6;
 118:Core/Src/usart.c ****     hdma_usart2_rx.Init.Request = DMA_REQUEST_2;
 119:Core/Src/usart.c ****     hdma_usart2_rx.Init.Direction = DMA_PERIPH_TO_MEMORY;
 120:Core/Src/usart.c ****     hdma_usart2_rx.Init.PeriphInc = DMA_PINC_DISABLE;
 121:Core/Src/usart.c ****     hdma_usart2_rx.Init.MemInc = DMA_MINC_ENABLE;
 122:Core/Src/usart.c ****     hdma_usart2_rx.Init.PeriphDataAlignment = DMA_PDATAALIGN_BYTE;
 123:Core/Src/usart.c ****     hdma_usart2_rx.Init.MemDataAlignment = DMA_MDATAALIGN_BYTE;
 124:Core/Src/usart.c ****     hdma_usart2_rx.Init.Mode = DMA_CIRCULAR;
 125:Core/Src/usart.c ****     hdma_usart2_rx.Init.Priority = DMA_PRIORITY_VERY_HIGH;
 126:Core/Src/usart.c ****     if (HAL_DMA_Init(&hdma_usart2_rx) != HAL_OK)
 127:Core/Src/usart.c ****     {
 128:Core/Src/usart.c ****       Error_Handler();
 129:Core/Src/usart.c ****     }
 130:Core/Src/usart.c **** 
 131:Core/Src/usart.c ****     __HAL_LINKDMA(uartHandle,hdmarx,hdma_usart2_rx);
 132:Core/Src/usart.c **** 
 133:Core/Src/usart.c ****     /* USART2 interrupt Init */
 134:Core/Src/usart.c ****     HAL_NVIC_SetPriority(USART2_IRQn, 5, 0);
 135:Core/Src/usart.c ****     HAL_NVIC_EnableIRQ(USART2_IRQn);
 136:Core/Src/usart.c ****   /* USER CODE BEGIN USART2_MspInit 1 */
 137:Core/Src/usart.c **** 
 138:Core/Src/usart.c ****   /* USER CODE END USART2_MspInit 1 */
 139:Core/Src/usart.c ****   }
 140:Core/Src/usart.c **** }
 143              		.loc 1 140 1 view .LVU37
 144 0022 22B0     		add	sp, sp, #136
 145              		.cfi_remember_state
 146              		.cfi_def_cfa_offset 16
 147              		@ sp needed
ARM GAS  C:\Users\mathi\AppData\Local\Temp\ccwOqtqm.s 			page 6


 148 0024 70BD     		pop	{r4, r5, r6, pc}
 149              	.LVL5:
 150              	.L13:
 151              		.cfi_restore_state
  76:Core/Src/usart.c ****     PeriphClkInit.Usart2ClockSelection = RCC_USART2CLKSOURCE_PCLK1;
 152              		.loc 1 76 5 is_stmt 1 view .LVU38
  76:Core/Src/usart.c ****     PeriphClkInit.Usart2ClockSelection = RCC_USART2CLKSOURCE_PCLK1;
 153              		.loc 1 76 40 is_stmt 0 view .LVU39
 154 0026 0223     		movs	r3, #2
 155 0028 0393     		str	r3, [sp, #12]
  77:Core/Src/usart.c ****     if (HAL_RCCEx_PeriphCLKConfig(&PeriphClkInit) != HAL_OK)
 156              		.loc 1 77 5 is_stmt 1 view .LVU40
  78:Core/Src/usart.c ****     {
 157              		.loc 1 78 5 view .LVU41
  78:Core/Src/usart.c ****     {
 158              		.loc 1 78 9 is_stmt 0 view .LVU42
 159 002a 03A8     		add	r0, sp, #12
 160 002c FFF7FEFF 		bl	HAL_RCCEx_PeriphCLKConfig
 161              	.LVL6:
  78:Core/Src/usart.c ****     {
 162              		.loc 1 78 8 discriminator 1 view .LVU43
 163 0030 0028     		cmp	r0, #0
 164 0032 56D1     		bne	.L14
 165              	.L9:
  84:Core/Src/usart.c **** 
 166              		.loc 1 84 5 is_stmt 1 view .LVU44
 167              	.LBB2:
  84:Core/Src/usart.c **** 
 168              		.loc 1 84 5 view .LVU45
  84:Core/Src/usart.c **** 
 169              		.loc 1 84 5 view .LVU46
 170 0034 304B     		ldr	r3, .L17+4
 171 0036 9A6D     		ldr	r2, [r3, #88]
 172 0038 42F40032 		orr	r2, r2, #131072
 173 003c 9A65     		str	r2, [r3, #88]
  84:Core/Src/usart.c **** 
 174              		.loc 1 84 5 view .LVU47
 175 003e 9A6D     		ldr	r2, [r3, #88]
 176 0040 02F40032 		and	r2, r2, #131072
 177 0044 0192     		str	r2, [sp, #4]
  84:Core/Src/usart.c **** 
 178              		.loc 1 84 5 view .LVU48
 179 0046 019A     		ldr	r2, [sp, #4]
 180              	.LBE2:
  84:Core/Src/usart.c **** 
 181              		.loc 1 84 5 view .LVU49
  86:Core/Src/usart.c ****     /**USART2 GPIO Configuration
 182              		.loc 1 86 5 view .LVU50
 183              	.LBB3:
  86:Core/Src/usart.c ****     /**USART2 GPIO Configuration
 184              		.loc 1 86 5 view .LVU51
  86:Core/Src/usart.c ****     /**USART2 GPIO Configuration
 185              		.loc 1 86 5 view .LVU52
 186 0048 DA6C     		ldr	r2, [r3, #76]
 187 004a 42F00102 		orr	r2, r2, #1
 188 004e DA64     		str	r2, [r3, #76]
  86:Core/Src/usart.c ****     /**USART2 GPIO Configuration
ARM GAS  C:\Users\mathi\AppData\Local\Temp\ccwOqtqm.s 			page 7


 189              		.loc 1 86 5 view .LVU53
 190 0050 DB6C     		ldr	r3, [r3, #76]
 191 0052 03F00103 		and	r3, r3, #1
 192 0056 0293     		str	r3, [sp, #8]
  86:Core/Src/usart.c ****     /**USART2 GPIO Configuration
 193              		.loc 1 86 5 view .LVU54
 194 0058 029B     		ldr	r3, [sp, #8]
 195              	.LBE3:
  86:Core/Src/usart.c ****     /**USART2 GPIO Configuration
 196              		.loc 1 86 5 view .LVU55
  91:Core/Src/usart.c ****     GPIO_InitStruct.Mode = GPIO_MODE_AF_PP;
 197              		.loc 1 91 5 view .LVU56
  91:Core/Src/usart.c ****     GPIO_InitStruct.Mode = GPIO_MODE_AF_PP;
 198              		.loc 1 91 25 is_stmt 0 view .LVU57
 199 005a 0C23     		movs	r3, #12
 200 005c 1D93     		str	r3, [sp, #116]
  92:Core/Src/usart.c ****     GPIO_InitStruct.Pull = GPIO_NOPULL;
 201              		.loc 1 92 5 is_stmt 1 view .LVU58
  92:Core/Src/usart.c ****     GPIO_InitStruct.Pull = GPIO_NOPULL;
 202              		.loc 1 92 26 is_stmt 0 view .LVU59
 203 005e 0226     		movs	r6, #2
 204 0060 1E96     		str	r6, [sp, #120]
  93:Core/Src/usart.c ****     GPIO_InitStruct.Speed = GPIO_SPEED_FREQ_VERY_HIGH;
 205              		.loc 1 93 5 is_stmt 1 view .LVU60
  93:Core/Src/usart.c ****     GPIO_InitStruct.Speed = GPIO_SPEED_FREQ_VERY_HIGH;
 206              		.loc 1 93 26 is_stmt 0 view .LVU61
 207 0062 0025     		movs	r5, #0
 208 0064 1F95     		str	r5, [sp, #124]
  94:Core/Src/usart.c ****     GPIO_InitStruct.Alternate = GPIO_AF7_USART2;
 209              		.loc 1 94 5 is_stmt 1 view .LVU62
  94:Core/Src/usart.c ****     GPIO_InitStruct.Alternate = GPIO_AF7_USART2;
 210              		.loc 1 94 27 is_stmt 0 view .LVU63
 211 0066 0323     		movs	r3, #3
 212 0068 2093     		str	r3, [sp, #128]
  95:Core/Src/usart.c ****     HAL_GPIO_Init(GPIOA, &GPIO_InitStruct);
 213              		.loc 1 95 5 is_stmt 1 view .LVU64
  95:Core/Src/usart.c ****     HAL_GPIO_Init(GPIOA, &GPIO_InitStruct);
 214              		.loc 1 95 31 is_stmt 0 view .LVU65
 215 006a 0723     		movs	r3, #7
 216 006c 2193     		str	r3, [sp, #132]
  96:Core/Src/usart.c **** 
 217              		.loc 1 96 5 is_stmt 1 view .LVU66
 218 006e 1DA9     		add	r1, sp, #116
 219 0070 4FF09040 		mov	r0, #1207959552
 220 0074 FFF7FEFF 		bl	HAL_GPIO_Init
 221              	.LVL7:
 100:Core/Src/usart.c ****     hdma_usart2_tx.Init.Request = DMA_REQUEST_2;
 222              		.loc 1 100 5 view .LVU67
 100:Core/Src/usart.c ****     hdma_usart2_tx.Init.Request = DMA_REQUEST_2;
 223              		.loc 1 100 29 is_stmt 0 view .LVU68
 224 0078 2048     		ldr	r0, .L17+8
 225 007a 214B     		ldr	r3, .L17+12
 226 007c 0360     		str	r3, [r0]
 101:Core/Src/usart.c ****     hdma_usart2_tx.Init.Direction = DMA_MEMORY_TO_PERIPH;
 227              		.loc 1 101 5 is_stmt 1 view .LVU69
 101:Core/Src/usart.c ****     hdma_usart2_tx.Init.Direction = DMA_MEMORY_TO_PERIPH;
 228              		.loc 1 101 33 is_stmt 0 view .LVU70
ARM GAS  C:\Users\mathi\AppData\Local\Temp\ccwOqtqm.s 			page 8


 229 007e 4660     		str	r6, [r0, #4]
 102:Core/Src/usart.c ****     hdma_usart2_tx.Init.PeriphInc = DMA_PINC_DISABLE;
 230              		.loc 1 102 5 is_stmt 1 view .LVU71
 102:Core/Src/usart.c ****     hdma_usart2_tx.Init.PeriphInc = DMA_PINC_DISABLE;
 231              		.loc 1 102 35 is_stmt 0 view .LVU72
 232 0080 1023     		movs	r3, #16
 233 0082 8360     		str	r3, [r0, #8]
 103:Core/Src/usart.c ****     hdma_usart2_tx.Init.MemInc = DMA_MINC_ENABLE;
 234              		.loc 1 103 5 is_stmt 1 view .LVU73
 103:Core/Src/usart.c ****     hdma_usart2_tx.Init.MemInc = DMA_MINC_ENABLE;
 235              		.loc 1 103 35 is_stmt 0 view .LVU74
 236 0084 C560     		str	r5, [r0, #12]
 104:Core/Src/usart.c ****     hdma_usart2_tx.Init.PeriphDataAlignment = DMA_PDATAALIGN_BYTE;
 237              		.loc 1 104 5 is_stmt 1 view .LVU75
 104:Core/Src/usart.c ****     hdma_usart2_tx.Init.PeriphDataAlignment = DMA_PDATAALIGN_BYTE;
 238              		.loc 1 104 32 is_stmt 0 view .LVU76
 239 0086 8023     		movs	r3, #128
 240 0088 0361     		str	r3, [r0, #16]
 105:Core/Src/usart.c ****     hdma_usart2_tx.Init.MemDataAlignment = DMA_MDATAALIGN_BYTE;
 241              		.loc 1 105 5 is_stmt 1 view .LVU77
 105:Core/Src/usart.c ****     hdma_usart2_tx.Init.MemDataAlignment = DMA_MDATAALIGN_BYTE;
 242              		.loc 1 105 45 is_stmt 0 view .LVU78
 243 008a 4561     		str	r5, [r0, #20]
 106:Core/Src/usart.c ****     hdma_usart2_tx.Init.Mode = DMA_NORMAL;
 244              		.loc 1 106 5 is_stmt 1 view .LVU79
 106:Core/Src/usart.c ****     hdma_usart2_tx.Init.Mode = DMA_NORMAL;
 245              		.loc 1 106 42 is_stmt 0 view .LVU80
 246 008c 8561     		str	r5, [r0, #24]
 107:Core/Src/usart.c ****     hdma_usart2_tx.Init.Priority = DMA_PRIORITY_VERY_HIGH;
 247              		.loc 1 107 5 is_stmt 1 view .LVU81
 107:Core/Src/usart.c ****     hdma_usart2_tx.Init.Priority = DMA_PRIORITY_VERY_HIGH;
 248              		.loc 1 107 30 is_stmt 0 view .LVU82
 249 008e C561     		str	r5, [r0, #28]
 108:Core/Src/usart.c ****     if (HAL_DMA_Init(&hdma_usart2_tx) != HAL_OK)
 250              		.loc 1 108 5 is_stmt 1 view .LVU83
 108:Core/Src/usart.c ****     if (HAL_DMA_Init(&hdma_usart2_tx) != HAL_OK)
 251              		.loc 1 108 34 is_stmt 0 view .LVU84
 252 0090 4FF44053 		mov	r3, #12288
 253 0094 0362     		str	r3, [r0, #32]
 109:Core/Src/usart.c ****     {
 254              		.loc 1 109 5 is_stmt 1 view .LVU85
 109:Core/Src/usart.c ****     {
 255              		.loc 1 109 9 is_stmt 0 view .LVU86
 256 0096 FFF7FEFF 		bl	HAL_DMA_Init
 257              	.LVL8:
 109:Core/Src/usart.c ****     {
 258              		.loc 1 109 8 discriminator 1 view .LVU87
 259 009a 28BB     		cbnz	r0, .L15
 260              	.L10:
 114:Core/Src/usart.c **** 
 261              		.loc 1 114 5 is_stmt 1 view .LVU88
 114:Core/Src/usart.c **** 
 262              		.loc 1 114 5 view .LVU89
 263 009c 174B     		ldr	r3, .L17+8
 264 009e 2367     		str	r3, [r4, #112]
 114:Core/Src/usart.c **** 
 265              		.loc 1 114 5 view .LVU90
ARM GAS  C:\Users\mathi\AppData\Local\Temp\ccwOqtqm.s 			page 9


 266 00a0 9C62     		str	r4, [r3, #40]
 114:Core/Src/usart.c **** 
 267              		.loc 1 114 5 view .LVU91
 117:Core/Src/usart.c ****     hdma_usart2_rx.Init.Request = DMA_REQUEST_2;
 268              		.loc 1 117 5 view .LVU92
 117:Core/Src/usart.c ****     hdma_usart2_rx.Init.Request = DMA_REQUEST_2;
 269              		.loc 1 117 29 is_stmt 0 view .LVU93
 270 00a2 1848     		ldr	r0, .L17+16
 271 00a4 184B     		ldr	r3, .L17+20
 272 00a6 0360     		str	r3, [r0]
 118:Core/Src/usart.c ****     hdma_usart2_rx.Init.Direction = DMA_PERIPH_TO_MEMORY;
 273              		.loc 1 118 5 is_stmt 1 view .LVU94
 118:Core/Src/usart.c ****     hdma_usart2_rx.Init.Direction = DMA_PERIPH_TO_MEMORY;
 274              		.loc 1 118 33 is_stmt 0 view .LVU95
 275 00a8 0223     		movs	r3, #2
 276 00aa 4360     		str	r3, [r0, #4]
 119:Core/Src/usart.c ****     hdma_usart2_rx.Init.PeriphInc = DMA_PINC_DISABLE;
 277              		.loc 1 119 5 is_stmt 1 view .LVU96
 119:Core/Src/usart.c ****     hdma_usart2_rx.Init.PeriphInc = DMA_PINC_DISABLE;
 278              		.loc 1 119 35 is_stmt 0 view .LVU97
 279 00ac 0023     		movs	r3, #0
 280 00ae 8360     		str	r3, [r0, #8]
 120:Core/Src/usart.c ****     hdma_usart2_rx.Init.MemInc = DMA_MINC_ENABLE;
 281              		.loc 1 120 5 is_stmt 1 view .LVU98
 120:Core/Src/usart.c ****     hdma_usart2_rx.Init.MemInc = DMA_MINC_ENABLE;
 282              		.loc 1 120 35 is_stmt 0 view .LVU99
 283 00b0 C360     		str	r3, [r0, #12]
 121:Core/Src/usart.c ****     hdma_usart2_rx.Init.PeriphDataAlignment = DMA_PDATAALIGN_BYTE;
 284              		.loc 1 121 5 is_stmt 1 view .LVU100
 121:Core/Src/usart.c ****     hdma_usart2_rx.Init.PeriphDataAlignment = DMA_PDATAALIGN_BYTE;
 285              		.loc 1 121 32 is_stmt 0 view .LVU101
 286 00b2 8022     		movs	r2, #128
 287 00b4 0261     		str	r2, [r0, #16]
 122:Core/Src/usart.c ****     hdma_usart2_rx.Init.MemDataAlignment = DMA_MDATAALIGN_BYTE;
 288              		.loc 1 122 5 is_stmt 1 view .LVU102
 122:Core/Src/usart.c ****     hdma_usart2_rx.Init.MemDataAlignment = DMA_MDATAALIGN_BYTE;
 289              		.loc 1 122 45 is_stmt 0 view .LVU103
 290 00b6 4361     		str	r3, [r0, #20]
 123:Core/Src/usart.c ****     hdma_usart2_rx.Init.Mode = DMA_CIRCULAR;
 291              		.loc 1 123 5 is_stmt 1 view .LVU104
 123:Core/Src/usart.c ****     hdma_usart2_rx.Init.Mode = DMA_CIRCULAR;
 292              		.loc 1 123 42 is_stmt 0 view .LVU105
 293 00b8 8361     		str	r3, [r0, #24]
 124:Core/Src/usart.c ****     hdma_usart2_rx.Init.Priority = DMA_PRIORITY_VERY_HIGH;
 294              		.loc 1 124 5 is_stmt 1 view .LVU106
 124:Core/Src/usart.c ****     hdma_usart2_rx.Init.Priority = DMA_PRIORITY_VERY_HIGH;
 295              		.loc 1 124 30 is_stmt 0 view .LVU107
 296 00ba 2023     		movs	r3, #32
 297 00bc C361     		str	r3, [r0, #28]
 125:Core/Src/usart.c ****     if (HAL_DMA_Init(&hdma_usart2_rx) != HAL_OK)
 298              		.loc 1 125 5 is_stmt 1 view .LVU108
 125:Core/Src/usart.c ****     if (HAL_DMA_Init(&hdma_usart2_rx) != HAL_OK)
 299              		.loc 1 125 34 is_stmt 0 view .LVU109
 300 00be 4FF44053 		mov	r3, #12288
 301 00c2 0362     		str	r3, [r0, #32]
 126:Core/Src/usart.c ****     {
 302              		.loc 1 126 5 is_stmt 1 view .LVU110
ARM GAS  C:\Users\mathi\AppData\Local\Temp\ccwOqtqm.s 			page 10


 126:Core/Src/usart.c ****     {
 303              		.loc 1 126 9 is_stmt 0 view .LVU111
 304 00c4 FFF7FEFF 		bl	HAL_DMA_Init
 305              	.LVL9:
 126:Core/Src/usart.c ****     {
 306              		.loc 1 126 8 discriminator 1 view .LVU112
 307 00c8 88B9     		cbnz	r0, .L16
 308              	.L11:
 131:Core/Src/usart.c **** 
 309              		.loc 1 131 5 is_stmt 1 view .LVU113
 131:Core/Src/usart.c **** 
 310              		.loc 1 131 5 view .LVU114
 311 00ca 0E4B     		ldr	r3, .L17+16
 312 00cc 6367     		str	r3, [r4, #116]
 131:Core/Src/usart.c **** 
 313              		.loc 1 131 5 view .LVU115
 314 00ce 9C62     		str	r4, [r3, #40]
 131:Core/Src/usart.c **** 
 315              		.loc 1 131 5 view .LVU116
 134:Core/Src/usart.c ****     HAL_NVIC_EnableIRQ(USART2_IRQn);
 316              		.loc 1 134 5 view .LVU117
 317 00d0 0022     		movs	r2, #0
 318 00d2 0521     		movs	r1, #5
 319 00d4 2620     		movs	r0, #38
 320 00d6 FFF7FEFF 		bl	HAL_NVIC_SetPriority
 321              	.LVL10:
 135:Core/Src/usart.c ****   /* USER CODE BEGIN USART2_MspInit 1 */
 322              		.loc 1 135 5 view .LVU118
 323 00da 2620     		movs	r0, #38
 324 00dc FFF7FEFF 		bl	HAL_NVIC_EnableIRQ
 325              	.LVL11:
 326              		.loc 1 140 1 is_stmt 0 view .LVU119
 327 00e0 9FE7     		b	.L7
 328              	.L14:
  80:Core/Src/usart.c ****     }
 329              		.loc 1 80 7 is_stmt 1 view .LVU120
 330 00e2 FFF7FEFF 		bl	Error_Handler
 331              	.LVL12:
 332 00e6 A5E7     		b	.L9
 333              	.L15:
 111:Core/Src/usart.c ****     }
 334              		.loc 1 111 7 view .LVU121
 335 00e8 FFF7FEFF 		bl	Error_Handler
 336              	.LVL13:
 337 00ec D6E7     		b	.L10
 338              	.L16:
 128:Core/Src/usart.c ****     }
 339              		.loc 1 128 7 view .LVU122
 340 00ee FFF7FEFF 		bl	Error_Handler
 341              	.LVL14:
 342 00f2 EAE7     		b	.L11
 343              	.L18:
 344              		.align	2
 345              	.L17:
 346 00f4 00440040 		.word	1073759232
 347 00f8 00100240 		.word	1073876992
 348 00fc 00000000 		.word	hdma_usart2_tx
ARM GAS  C:\Users\mathi\AppData\Local\Temp\ccwOqtqm.s 			page 11


 349 0100 80000240 		.word	1073873024
 350 0104 00000000 		.word	hdma_usart2_rx
 351 0108 6C000240 		.word	1073873004
 352              		.cfi_endproc
 353              	.LFE293:
 355              		.section	.text.HAL_UART_MspDeInit,"ax",%progbits
 356              		.align	1
 357              		.global	HAL_UART_MspDeInit
 358              		.syntax unified
 359              		.thumb
 360              		.thumb_func
 362              	HAL_UART_MspDeInit:
 363              	.LVL15:
 364              	.LFB294:
 141:Core/Src/usart.c **** 
 142:Core/Src/usart.c **** void HAL_UART_MspDeInit(UART_HandleTypeDef* uartHandle)
 143:Core/Src/usart.c **** {
 365              		.loc 1 143 1 view -0
 366              		.cfi_startproc
 367              		@ args = 0, pretend = 0, frame = 0
 368              		@ frame_needed = 0, uses_anonymous_args = 0
 144:Core/Src/usart.c **** 
 145:Core/Src/usart.c ****   if(uartHandle->Instance==USART2)
 369              		.loc 1 145 3 view .LVU124
 370              		.loc 1 145 16 is_stmt 0 view .LVU125
 371 0000 0268     		ldr	r2, [r0]
 372              		.loc 1 145 5 view .LVU126
 373 0002 0D4B     		ldr	r3, .L26
 374 0004 9A42     		cmp	r2, r3
 375 0006 00D0     		beq	.L25
 376 0008 7047     		bx	lr
 377              	.L25:
 143:Core/Src/usart.c **** 
 378              		.loc 1 143 1 view .LVU127
 379 000a 10B5     		push	{r4, lr}
 380              		.cfi_def_cfa_offset 8
 381              		.cfi_offset 4, -8
 382              		.cfi_offset 14, -4
 383 000c 0446     		mov	r4, r0
 146:Core/Src/usart.c ****   {
 147:Core/Src/usart.c ****   /* USER CODE BEGIN USART2_MspDeInit 0 */
 148:Core/Src/usart.c **** 
 149:Core/Src/usart.c ****   /* USER CODE END USART2_MspDeInit 0 */
 150:Core/Src/usart.c ****     /* Peripheral clock disable */
 151:Core/Src/usart.c ****     __HAL_RCC_USART2_CLK_DISABLE();
 384              		.loc 1 151 5 is_stmt 1 view .LVU128
 385 000e 0B4A     		ldr	r2, .L26+4
 386 0010 936D     		ldr	r3, [r2, #88]
 387 0012 23F40033 		bic	r3, r3, #131072
 388 0016 9365     		str	r3, [r2, #88]
 152:Core/Src/usart.c **** 
 153:Core/Src/usart.c ****     /**USART2 GPIO Configuration
 154:Core/Src/usart.c ****     PA2     ------> USART2_TX
 155:Core/Src/usart.c ****     PA3     ------> USART2_RX
 156:Core/Src/usart.c ****     */
 157:Core/Src/usart.c ****     HAL_GPIO_DeInit(GPIOA, USART_TX_Pin|USART_RX_Pin);
 389              		.loc 1 157 5 view .LVU129
ARM GAS  C:\Users\mathi\AppData\Local\Temp\ccwOqtqm.s 			page 12


 390 0018 0C21     		movs	r1, #12
 391 001a 4FF09040 		mov	r0, #1207959552
 392              	.LVL16:
 393              		.loc 1 157 5 is_stmt 0 view .LVU130
 394 001e FFF7FEFF 		bl	HAL_GPIO_DeInit
 395              	.LVL17:
 158:Core/Src/usart.c **** 
 159:Core/Src/usart.c ****     /* USART2 DMA DeInit */
 160:Core/Src/usart.c ****     HAL_DMA_DeInit(uartHandle->hdmatx);
 396              		.loc 1 160 5 is_stmt 1 view .LVU131
 397 0022 206F     		ldr	r0, [r4, #112]
 398 0024 FFF7FEFF 		bl	HAL_DMA_DeInit
 399              	.LVL18:
 161:Core/Src/usart.c ****     HAL_DMA_DeInit(uartHandle->hdmarx);
 400              		.loc 1 161 5 view .LVU132
 401 0028 606F     		ldr	r0, [r4, #116]
 402 002a FFF7FEFF 		bl	HAL_DMA_DeInit
 403              	.LVL19:
 162:Core/Src/usart.c **** 
 163:Core/Src/usart.c ****     /* USART2 interrupt Deinit */
 164:Core/Src/usart.c ****     HAL_NVIC_DisableIRQ(USART2_IRQn);
 404              		.loc 1 164 5 view .LVU133
 405 002e 2620     		movs	r0, #38
 406 0030 FFF7FEFF 		bl	HAL_NVIC_DisableIRQ
 407              	.LVL20:
 165:Core/Src/usart.c ****   /* USER CODE BEGIN USART2_MspDeInit 1 */
 166:Core/Src/usart.c **** 
 167:Core/Src/usart.c ****   /* USER CODE END USART2_MspDeInit 1 */
 168:Core/Src/usart.c ****   }
 169:Core/Src/usart.c **** }
 408              		.loc 1 169 1 is_stmt 0 view .LVU134
 409 0034 10BD     		pop	{r4, pc}
 410              	.LVL21:
 411              	.L27:
 412              		.loc 1 169 1 view .LVU135
 413 0036 00BF     		.align	2
 414              	.L26:
 415 0038 00440040 		.word	1073759232
 416 003c 00100240 		.word	1073876992
 417              		.cfi_endproc
 418              	.LFE294:
 420              		.global	hdma_usart2_rx
 421              		.section	.bss.hdma_usart2_rx,"aw",%nobits
 422              		.align	2
 425              	hdma_usart2_rx:
 426 0000 00000000 		.space	72
 426      00000000 
 426      00000000 
 426      00000000 
 426      00000000 
 427              		.global	hdma_usart2_tx
 428              		.section	.bss.hdma_usart2_tx,"aw",%nobits
 429              		.align	2
 432              	hdma_usart2_tx:
 433 0000 00000000 		.space	72
 433      00000000 
 433      00000000 
ARM GAS  C:\Users\mathi\AppData\Local\Temp\ccwOqtqm.s 			page 13


 433      00000000 
 433      00000000 
 434              		.global	huart2
 435              		.section	.bss.huart2,"aw",%nobits
 436              		.align	2
 439              	huart2:
 440 0000 00000000 		.space	136
 440      00000000 
 440      00000000 
 440      00000000 
 440      00000000 
 441              		.text
 442              	.Letext0:
 443              		.file 2 "Drivers/CMSIS/Device/ST/STM32L4xx/Include/stm32l452xx.h"
 444              		.file 3 "C:/Users/mathi/AppData/Roaming/Code/User/globalStorage/bmd.stm32-for-vscode/@xpack-dev-to
 445              		.file 4 "C:/Users/mathi/AppData/Roaming/Code/User/globalStorage/bmd.stm32-for-vscode/@xpack-dev-to
 446              		.file 5 "Drivers/STM32L4xx_HAL_Driver/Inc/stm32l4xx_hal_def.h"
 447              		.file 6 "Drivers/STM32L4xx_HAL_Driver/Inc/stm32l4xx_hal_rcc_ex.h"
 448              		.file 7 "Drivers/STM32L4xx_HAL_Driver/Inc/stm32l4xx_hal_gpio.h"
 449              		.file 8 "Drivers/STM32L4xx_HAL_Driver/Inc/stm32l4xx_hal_dma.h"
 450              		.file 9 "Drivers/STM32L4xx_HAL_Driver/Inc/stm32l4xx_hal_uart.h"
 451              		.file 10 "Core/Inc/usart.h"
 452              		.file 11 "Drivers/STM32L4xx_HAL_Driver/Inc/stm32l4xx_hal_cortex.h"
 453              		.file 12 "Core/Inc/main.h"
 454              		.file 13 "<built-in>"
ARM GAS  C:\Users\mathi\AppData\Local\Temp\ccwOqtqm.s 			page 14


DEFINED SYMBOLS
                            *ABS*:00000000 usart.c
C:\Users\mathi\AppData\Local\Temp\ccwOqtqm.s:21     .text.MX_USART2_UART_Init:00000000 $t
C:\Users\mathi\AppData\Local\Temp\ccwOqtqm.s:27     .text.MX_USART2_UART_Init:00000000 MX_USART2_UART_Init
C:\Users\mathi\AppData\Local\Temp\ccwOqtqm.s:90     .text.MX_USART2_UART_Init:00000030 $d
C:\Users\mathi\AppData\Local\Temp\ccwOqtqm.s:439    .bss.huart2:00000000 huart2
C:\Users\mathi\AppData\Local\Temp\ccwOqtqm.s:96     .text.HAL_UART_MspInit:00000000 $t
C:\Users\mathi\AppData\Local\Temp\ccwOqtqm.s:102    .text.HAL_UART_MspInit:00000000 HAL_UART_MspInit
C:\Users\mathi\AppData\Local\Temp\ccwOqtqm.s:346    .text.HAL_UART_MspInit:000000f4 $d
C:\Users\mathi\AppData\Local\Temp\ccwOqtqm.s:432    .bss.hdma_usart2_tx:00000000 hdma_usart2_tx
C:\Users\mathi\AppData\Local\Temp\ccwOqtqm.s:425    .bss.hdma_usart2_rx:00000000 hdma_usart2_rx
C:\Users\mathi\AppData\Local\Temp\ccwOqtqm.s:356    .text.HAL_UART_MspDeInit:00000000 $t
C:\Users\mathi\AppData\Local\Temp\ccwOqtqm.s:362    .text.HAL_UART_MspDeInit:00000000 HAL_UART_MspDeInit
C:\Users\mathi\AppData\Local\Temp\ccwOqtqm.s:415    .text.HAL_UART_MspDeInit:00000038 $d
C:\Users\mathi\AppData\Local\Temp\ccwOqtqm.s:422    .bss.hdma_usart2_rx:00000000 $d
C:\Users\mathi\AppData\Local\Temp\ccwOqtqm.s:429    .bss.hdma_usart2_tx:00000000 $d
C:\Users\mathi\AppData\Local\Temp\ccwOqtqm.s:436    .bss.huart2:00000000 $d

UNDEFINED SYMBOLS
HAL_UART_Init
Error_Handler
memset
HAL_RCCEx_PeriphCLKConfig
HAL_GPIO_Init
HAL_DMA_Init
HAL_NVIC_SetPriority
HAL_NVIC_EnableIRQ
HAL_GPIO_DeInit
HAL_DMA_DeInit
HAL_NVIC_DisableIRQ
